<?xml version="1.0" encoding="UTF-8"?>
<coverage generated="1790332097840" clover="3.2.0">
  <project timestamp="1790332097840" name="All files">
    <metrics statements="1510" coveredstatements="572" conditionals="1341" coveredconditionals="519" methods="495" coveredmethods="156" elements="3346" coveredelements="1247" complexity="0" loc="1510" ncloc="1510" packages="6" files="30" classes="30"/>
    <package name="lib">
      <metrics statements="424" coveredstatements="94" conditionals="363" coveredconditionals="59" methods="120" coveredmethods="21"/>
      <file name="api.ts" path="C:\Users\zenja\OneDrive\Desktop\RANDOM CODE\WEB APPLICATION\POS System\POS-APP\app\lib\api.ts">
        <metrics statements="256" coveredstatements="8" conditionals="229" coveredconditionals="0" methods="63" coveredmethods="1"/>
        <line num="22" count="2" type="stmt"/>
        <line num="24" count="0" type="stmt"/>
        <line num="25" count="0" type="stmt"/>
        <line num="26" count="0" type="stmt"/>
        <line num="33" count="0" type="cond" truecount="0" falsecount="2"/>
        <line num="34" count="0" type="stmt"/>
        <line num="43" count="0" type="stmt"/>
        <line num="47" count="0" type="stmt"/>
        <line num="48" count="0" type="stmt"/>
        <line num="53" count="0" type="stmt"/>
        <line num="54" count="0" type="stmt"/>
        <line num="58" count="0" type="stmt"/>
        <line num="59" count="0" type="stmt"/>
        <line num="60" count="0" type="stmt"/>
        <line num="61" count="0" type="stmt"/>
        <line num="63" count="0" type="cond" truecount="0" falsecount="2"/>
        <line num="65" count="0" type="cond" truecount="0" falsecount="4"/>
        <line num="66" count="0" type="stmt"/>
        <line num="67" count="0" type="stmt"/>
        <line num="68" count="0" type="stmt"/>
        <line num="71" count="0" type="stmt"/>
        <line num="76" count="0" type="cond" truecount="0" falsecount="2"/>
        <line num="77" count="0" type="stmt"/>
        <line num="79" count="0" type="stmt"/>
        <line num="83" count="0" type="stmt"/>
        <line num="84" count="0" type="stmt"/>
        <line num="88" count="0" type="stmt"/>
        <line num="93" count="0" type="stmt"/>
        <line num="94" count="0" type="stmt"/>
        <line num="107" count="0" type="stmt"/>
        <line num="108" count="0" type="stmt"/>
        <line num="113" count="0" type="stmt"/>
        <line num="114" count="0" type="cond" truecount="0" falsecount="2"/>
        <line num="116" count="0" type="cond" truecount="0" falsecount="4"/>
        <line num="117" count="0" type="stmt"/>
        <line num="118" count="0" type="stmt"/>
        <line num="120" count="0" type="cond" truecount="0" falsecount="5"/>
        <line num="121" count="0" type="stmt"/>
        <line num="123" count="0" type="stmt"/>
        <line num="132" count="2" type="stmt"/>
        <line num="135" count="0" type="stmt"/>
        <line num="136" count="0" type="stmt"/>
        <line num="137" count="0" type="cond" truecount="0" falsecount="2"/>
        <line num="138" count="0" type="stmt"/>
        <line num="139" count="0" type="cond" truecount="0" falsecount="5"/>
        <line num="141" count="0" type="stmt"/>
        <line num="146" count="0" type="stmt"/>
        <line num="147" count="0" type="cond" truecount="0" falsecount="2"/>
        <line num="148" count="0" type="stmt"/>
        <line num="172" count="0" type="cond" truecount="0" falsecount="2"/>
        <line num="179" count="0" type="cond" truecount="0" falsecount="2"/>
        <line num="180" count="0" type="cond" truecount="0" falsecount="2"/>
        <line num="181" count="0" type="cond" truecount="0" falsecount="2"/>
        <line num="183" count="0" type="stmt"/>
        <line num="184" count="0" type="cond" truecount="0" falsecount="2"/>
        <line num="187" count="0" type="stmt"/>
        <line num="188" count="0" type="cond" truecount="0" falsecount="7"/>
        <line num="190" count="0" type="stmt"/>
        <line num="191" count="0" type="stmt"/>
        <line num="192" count="0" type="stmt"/>
        <line num="193" count="0" type="stmt"/>
        <line num="203" count="0" type="stmt"/>
        <line num="204" count="0" type="stmt"/>
        <line num="205" count="0" type="stmt"/>
        <line num="206" count="0" type="stmt"/>
        <line num="208" count="0" type="cond" truecount="0" falsecount="2"/>
        <line num="209" count="0" type="stmt"/>
        <line num="210" count="0" type="stmt"/>
        <line num="211" count="0" type="cond" truecount="0" falsecount="4"/>
        <line num="213" count="0" type="cond" truecount="0" falsecount="4"/>
        <line num="214" count="0" type="stmt"/>
        <line num="219" count="0" type="stmt"/>
        <line num="220" count="0" type="cond" truecount="0" falsecount="2"/>
        <line num="221" count="0" type="stmt"/>
        <line num="222" count="0" type="stmt"/>
        <line num="224" count="0" type="cond" truecount="0" falsecount="2"/>
        <line num="225" count="0" type="stmt"/>
        <line num="226" count="0" type="stmt"/>
        <line num="227" count="0" type="cond" truecount="0" falsecount="4"/>
        <line num="228" count="0" type="stmt"/>
        <line num="230" count="0" type="stmt"/>
        <line num="231" count="0" type="stmt"/>
        <line num="240" count="0" type="stmt"/>
        <line num="241" count="0" type="stmt"/>
        <line num="243" count="0" type="stmt"/>
        <line num="248" count="0" type="stmt"/>
        <line num="249" count="0" type="cond" truecount="0" falsecount="2"/>
        <line num="250" count="0" type="stmt"/>
        <line num="251" count="0" type="stmt"/>
        <line num="252" count="0" type="stmt"/>
        <line num="254" count="0" type="cond" truecount="0" falsecount="2"/>
        <line num="255" count="0" type="stmt"/>
        <line num="256" count="0" type="stmt"/>
        <line num="257" count="0" type="cond" truecount="0" falsecount="4"/>
        <line num="258" count="0" type="stmt"/>
        <line num="260" count="0" type="stmt"/>
        <line num="268" count="0" type="stmt"/>
        <line num="269" count="0" type="stmt"/>
        <line num="271" count="0" type="stmt"/>
        <line num="277" count="0" type="stmt"/>
        <line num="278" count="0" type="stmt"/>
        <line num="279" count="0" type="stmt"/>
        <line num="280" count="0" type="cond" truecount="0" falsecount="2"/>
        <line num="282" count="0" type="cond" truecount="0" falsecount="2"/>
        <line num="283" count="0" type="stmt"/>
        <line num="284" count="0" type="stmt"/>
        <line num="286" count="0" type="stmt"/>
        <line num="298" count="0" type="stmt"/>
        <line num="299" count="0" type="cond" truecount="0" falsecount="2"/>
        <line num="300" count="0" type="cond" truecount="0" falsecount="2"/>
        <line num="301" count="0" type="cond" truecount="0" falsecount="2"/>
        <line num="302" count="0" type="cond" truecount="0" falsecount="2"/>
        <line num="303" count="0" type="stmt"/>
        <line num="304" count="0" type="stmt"/>
        <line num="305" count="0" type="stmt"/>
        <line num="306" count="0" type="stmt"/>
        <line num="307" count="0" type="stmt"/>
        <line num="309" count="0" type="cond" truecount="0" falsecount="2"/>
        <line num="310" count="0" type="stmt"/>
        <line num="311" count="0" type="stmt"/>
        <line num="312" count="0" type="cond" truecount="0" falsecount="2"/>
        <line num="313" count="0" type="cond" truecount="0" falsecount="2"/>
        <line num="314" count="0" type="stmt"/>
        <line num="315" count="0" type="stmt"/>
        <line num="317" count="0" type="cond" truecount="0" falsecount="3"/>
        <line num="322" count="0" type="cond" truecount="0" falsecount="4"/>
        <line num="324" count="0" type="stmt"/>
        <line num="329" count="0" type="stmt"/>
        <line num="330" count="0" type="stmt"/>
        <line num="332" count="0" type="cond" truecount="0" falsecount="2"/>
        <line num="333" count="0" type="cond" truecount="0" falsecount="4"/>
        <line num="335" count="0" type="stmt"/>
        <line num="351" count="0" type="stmt"/>
        <line num="355" count="0" type="stmt"/>
        <line num="359" count="0" type="stmt"/>
        <line num="374" count="0" type="stmt"/>
        <line num="390" count="0" type="stmt"/>
        <line num="391" count="0" type="stmt"/>
        <line num="394" count="0" type="stmt"/>
        <line num="395" count="0" type="stmt"/>
        <line num="397" count="0" type="cond" truecount="0" falsecount="2"/>
        <line num="399" count="0" type="stmt"/>
        <line num="400" count="0" type="stmt"/>
        <line num="401" count="0" type="stmt"/>
        <line num="402" count="0" type="cond" truecount="0" falsecount="2"/>
        <line num="403" count="0" type="stmt"/>
        <line num="413" count="0" type="stmt"/>
        <line num="414" count="0" type="stmt"/>
        <line num="415" count="0" type="stmt"/>
        <line num="416" count="0" type="cond" truecount="0" falsecount="2"/>
        <line num="417" count="0" type="stmt"/>
        <line num="419" count="0" type="cond" truecount="0" falsecount="2"/>
        <line num="420" count="0" type="stmt"/>
        <line num="421" count="0" type="stmt"/>
        <line num="435" count="0" type="stmt"/>
        <line num="443" count="0" type="stmt"/>
        <line num="445" count="0" type="stmt"/>
        <line num="459" count="0" type="stmt"/>
        <line num="460" count="0" type="cond" truecount="0" falsecount="2"/>
        <line num="461" count="0" type="cond" truecount="0" falsecount="2"/>
        <line num="462" count="0" type="cond" truecount="0" falsecount="2"/>
        <line num="463" count="0" type="cond" truecount="0" falsecount="2"/>
        <line num="464" count="0" type="cond" truecount="0" falsecount="2"/>
        <line num="465" count="0" type="cond" truecount="0" falsecount="2"/>
        <line num="466" count="0" type="cond" truecount="0" falsecount="2"/>
        <line num="467" count="0" type="cond" truecount="0" falsecount="2"/>
        <line num="468" count="0" type="stmt"/>
        <line num="469" count="0" type="stmt"/>
        <line num="470" count="0" type="stmt"/>
        <line num="471" count="0" type="stmt"/>
        <line num="473" count="0" type="cond" truecount="0" falsecount="2"/>
        <line num="474" count="0" type="stmt"/>
        <line num="475" count="0" type="stmt"/>
        <line num="476" count="0" type="cond" truecount="0" falsecount="2"/>
        <line num="477" count="0" type="cond" truecount="0" falsecount="2"/>
        <line num="478" count="0" type="stmt"/>
        <line num="479" count="0" type="stmt"/>
        <line num="481" count="0" type="cond" truecount="0" falsecount="2"/>
        <line num="482" count="0" type="stmt"/>
        <line num="483" count="0" type="cond" truecount="0" falsecount="2"/>
        <line num="485" count="0" type="cond" truecount="0" falsecount="2"/>
        <line num="486" count="0" type="stmt"/>
        <line num="487" count="0" type="cond" truecount="0" falsecount="2"/>
        <line num="489" count="0" type="cond" truecount="0" falsecount="2"/>
        <line num="490" count="0" type="cond" truecount="0" falsecount="2"/>
        <line num="491" count="0" type="cond" truecount="0" falsecount="4"/>
        <line num="493" count="0" type="stmt"/>
        <line num="498" count="0" type="stmt"/>
        <line num="499" count="0" type="stmt"/>
        <line num="501" count="0" type="cond" truecount="0" falsecount="2"/>
        <line num="502" count="0" type="stmt"/>
        <line num="503" count="0" type="cond" truecount="0" falsecount="2"/>
        <line num="505" count="0" type="stmt"/>
        <line num="510" count="0" type="stmt"/>
        <line num="511" count="0" type="cond" truecount="0" falsecount="2"/>
        <line num="512" count="0" type="stmt"/>
        <line num="517" count="0" type="stmt"/>
        <line num="518" count="0" type="cond" truecount="0" falsecount="2"/>
        <line num="519" count="0" type="stmt"/>
        <line num="520" count="0" type="stmt"/>
        <line num="521" count="0" type="stmt"/>
        <line num="522" count="0" type="stmt"/>
        <line num="524" count="0" type="cond" truecount="0" falsecount="2"/>
        <line num="525" count="0" type="stmt"/>
        <line num="526" count="0" type="stmt"/>
        <line num="527" count="0" type="cond" truecount="0" falsecount="2"/>
        <line num="528" count="0" type="stmt"/>
        <line num="529" count="0" type="stmt"/>
        <line num="530" count="0" type="cond" truecount="0" falsecount="4"/>
        <line num="533" count="0" type="stmt"/>
        <line num="535" count="0" type="stmt"/>
        <line num="541" count="0" type="stmt"/>
        <line num="542" count="0" type="stmt"/>
        <line num="543" count="0" type="stmt"/>
        <line num="544" count="0" type="stmt"/>
        <line num="545" count="0" type="stmt"/>
        <line num="555" count="0" type="cond" truecount="0" falsecount="5"/>
        <line num="556" count="0" type="stmt"/>
        <line num="557" count="0" type="stmt"/>
        <line num="558" count="0" type="stmt"/>
        <line num="563" count="0" type="stmt"/>
        <line num="575" count="0" type="stmt"/>
        <line num="578" count="0" type="stmt"/>
        <line num="583" count="0" type="stmt"/>
        <line num="584" count="0" type="stmt"/>
        <line num="586" count="0" type="stmt"/>
        <line num="591" count="16" type="stmt"/>
        <line num="592" count="16" type="stmt"/>
        <line num="593" count="16" type="stmt"/>
        <line num="595" count="0" type="stmt"/>
        <line num="597" count="16" type="stmt"/>
        <line num="598" count="16" type="stmt"/>
        <line num="599" count="0" type="stmt"/>
        <line num="601" count="16" type="stmt"/>
        <line num="607" count="0" type="stmt"/>
        <line num="608" count="0" type="cond" truecount="0" falsecount="2"/>
        <line num="609" count="0" type="stmt"/>
        <line num="610" count="0" type="stmt"/>
        <line num="611" count="0" type="stmt"/>
        <line num="614" count="0" type="stmt"/>
        <line num="615" count="0" type="cond" truecount="0" falsecount="2"/>
        <line num="616" count="0" type="stmt"/>
        <line num="617" count="0" type="stmt"/>
        <line num="618" count="0" type="cond" truecount="0" falsecount="4"/>
        <line num="621" count="0" type="stmt"/>
        <line num="626" count="0" type="stmt"/>
        <line num="630" count="0" type="stmt"/>
        <line num="634" count="0" type="stmt"/>
        <line num="638" count="0" type="stmt"/>
        <line num="646" count="0" type="stmt"/>
        <line num="647" count="0" type="stmt"/>
        <line num="648" count="0" type="stmt"/>
        <line num="649" count="0" type="stmt"/>
        <line num="654" count="0" type="cond" truecount="0" falsecount="4"/>
        <line num="656" count="0" type="stmt"/>
        <line num="658" count="0" type="stmt"/>
      </file>
      <file name="demoData.ts" path="C:\Users\zenja\OneDrive\Desktop\RANDOM CODE\WEB APPLICATION\POS System\POS-APP\app\lib\demoData.ts">
        <metrics statements="7" coveredstatements="7" conditionals="4" coveredconditionals="4" methods="1" coveredmethods="1"/>
        <line num="5" count="4" type="stmt"/>
        <line num="12" count="4" type="stmt"/>
        <line num="29" count="4" type="stmt"/>
        <line num="36" count="20" type="stmt"/>
        <line num="67" count="4" type="stmt"/>
        <line num="75" count="4" type="stmt"/>
        <line num="84" count="4" type="stmt"/>
      </file>
      <file name="discount.ts" path="C:\Users\zenja\OneDrive\Desktop\RANDOM CODE\WEB APPLICATION\POS System\POS-APP\app\lib\discount.ts">
        <metrics statements="11" coveredstatements="3" conditionals="18" coveredconditionals="5" methods="1" coveredmethods="1"/>
        <line num="19" count="7" type="cond" truecount="3" falsecount="1"/>
        <line num="20" count="7" type="cond" truecount="1" falsecount="1"/>
        <line num="21" count="0" type="cond" truecount="0" falsecount="2"/>
        <line num="25" count="0" type="cond" truecount="0" falsecount="2"/>
        <line num="26" count="0" type="stmt"/>
        <line num="27" count="0" type="cond" truecount="0" falsecount="2"/>
        <line num="28" count="0" type="cond" truecount="0" falsecount="2"/>
        <line num="29" count="0" type="stmt"/>
        <line num="31" count="0" type="cond" truecount="0" falsecount="2"/>
        <line num="32" count="7" type="cond" truecount="1" falsecount="1"/>
        <line num="33" count="0" type="stmt"/>
      </file>
      <file name="format.ts" path="C:\Users\zenja\OneDrive\Desktop\RANDOM CODE\WEB APPLICATION\POS System\POS-APP\app\lib\format.ts">
        <metrics statements="18" coveredstatements="9" conditionals="9" coveredconditionals="6" methods="9" coveredmethods="4"/>
        <line num="5" count="162" type="cond" truecount="1" falsecount="1"/>
        <line num="6" count="162" type="stmt"/>
        <line num="7" count="162" type="stmt"/>
        <line num="11" count="7" type="stmt"/>
        <line num="12" count="7" type="cond" truecount="1" falsecount="1"/>
        <line num="13" count="7" type="stmt"/>
        <line num="17" count="0" type="stmt"/>
        <line num="21" count="0" type="stmt"/>
        <line num="22" count="0" type="stmt"/>
        <line num="31" count="0" type="stmt"/>
        <line num="39" count="13" type="stmt"/>
        <line num="43" count="0" type="stmt"/>
        <line num="44" count="0" type="stmt"/>
        <line num="45" count="0" type="stmt"/>
        <line num="49" count="7" type="cond" truecount="3" falsecount="1"/>
        <line num="50" count="7" type="stmt"/>
        <line num="52" count="0" type="stmt"/>
        <line num="56" count="0" type="stmt"/>
      </file>
      <file name="httpClient.ts" path="C:\Users\zenja\OneDrive\Desktop\RANDOM CODE\WEB APPLICATION\POS System\POS-APP\app\lib\httpClient.ts">
        <metrics statements="73" coveredstatements="55" conditionals="61" coveredconditionals="41" methods="14" coveredmethods="10"/>
        <line num="6" count="7" type="stmt"/>
        <line num="7" count="7" type="stmt"/>
        <line num="10" count="111" type="cond" truecount="1" falsecount="1"/>
        <line num="11" count="111" type="cond" truecount="2" falsecount="0"/>
        <line num="12" count="111" type="cond" truecount="1" falsecount="1"/>
        <line num="13" count="111" type="stmt"/>
        <line num="17" count="13" type="stmt"/>
        <line num="18" count="13" type="stmt"/>
        <line num="20" count="0" type="stmt"/>
        <line num="25" count="1" type="stmt"/>
        <line num="26" count="1" type="stmt"/>
        <line num="28" count="0" type="stmt"/>
        <line num="33" count="1" type="stmt"/>
        <line num="34" count="1" type="cond" truecount="1" falsecount="1"/>
        <line num="35" count="1" type="stmt"/>
        <line num="36" count="1" type="cond" truecount="1" falsecount="1"/>
        <line num="37" count="1" type="stmt"/>
        <line num="44" count="1" type="stmt"/>
        <line num="52" count="24" type="stmt"/>
        <line num="53" count="24" type="stmt"/>
        <line num="54" count="24" type="stmt"/>
        <line num="55" count="24" type="stmt"/>
        <line num="68" count="7" type="stmt"/>
        <line num="71" count="1" type="cond" truecount="1" falsecount="1"/>
        <line num="72" count="1" type="stmt"/>
        <line num="73" count="1" type="stmt"/>
        <line num="74" count="1" type="cond" truecount="1" falsecount="1"/>
        <line num="75" count="0" type="stmt"/>
        <line num="76" count="0" type="stmt"/>
        <line num="81" count="0" type="cond" truecount="0" falsecount="2"/>
        <line num="82" count="0" type="stmt"/>
        <line num="83" count="0" type="stmt"/>
        <line num="84" count="0" type="stmt"/>
        <line num="86" count="0" type="stmt"/>
        <line num="88" count="0" type="stmt"/>
        <line num="91" count="1" type="stmt"/>
        <line num="95" count="19" type="cond" truecount="5" falsecount="0"/>
        <line num="96" count="19" type="stmt"/>
        <line num="98" count="19" type="stmt"/>
        <line num="99" count="19" type="cond" truecount="2" falsecount="0"/>
        <line num="100" count="19" type="cond" truecount="2" falsecount="0"/>
        <line num="101" count="1" type="stmt"/>
        <line num="102" count="1" type="cond" truecount="1" falsecount="1"/>
        <line num="106" count="19" type="stmt"/>
        <line num="107" count="19" type="stmt"/>
        <line num="113" count="16" type="stmt"/>
        <line num="116" count="3" type="cond" truecount="5" falsecount="0"/>
        <line num="117" count="1" type="stmt"/>
        <line num="118" count="1" type="cond" truecount="1" falsecount="1"/>
        <line num="119" count="1" type="stmt"/>
        <line num="120" count="1" type="stmt"/>
        <line num="123" count="2" type="cond" truecount="1" falsecount="1"/>
        <line num="125" count="2" type="stmt"/>
        <line num="126" count="2" type="stmt"/>
        <line num="127" count="2" type="cond" truecount="1" falsecount="1"/>
        <line num="128" count="0" type="stmt"/>
        <line num="129" count="2" type="cond" truecount="1" falsecount="1"/>
        <line num="130" count="0" type="stmt"/>
        <line num="132" count="2" type="stmt"/>
        <line num="135" count="0" type="stmt"/>
        <line num="138" count="2" type="cond" truecount="1" falsecount="1"/>
        <line num="139" count="2" type="cond" truecount="1" falsecount="1"/>
        <line num="140" count="2" type="cond" truecount="5" falsecount="0"/>
        <line num="141" count="1" type="cond" truecount="1" falsecount="1"/>
        <line num="142" count="1" type="stmt"/>
        <line num="151" count="1" type="stmt"/>
        <line num="158" count="0" type="stmt"/>
        <line num="166" count="7" type="stmt"/>
        <line num="168" count="0" type="stmt"/>
        <line num="170" count="1" type="stmt"/>
        <line num="172" count="0" type="stmt"/>
        <line num="174" count="0" type="stmt"/>
        <line num="176" count="0" type="stmt"/>
      </file>
      <file name="posRules.ts" path="C:\Users\zenja\OneDrive\Desktop\RANDOM CODE\WEB APPLICATION\POS System\POS-APP\app\lib\posRules.ts">
        <metrics statements="34" coveredstatements="10" conditionals="28" coveredconditionals="3" methods="24" coveredmethods="4"/>
        <line num="7" count="1" type="stmt"/>
        <line num="8" count="1" type="stmt"/>
        <line num="9" count="1" type="stmt"/>
        <line num="13" count="1" type="stmt"/>
        <line num="16" count="0" type="cond" truecount="0" falsecount="2"/>
        <line num="17" count="0" type="stmt"/>
        <line num="18" count="0" type="stmt"/>
        <line num="19" count="0" type="stmt"/>
        <line num="20" count="0" type="cond" truecount="0" falsecount="4"/>
        <line num="25" count="0" type="stmt"/>
        <line num="26" count="0" type="cond" truecount="0" falsecount="2"/>
        <line num="27" count="0" type="stmt"/>
        <line num="28" count="0" type="stmt"/>
        <line num="34" count="0" type="cond" truecount="0" falsecount="2"/>
        <line num="35" count="0" type="cond" truecount="0" falsecount="2"/>
        <line num="36" count="0" type="cond" truecount="0" falsecount="2"/>
        <line num="37" count="0" type="stmt"/>
        <line num="42" count="14" type="stmt"/>
        <line num="47" count="0" type="stmt"/>
        <line num="48" count="0" type="cond" truecount="0" falsecount="2"/>
        <line num="49" count="0" type="stmt"/>
        <line num="57" count="7" type="stmt"/>
        <line num="67" count="7" type="stmt"/>
        <line num="68" count="7" type="stmt"/>
        <line num="85" count="7" type="stmt"/>
        <line num="86" count="7" type="stmt"/>
        <line num="96" count="0" type="cond" truecount="0" falsecount="2"/>
        <line num="101" count="0" type="stmt"/>
        <line num="102" count="0" type="stmt"/>
        <line num="105" count="0" type="stmt"/>
        <line num="106" count="0" type="stmt"/>
        <line num="113" count="0" type="stmt"/>
        <line num="118" count="0" type="stmt"/>
        <line num="122" count="0" type="stmt"/>
      </file>
      <file name="socketClient.ts" path="C:\Users\zenja\OneDrive\Desktop\RANDOM CODE\WEB APPLICATION\POS System\POS-APP\app\lib\socketClient.ts">
        <metrics statements="25" coveredstatements="2" conditionals="14" coveredconditionals="0" methods="8" coveredmethods="0"/>
        <line num="8" count="1" type="stmt"/>
        <line num="9" count="1" type="stmt"/>
        <line num="12" count="0" type="stmt"/>
        <line num="13" count="0" type="cond" truecount="0" falsecount="2"/>
        <line num="14" count="0" type="stmt"/>
        <line num="15" count="0" type="stmt"/>
        <line num="17" count="0" type="stmt"/>
        <line num="18" count="0" type="stmt"/>
        <line num="22" count="0" type="stmt"/>
        <line num="23" count="0" type="stmt"/>
        <line num="24" count="0" type="stmt"/>
        <line num="32" count="0" type="cond" truecount="0" falsecount="4"/>
        <line num="33" count="0" type="stmt"/>
        <line num="36" count="0" type="stmt"/>
        <line num="37" count="0" type="stmt"/>
        <line num="39" count="0" type="stmt"/>
        <line num="40" count="0" type="stmt"/>
        <line num="43" count="0" type="stmt"/>
        <line num="44" count="0" type="cond" truecount="0" falsecount="4"/>
        <line num="45" count="0" type="cond" truecount="0" falsecount="2"/>
        <line num="46" count="0" type="cond" truecount="0" falsecount="2"/>
        <line num="47" count="0" type="stmt"/>
        <line num="48" count="0" type="stmt"/>
        <line num="49" count="0" type="stmt"/>
        <line num="50" count="0" type="stmt"/>
      </file>
    </package>
    <package name="routes">
      <metrics statements="710" coveredstatements="330" conditionals="581" coveredconditionals="208" methods="239" coveredmethods="80"/>
      <file name="dashboard.tsx" path="C:\Users\zenja\OneDrive\Desktop\RANDOM CODE\WEB APPLICATION\POS System\POS-APP\app\routes\dashboard.tsx">
        <metrics statements="73" coveredstatements="57" conditionals="52" coveredconditionals="34" methods="23" coveredmethods="17"/>
        <line num="14" count="0" type="stmt"/>
        <line num="18" count="13" type="stmt"/>
        <line num="19" count="13" type="stmt"/>
        <line num="20" count="13" type="cond" truecount="2" falsecount="0"/>
        <line num="21" count="13" type="stmt"/>
        <line num="22" count="13" type="stmt"/>
        <line num="23" count="13" type="stmt"/>
        <line num="24" count="13" type="stmt"/>
        <line num="25" count="13" type="stmt"/>
        <line num="26" count="13" type="stmt"/>
        <line num="27" count="13" type="stmt"/>
        <line num="29" count="13" type="stmt"/>
        <line num="30" count="0" type="cond" truecount="0" falsecount="4"/>
        <line num="31" count="0" type="stmt"/>
        <line num="32" count="0" type="stmt"/>
        <line num="33" count="0" type="stmt"/>
        <line num="34" count="0" type="stmt"/>
        <line num="35" count="0" type="stmt"/>
        <line num="37" count="0" type="stmt"/>
        <line num="38" count="0" type="stmt"/>
        <line num="40" count="0" type="stmt"/>
        <line num="44" count="13" type="stmt"/>
        <line num="45" count="5" type="cond" truecount="4" falsecount="0"/>
        <line num="46" count="4" type="stmt"/>
        <line num="47" count="4" type="stmt"/>
        <line num="48" count="4" type="stmt"/>
        <line num="49" count="4" type="stmt"/>
        <line num="50" count="4" type="stmt"/>
        <line num="51" count="4" type="stmt"/>
        <line num="52" count="3" type="cond" truecount="1" falsecount="1"/>
        <line num="54" count="1" type="cond" truecount="1" falsecount="1"/>
        <line num="55" count="1" type="stmt"/>
        <line num="56" count="1" type="stmt"/>
        <line num="59" count="4" type="cond" truecount="1" falsecount="1"/>
        <line num="62" count="4" type="stmt"/>
        <line num="63" count="4" type="stmt"/>
        <line num="64" count="4" type="stmt"/>
        <line num="69" count="13" type="stmt"/>
        <line num="70" count="4" type="cond" truecount="2" falsecount="0"/>
        <line num="71" count="3" type="stmt"/>
        <line num="72" count="3" type="stmt"/>
        <line num="73" count="3" type="stmt"/>
        <line num="74" count="42" type="stmt"/>
        <line num="75" count="42" type="stmt"/>
        <line num="76" count="42" type="stmt"/>
        <line num="78" count="3" type="stmt"/>
        <line num="79" count="3" type="stmt"/>
        <line num="80" count="3" type="stmt"/>
        <line num="81" count="42" type="stmt"/>
        <line num="82" count="3" type="cond" truecount="1" falsecount="1"/>
        <line num="83" count="3" type="stmt"/>
        <line num="84" count="42" type="stmt"/>
        <line num="90" count="3" type="cond" truecount="1" falsecount="1"/>
        <line num="93" count="3" type="stmt"/>
        <line num="94" count="3" type="stmt"/>
        <line num="95" count="3" type="stmt"/>
        <line num="100" count="13" type="stmt"/>
        <line num="102" count="0" type="cond" truecount="0" falsecount="2"/>
        <line num="103" count="0" type="stmt"/>
        <line num="107" count="13" type="stmt"/>
        <line num="109" count="0" type="cond" truecount="0" falsecount="2"/>
        <line num="110" count="0" type="stmt"/>
        <line num="114" count="13" type="stmt"/>
        <line num="120" count="13" type="cond" truecount="2" falsecount="0"/>
        <line num="121" count="84" type="stmt"/>
        <line num="123" count="13" type="stmt"/>
        <line num="131" count="0" type="stmt"/>
        <line num="145" count="1" type="stmt"/>
        <line num="161" count="2" type="stmt"/>
        <line num="176" count="2" type="stmt"/>
        <line num="192" count="42" type="stmt"/>
        <line num="196" count="42" type="stmt"/>
        <line num="216" count="0" type="stmt"/>
      </file>
      <file name="login.tsx" path="C:\Users\zenja\OneDrive\Desktop\RANDOM CODE\WEB APPLICATION\POS System\POS-APP\app\routes\login.tsx">
        <metrics statements="55" coveredstatements="47" conditionals="53" coveredconditionals="47" methods="15" coveredmethods="9"/>
        <line num="11" count="0" type="stmt"/>
        <line num="14" count="1" type="stmt"/>
        <line num="15" count="1" type="stmt"/>
        <line num="16" count="1" type="stmt"/>
        <line num="21" count="67" type="stmt"/>
        <line num="22" count="67" type="cond" truecount="2" falsecount="0"/>
        <line num="23" count="67" type="stmt"/>
        <line num="24" count="16" type="stmt"/>
        <line num="25" count="16" type="stmt"/>
        <line num="26" count="16" type="cond" truecount="3" falsecount="1"/>
        <line num="28" count="16" type="stmt"/>
        <line num="29" count="16" type="stmt"/>
        <line num="32" count="67" type="stmt"/>
        <line num="36" count="67" type="stmt"/>
        <line num="37" count="67" type="stmt"/>
        <line num="38" count="67" type="stmt"/>
        <line num="39" count="67" type="stmt"/>
        <line num="40" count="67" type="stmt"/>
        <line num="41" count="67" type="stmt"/>
        <line num="42" count="67" type="stmt"/>
        <line num="43" count="67" type="stmt"/>
        <line num="44" count="67" type="stmt"/>
        <line num="45" count="67" type="cond" truecount="3" falsecount="1"/>
        <line num="46" count="67" type="cond" truecount="1" falsecount="1"/>
        <line num="48" count="67" type="cond" truecount="2" falsecount="0"/>
        <line num="49" count="66" type="cond" truecount="2" falsecount="0"/>
        <line num="52" count="14" type="stmt"/>
        <line num="53" count="14" type="cond" truecount="1" falsecount="1"/>
        <line num="54" count="14" type="stmt"/>
        <line num="55" count="14" type="stmt"/>
        <line num="56" count="14" type="cond" truecount="2" falsecount="0"/>
        <line num="57" count="1" type="stmt"/>
        <line num="58" count="1" type="stmt"/>
        <line num="60" count="13" type="cond" truecount="2" falsecount="0"/>
        <line num="61" count="1" type="stmt"/>
        <line num="62" count="1" type="stmt"/>
        <line num="64" count="12" type="stmt"/>
        <line num="65" count="12" type="stmt"/>
        <line num="66" count="12" type="stmt"/>
        <line num="67" count="3" type="stmt"/>
        <line num="69" count="7" type="cond" truecount="2" falsecount="0"/>
        <line num="70" count="7" type="cond" truecount="2" falsecount="0"/>
        <line num="71" count="7" type="cond" truecount="4" falsecount="0"/>
        <line num="73" count="10" type="stmt"/>
        <line num="78" count="0" type="stmt"/>
        <line num="79" count="0" type="stmt"/>
        <line num="80" count="0" type="stmt"/>
        <line num="83" count="65" type="stmt"/>
        <line num="118" count="0" type="stmt"/>
        <line num="125" count="0" type="stmt"/>
        <line num="132" count="0" type="stmt"/>
        <line num="140" count="14" type="stmt"/>
        <line num="146" count="13" type="stmt"/>
        <line num="157" count="12" type="stmt"/>
        <line num="170" count="0" type="stmt"/>
      </file>
      <file name="products.tsx" path="C:\Users\zenja\OneDrive\Desktop\RANDOM CODE\WEB APPLICATION\POS System\POS-APP\app\routes\products.tsx">
        <metrics statements="188" coveredstatements="53" conditionals="144" coveredconditionals="34" methods="66" coveredmethods="19"/>
        <line num="24" count="0" type="stmt"/>
        <line num="28" count="19" type="stmt"/>
        <line num="33" count="1" type="stmt"/>
        <line num="40" count="19" type="stmt"/>
        <line num="41" count="19" type="stmt"/>
        <line num="42" count="19" type="stmt"/>
        <line num="43" count="19" type="stmt"/>
        <line num="44" count="19" type="stmt"/>
        <line num="45" count="19" type="stmt"/>
        <line num="46" count="19" type="stmt"/>
        <line num="47" count="19" type="stmt"/>
        <line num="48" count="19" type="stmt"/>
        <line num="49" count="19" type="stmt"/>
        <line num="50" count="19" type="stmt"/>
        <line num="51" count="19" type="stmt"/>
        <line num="52" count="19" type="stmt"/>
        <line num="53" count="19" type="stmt"/>
        <line num="54" count="19" type="stmt"/>
        <line num="55" count="19" type="stmt"/>
        <line num="67" count="19" type="stmt"/>
        <line num="79" count="19" type="stmt"/>
        <line num="80" count="19" type="stmt"/>
        <line num="81" count="19" type="stmt"/>
        <line num="82" count="19" type="stmt"/>
        <line num="83" count="19" type="stmt"/>
        <line num="85" count="19" type="stmt"/>
        <line num="87" count="19" type="stmt"/>
        <line num="88" count="7" type="stmt"/>
        <line num="89" count="7" type="stmt"/>
        <line num="90" count="7" type="stmt"/>
        <line num="94" count="7" type="stmt"/>
        <line num="95" count="7" type="stmt"/>
        <line num="96" count="7" type="stmt"/>
        <line num="98" count="0" type="stmt"/>
        <line num="100" count="7" type="stmt"/>
        <line num="104" count="19" type="stmt"/>
        <line num="105" count="17" type="stmt"/>
        <line num="106" count="17" type="stmt"/>
        <line num="110" count="0" type="stmt"/>
        <line num="122" count="0" type="stmt"/>
        <line num="126" count="0" type="stmt"/>
        <line num="127" count="0" type="stmt"/>
        <line num="139" count="0" type="stmt"/>
        <line num="143" count="0" type="stmt"/>
        <line num="144" count="0" type="stmt"/>
        <line num="145" count="0" type="stmt"/>
        <line num="149" count="0" type="cond" truecount="0" falsecount="5"/>
        <line num="150" count="0" type="stmt"/>
        <line num="151" count="0" type="stmt"/>
        <line num="153" count="0" type="stmt"/>
        <line num="154" count="0" type="cond" truecount="0" falsecount="4"/>
        <line num="155" count="0" type="stmt"/>
        <line num="156" count="0" type="stmt"/>
        <line num="158" count="0" type="cond" truecount="0" falsecount="2"/>
        <line num="159" count="0" type="cond" truecount="0" falsecount="5"/>
        <line num="160" count="0" type="stmt"/>
        <line num="161" count="0" type="stmt"/>
        <line num="163" count="0" type="stmt"/>
        <line num="164" count="0" type="cond" truecount="0" falsecount="5"/>
        <line num="165" count="0" type="stmt"/>
        <line num="166" count="0" type="stmt"/>
        <line num="168" count="0" type="stmt"/>
        <line num="169" count="0" type="cond" truecount="0" falsecount="4"/>
        <line num="170" count="0" type="stmt"/>
        <line num="171" count="0" type="stmt"/>
        <line num="173" count="0" type="stmt"/>
        <line num="174" count="0" type="cond" truecount="0" falsecount="5"/>
        <line num="175" count="0" type="stmt"/>
        <line num="176" count="0" type="stmt"/>
        <line num="178" count="0" type="stmt"/>
        <line num="179" count="0" type="stmt"/>
        <line num="180" count="0" type="stmt"/>
        <line num="191" count="0" type="stmt"/>
        <line num="192" count="0" type="stmt"/>
        <line num="193" count="0" type="stmt"/>
        <line num="195" count="0" type="stmt"/>
        <line num="197" count="0" type="stmt"/>
        <line num="202" count="0" type="cond" truecount="0" falsecount="2"/>
        <line num="203" count="0" type="cond" truecount="0" falsecount="5"/>
        <line num="204" count="0" type="stmt"/>
        <line num="205" count="0" type="stmt"/>
        <line num="207" count="0" type="stmt"/>
        <line num="208" count="0" type="cond" truecount="0" falsecount="4"/>
        <line num="209" count="0" type="stmt"/>
        <line num="210" count="0" type="stmt"/>
        <line num="212" count="0" type="cond" truecount="0" falsecount="2"/>
        <line num="213" count="0" type="cond" truecount="0" falsecount="5"/>
        <line num="214" count="0" type="stmt"/>
        <line num="215" count="0" type="stmt"/>
        <line num="217" count="0" type="stmt"/>
        <line num="218" count="0" type="cond" truecount="0" falsecount="5"/>
        <line num="219" count="0" type="stmt"/>
        <line num="220" count="0" type="stmt"/>
        <line num="222" count="0" type="stmt"/>
        <line num="223" count="0" type="cond" truecount="0" falsecount="4"/>
        <line num="224" count="0" type="stmt"/>
        <line num="225" count="0" type="stmt"/>
        <line num="227" count="0" type="stmt"/>
        <line num="228" count="0" type="cond" truecount="0" falsecount="5"/>
        <line num="229" count="0" type="stmt"/>
        <line num="230" count="0" type="stmt"/>
        <line num="232" count="0" type="stmt"/>
        <line num="233" count="0" type="stmt"/>
        <line num="234" count="0" type="stmt"/>
        <line num="246" count="0" type="stmt"/>
        <line num="247" count="0" type="stmt"/>
        <line num="248" count="0" type="stmt"/>
        <line num="249" count="0" type="stmt"/>
        <line num="251" count="0" type="stmt"/>
        <line num="253" count="0" type="stmt"/>
        <line num="258" count="0" type="cond" truecount="0" falsecount="2"/>
        <line num="259" count="0" type="stmt"/>
        <line num="260" count="0" type="cond" truecount="0" falsecount="4"/>
        <line num="261" count="0" type="stmt"/>
        <line num="262" count="0" type="stmt"/>
        <line num="264" count="0" type="cond" truecount="0" falsecount="5"/>
        <line num="265" count="0" type="stmt"/>
        <line num="266" count="0" type="stmt"/>
        <line num="268" count="0" type="stmt"/>
        <line num="269" count="0" type="stmt"/>
        <line num="270" count="0" type="stmt"/>
        <line num="271" count="0" type="cond" truecount="0" falsecount="2"/>
        <line num="272" count="0" type="stmt"/>
        <line num="273" count="0" type="stmt"/>
        <line num="274" count="0" type="stmt"/>
        <line num="276" count="0" type="stmt"/>
        <line num="278" count="0" type="stmt"/>
        <line num="283" count="0" type="cond" truecount="0" falsecount="2"/>
        <line num="284" count="0" type="stmt"/>
        <line num="285" count="0" type="stmt"/>
        <line num="286" count="0" type="stmt"/>
        <line num="287" count="0" type="stmt"/>
        <line num="289" count="0" type="stmt"/>
        <line num="293" count="19" type="stmt"/>
        <line num="294" count="46" type="cond" truecount="2" falsecount="0"/>
        <line num="295" count="40" type="cond" truecount="4" falsecount="0"/>
        <line num="296" count="26" type="stmt"/>
        <line num="299" count="19" type="stmt"/>
        <line num="304" count="21" type="stmt"/>
        <line num="314" count="21" type="stmt"/>
        <line num="320" count="21" type="cond" truecount="1" falsecount="1"/>
        <line num="326" count="21" type="stmt"/>
        <line num="332" count="21" type="stmt"/>
        <line num="338" count="21" type="stmt"/>
        <line num="344" count="21" type="cond" truecount="4" falsecount="0"/>
        <line num="352" count="21" type="stmt"/>
        <line num="355" count="0" type="stmt"/>
        <line num="356" count="0" type="stmt"/>
        <line num="359" count="0" type="stmt"/>
        <line num="365" count="19" type="stmt"/>
        <line num="369" count="0" type="cond" truecount="1" falsecount="1"/>
        <line num="371" count="0" type="cond" truecount="0" falsecount="2"/>
        <line num="380" count="2" type="stmt"/>
        <line num="396" count="57" type="cond" truecount="2" falsecount="0"/>
        <line num="412" count="21" type="stmt"/>
        <line num="418" count="0" type="stmt"/>
        <line num="420" count="0" type="stmt"/>
        <line num="421" count="0" type="stmt"/>
        <line num="423" count="0" type="stmt"/>
        <line num="424" count="0" type="stmt"/>
        <line num="427" count="0" type="stmt"/>
        <line num="428" count="0" type="stmt"/>
        <line num="431" count="0" type="stmt"/>
        <line num="435" count="0" type="stmt"/>
        <line num="437" count="0" type="stmt"/>
        <line num="440" count="0" type="stmt"/>
        <line num="442" count="0" type="stmt"/>
        <line num="446" count="0" type="stmt"/>
        <line num="447" count="0" type="cond" truecount="0" falsecount="2"/>
        <line num="454" count="0" type="stmt"/>
        <line num="455" count="0" type="stmt"/>
        <line num="456" count="0" type="stmt"/>
        <line num="457" count="0" type="stmt"/>
        <line num="459" count="0" type="stmt"/>
        <line num="460" count="0" type="stmt"/>
        <line num="463" count="0" type="stmt"/>
        <line num="464" count="0" type="stmt"/>
        <line num="467" count="0" type="stmt"/>
        <line num="471" count="0" type="stmt"/>
        <line num="473" count="0" type="stmt"/>
        <line num="476" count="0" type="stmt"/>
        <line num="478" count="0" type="stmt"/>
        <line num="482" count="0" type="stmt"/>
        <line num="490" count="0" type="stmt"/>
        <line num="491" count="0" type="stmt"/>
        <line num="493" count="0" type="stmt"/>
        <line num="497" count="0" type="stmt"/>
        <line num="501" count="0" type="stmt"/>
      </file>
      <file name="register.tsx" path="C:\Users\zenja\OneDrive\Desktop\RANDOM CODE\WEB APPLICATION\POS System\POS-APP\app\routes\register.tsx">
        <metrics statements="273" coveredstatements="80" conditionals="265" coveredconditionals="42" methods="98" coveredmethods="10"/>
        <line num="24" count="0" type="stmt"/>
        <line num="27" count="1" type="stmt"/>
        <line num="36" count="7" type="stmt"/>
        <line num="37" count="7" type="stmt"/>
        <line num="38" count="7" type="stmt"/>
        <line num="39" count="7" type="stmt"/>
        <line num="40" count="7" type="stmt"/>
        <line num="41" count="7" type="cond" truecount="2" falsecount="0"/>
        <line num="44" count="0" type="stmt"/>
        <line num="45" count="0" type="stmt"/>
        <line num="46" count="0" type="stmt"/>
        <line num="48" count="0" type="stmt"/>
        <line num="53" count="7" type="cond" truecount="1" falsecount="1"/>
        <line num="54" count="7" type="stmt"/>
        <line num="57" count="0" type="stmt"/>
        <line num="58" count="0" type="stmt"/>
        <line num="61" count="0" type="cond" truecount="0" falsecount="2"/>
        <line num="62" count="0" type="stmt"/>
        <line num="66" count="0" type="stmt"/>
        <line num="67" count="0" type="stmt"/>
        <line num="72" count="7" type="stmt"/>
        <line num="74" count="7" type="stmt"/>
        <line num="75" count="7" type="stmt"/>
        <line num="76" count="7" type="stmt"/>
        <line num="77" count="7" type="stmt"/>
        <line num="78" count="7" type="stmt"/>
        <line num="79" count="7" type="stmt"/>
        <line num="80" count="7" type="stmt"/>
        <line num="81" count="7" type="stmt"/>
        <line num="82" count="7" type="stmt"/>
        <line num="83" count="7" type="stmt"/>
        <line num="86" count="7" type="stmt"/>
        <line num="87" count="7" type="stmt"/>
        <line num="88" count="7" type="stmt"/>
        <line num="89" count="7" type="stmt"/>
        <line num="90" count="7" type="stmt"/>
        <line num="91" count="7" type="stmt"/>
        <line num="92" count="7" type="stmt"/>
        <line num="94" count="7" type="stmt"/>
        <line num="95" count="7" type="stmt"/>
        <line num="98" count="7" type="stmt"/>
        <line num="99" count="7" type="stmt"/>
        <line num="100" count="7" type="stmt"/>
        <line num="101" count="7" type="stmt"/>
        <line num="102" count="7" type="stmt"/>
        <line num="106" count="7" type="stmt"/>
        <line num="107" count="7" type="stmt"/>
        <line num="108" count="7" type="stmt"/>
        <line num="119" count="7" type="stmt"/>
        <line num="121" count="7" type="stmt"/>
        <line num="122" count="7" type="stmt"/>
        <line num="123" count="7" type="stmt"/>
        <line num="124" count="7" type="stmt"/>
        <line num="125" count="7" type="cond" truecount="2" falsecount="0"/>
        <line num="127" count="7" type="stmt"/>
        <line num="128" count="7" type="stmt"/>
        <line num="130" count="7" type="stmt"/>
        <line num="131" count="4" type="stmt"/>
        <line num="132" count="4" type="stmt"/>
        <line num="135" count="7" type="stmt"/>
        <line num="136" count="4" type="stmt"/>
        <line num="137" count="4" type="stmt"/>
        <line num="138" count="4" type="stmt"/>
        <line num="139" count="4" type="stmt"/>
        <line num="142" count="0" type="stmt"/>
        <line num="144" count="4" type="stmt"/>
        <line num="145" count="4" type="stmt"/>
        <line num="146" count="4" type="stmt"/>
        <line num="148" count="0" type="stmt"/>
        <line num="150" count="4" type="stmt"/>
        <line num="154" count="7" type="stmt"/>
        <line num="155" count="4" type="stmt"/>
        <line num="162" count="7" type="stmt"/>
        <line num="163" count="4" type="stmt"/>
        <line num="165" count="0" type="stmt"/>
        <line num="166" count="0" type="cond" truecount="0" falsecount="2"/>
        <line num="167" count="0" type="cond" truecount="0" falsecount="2"/>
        <line num="168" count="0" type="cond" truecount="0" falsecount="2"/>
        <line num="170" count="4" type="stmt"/>
        <line num="171" count="0" type="cond" truecount="0" falsecount="2"/>
        <line num="175" count="0" type="stmt"/>
        <line num="176" count="0" type="stmt"/>
        <line num="178" count="4" type="stmt"/>
        <line num="179" count="0" type="cond" truecount="0" falsecount="2"/>
        <line num="180" count="0" type="stmt"/>
        <line num="182" count="4" type="stmt"/>
        <line num="183" count="0" type="cond" truecount="0" falsecount="2"/>
        <line num="184" count="0" type="stmt"/>
        <line num="185" count="0" type="stmt"/>
        <line num="187" count="0" type="cond" truecount="0" falsecount="2"/>
        <line num="188" count="0" type="stmt"/>
        <line num="189" count="0" type="stmt"/>
        <line num="190" count="0" type="stmt"/>
        <line num="192" count="0" type="cond" truecount="0" falsecount="2"/>
        <line num="193" count="0" type="stmt"/>
        <line num="194" count="0" type="stmt"/>
        <line num="195" count="0" type="stmt"/>
        <line num="196" count="0" type="stmt"/>
        <line num="197" count="0" type="stmt"/>
        <line num="200" count="0" type="cond" truecount="0" falsecount="2"/>
        <line num="201" count="0" type="stmt"/>
        <line num="202" count="0" type="cond" truecount="0" falsecount="7"/>
        <line num="205" count="4" type="stmt"/>
        <line num="206" count="4" type="stmt"/>
        <line num="210" count="0" type="cond" truecount="0" falsecount="2"/>
        <line num="211" count="0" type="stmt"/>
        <line num="212" count="0" type="stmt"/>
        <line num="214" count="0" type="stmt"/>
        <line num="215" count="0" type="cond" truecount="0" falsecount="4"/>
        <line num="216" count="0" type="stmt"/>
        <line num="217" count="0" type="stmt"/>
        <line num="219" count="0" type="stmt"/>
        <line num="223" count="0" type="stmt"/>
        <line num="224" count="0" type="cond" truecount="0" falsecount="2"/>
        <line num="226" count="0" type="stmt"/>
        <line num="227" count="0" type="cond" truecount="0" falsecount="2"/>
        <line num="228" count="0" type="stmt"/>
        <line num="229" count="0" type="stmt"/>
        <line num="230" count="0" type="cond" truecount="0" falsecount="2"/>
        <line num="235" count="0" type="stmt"/>
        <line num="239" count="0" type="stmt"/>
        <line num="240" count="0" type="stmt"/>
        <line num="241" count="0" type="cond" truecount="0" falsecount="5"/>
        <line num="242" count="0" type="stmt"/>
        <line num="243" count="0" type="stmt"/>
        <line num="244" count="0" type="stmt"/>
        <line num="246" count="0" type="stmt"/>
        <line num="250" count="0" type="cond" truecount="0" falsecount="2"/>
        <line num="251" count="0" type="stmt"/>
        <line num="252" count="0" type="stmt"/>
        <line num="254" count="0" type="stmt"/>
        <line num="255" count="0" type="stmt"/>
        <line num="257" count="0" type="cond" truecount="0" falsecount="2"/>
        <line num="258" count="0" type="stmt"/>
        <line num="259" count="0" type="stmt"/>
        <line num="260" count="0" type="stmt"/>
        <line num="261" count="0" type="stmt"/>
        <line num="262" count="0" type="stmt"/>
        <line num="264" count="0" type="stmt"/>
        <line num="266" count="0" type="stmt"/>
        <line num="271" count="0" type="cond" truecount="0" falsecount="4"/>
        <line num="272" count="0" type="stmt"/>
        <line num="273" count="0" type="cond" truecount="0" falsecount="4"/>
        <line num="274" count="0" type="stmt"/>
        <line num="275" count="0" type="stmt"/>
        <line num="277" count="0" type="cond" truecount="0" falsecount="4"/>
        <line num="278" count="0" type="stmt"/>
        <line num="279" count="0" type="stmt"/>
        <line num="281" count="0" type="stmt"/>
        <line num="282" count="0" type="stmt"/>
        <line num="283" count="0" type="stmt"/>
        <line num="284" count="0" type="stmt"/>
        <line num="291" count="0" type="cond" truecount="0" falsecount="4"/>
        <line num="292" count="0" type="stmt"/>
        <line num="294" count="0" type="stmt"/>
        <line num="297" count="0" type="stmt"/>
        <line num="301" count="7" type="cond" truecount="2" falsecount="0"/>
        <line num="307" count="7" type="stmt"/>
        <line num="308" count="7" type="stmt"/>
        <line num="309" count="7" type="stmt"/>
        <line num="310" count="7" type="stmt"/>
        <line num="312" count="4" type="cond" truecount="1" falsecount="1"/>
        <line num="314" count="0" type="cond" truecount="0" falsecount="2"/>
        <line num="315" count="0" type="stmt"/>
        <line num="319" count="7" type="stmt"/>
        <line num="320" count="7" type="stmt"/>
        <line num="321" count="7" type="stmt"/>
        <line num="322" count="7" type="stmt"/>
        <line num="324" count="7" type="cond" truecount="1" falsecount="2"/>
        <line num="333" count="0" type="cond" truecount="0" falsecount="5"/>
        <line num="335" count="0" type="stmt"/>
        <line num="336" count="0" type="stmt"/>
        <line num="337" count="0" type="cond" truecount="0" falsecount="5"/>
        <line num="338" count="0" type="stmt"/>
        <line num="339" count="0" type="stmt"/>
        <line num="340" count="0" type="stmt"/>
        <line num="342" count="0" type="stmt"/>
        <line num="343" count="0" type="stmt"/>
        <line num="345" count="0" type="cond" truecount="0" falsecount="2"/>
        <line num="346" count="0" type="cond" truecount="0" falsecount="2"/>
        <line num="347" count="0" type="stmt"/>
        <line num="348" count="0" type="stmt"/>
        <line num="352" count="0" type="stmt"/>
        <line num="353" count="0" type="cond" truecount="0" falsecount="2"/>
        <line num="354" count="0" type="stmt"/>
        <line num="355" count="0" type="stmt"/>
        <line num="357" count="0" type="cond" truecount="0" falsecount="2"/>
        <line num="358" count="0" type="stmt"/>
        <line num="359" count="0" type="stmt"/>
        <line num="362" count="0" type="cond" truecount="0" falsecount="4"/>
        <line num="364" count="0" type="stmt"/>
        <line num="365" count="0" type="stmt"/>
        <line num="366" count="0" type="stmt"/>
        <line num="367" count="0" type="stmt"/>
        <line num="369" count="0" type="stmt"/>
        <line num="381" count="0" type="cond" truecount="0" falsecount="2"/>
        <line num="382" count="0" type="stmt"/>
        <line num="383" count="0" type="cond" truecount="0" falsecount="3"/>
        <line num="384" count="0" type="cond" truecount="0" falsecount="3"/>
        <line num="385" count="0" type="stmt"/>
        <line num="395" count="0" type="cond" truecount="0" falsecount="3"/>
        <line num="396" count="0" type="stmt"/>
        <line num="397" count="0" type="stmt"/>
        <line num="398" count="0" type="stmt"/>
        <line num="399" count="0" type="stmt"/>
        <line num="400" count="0" type="stmt"/>
        <line num="401" count="0" type="stmt"/>
        <line num="405" count="0" type="stmt"/>
        <line num="406" count="0" type="stmt"/>
        <line num="407" count="0" type="stmt"/>
        <line num="408" count="0" type="stmt"/>
        <line num="409" count="0" type="cond" truecount="0" falsecount="2"/>
        <line num="410" count="0" type="stmt"/>
        <line num="412" count="0" type="stmt"/>
        <line num="414" count="0" type="stmt"/>
        <line num="415" count="0" type="stmt"/>
        <line num="419" count="7" type="stmt"/>
        <line num="425" count="14" type="stmt"/>
        <line num="429" count="2" type="stmt"/>
        <line num="454" count="0" type="stmt"/>
        <line num="456" count="0" type="cond" truecount="0" falsecount="2"/>
        <line num="466" count="0" type="stmt"/>
        <line num="480" count="0" type="stmt"/>
        <line num="494" count="0" type="stmt"/>
        <line num="497" count="0" type="stmt"/>
        <line num="519" count="0" type="stmt"/>
        <line num="521" count="0" type="cond" truecount="0" falsecount="2"/>
        <line num="531" count="0" type="stmt"/>
        <line num="545" count="0" type="stmt"/>
        <line num="556" count="0" type="stmt"/>
        <line num="559" count="0" type="stmt"/>
        <line num="594" count="0" type="stmt"/>
        <line num="602" count="0" type="stmt"/>
        <line num="612" count="0" type="stmt"/>
        <line num="618" count="0" type="stmt"/>
        <line num="633" count="0" type="stmt"/>
        <line num="639" count="0" type="stmt"/>
        <line num="642" count="0" type="cond" truecount="0" falsecount="2"/>
        <line num="650" count="0" type="cond" truecount="0" falsecount="2"/>
        <line num="668" count="0" type="stmt"/>
        <line num="717" count="0" type="cond" truecount="0" falsecount="2"/>
        <line num="718" count="0" type="stmt"/>
        <line num="738" count="0" type="stmt"/>
        <line num="745" count="0" type="stmt"/>
        <line num="747" count="0" type="cond" truecount="0" falsecount="2"/>
        <line num="753" count="0" type="stmt"/>
        <line num="754" count="0" type="stmt"/>
        <line num="763" count="0" type="stmt"/>
        <line num="766" count="0" type="stmt"/>
        <line num="770" count="0" type="stmt"/>
        <line num="788" count="0" type="stmt"/>
        <line num="799" count="0" type="stmt"/>
        <line num="802" count="0" type="cond" truecount="0" falsecount="2"/>
        <line num="813" count="0" type="stmt"/>
        <line num="818" count="0" type="cond" truecount="0" falsecount="2"/>
        <line num="819" count="0" type="cond" truecount="0" falsecount="4"/>
        <line num="820" count="0" type="stmt"/>
        <line num="854" count="0" type="stmt"/>
        <line num="857" count="0" type="cond" truecount="0" falsecount="2"/>
        <line num="858" count="0" type="stmt"/>
        <line num="864" count="0" type="cond" truecount="0" falsecount="2"/>
        <line num="875" count="0" type="stmt"/>
        <line num="888" count="0" type="stmt"/>
        <line num="909" count="0" type="stmt"/>
        <line num="913" count="0" type="stmt"/>
        <line num="914" count="0" type="stmt"/>
        <line num="922" count="0" type="stmt"/>
        <line num="937" count="0" type="stmt"/>
        <line num="942" count="0" type="stmt"/>
        <line num="947" count="0" type="stmt"/>
        <line num="955" count="0" type="stmt"/>
        <line num="961" count="0" type="stmt"/>
        <line num="967" count="0" type="stmt"/>
      </file>
      <file name="settings.tsx" path="C:\Users\zenja\OneDrive\Desktop\RANDOM CODE\WEB APPLICATION\POS System\POS-APP\app\routes\settings.tsx">
        <metrics statements="25" coveredstatements="21" conditionals="16" coveredconditionals="14" methods="8" coveredmethods="4"/>
        <line num="13" count="0" type="stmt"/>
        <line num="17" count="10" type="stmt"/>
        <line num="21" count="10" type="stmt"/>
        <line num="22" count="10" type="stmt"/>
        <line num="23" count="10" type="stmt"/>
        <line num="24" count="10" type="stmt"/>
        <line num="25" count="10" type="stmt"/>
        <line num="26" count="10" type="stmt"/>
        <line num="27" count="10" type="stmt"/>
        <line num="29" count="10" type="cond" truecount="1" falsecount="1"/>
        <line num="31" count="10" type="stmt"/>
        <line num="33" count="10" type="cond" truecount="2" falsecount="0"/>
        <line num="36" count="3" type="stmt"/>
        <line num="37" count="3" type="stmt"/>
        <line num="38" count="3" type="stmt"/>
        <line num="39" count="2" type="cond" truecount="2" falsecount="0"/>
        <line num="40" count="3" type="cond" truecount="4" falsecount="0"/>
        <line num="42" count="1" type="stmt"/>
        <line num="43" count="1" type="stmt"/>
        <line num="45" count="3" type="stmt"/>
        <line num="49" count="9" type="stmt"/>
        <line num="55" count="0" type="stmt"/>
        <line num="56" count="0" type="stmt"/>
        <line num="57" count="0" type="stmt"/>
        <line num="71" count="3" type="stmt"/>
      </file>
      <file name="staff-management.tsx" path="C:\Users\zenja\OneDrive\Desktop\RANDOM CODE\WEB APPLICATION\POS System\POS-APP\app\routes\staff-management.tsx">
        <metrics statements="96" coveredstatements="72" conditionals="51" coveredconditionals="37" methods="29" coveredmethods="21"/>
        <line num="18" count="0" type="stmt"/>
        <line num="22" count="24" type="stmt"/>
        <line num="26" count="24" type="stmt"/>
        <line num="27" count="24" type="stmt"/>
        <line num="29" count="24" type="stmt"/>
        <line num="30" count="24" type="stmt"/>
        <line num="32" count="24" type="stmt"/>
        <line num="33" count="24" type="stmt"/>
        <line num="34" count="24" type="stmt"/>
        <line num="35" count="24" type="stmt"/>
        <line num="36" count="24" type="stmt"/>
        <line num="37" count="24" type="stmt"/>
        <line num="41" count="8" type="stmt"/>
        <line num="42" count="8" type="stmt"/>
        <line num="43" count="8" type="stmt"/>
        <line num="44" count="8" type="stmt"/>
        <line num="46" count="0" type="stmt"/>
        <line num="48" count="8" type="stmt"/>
        <line num="54" count="24" type="stmt"/>
        <line num="55" count="5" type="cond" truecount="3" falsecount="1"/>
        <line num="58" count="24" type="stmt"/>
        <line num="59" count="5" type="cond" truecount="1" falsecount="1"/>
        <line num="60" count="5" type="stmt"/>
        <line num="64" count="24" type="cond" truecount="1" falsecount="1"/>
        <line num="65" count="0" type="stmt"/>
        <line num="71" count="24" type="cond" truecount="1" falsecount="1"/>
        <line num="74" count="24" type="stmt"/>
        <line num="75" count="7" type="stmt"/>
        <line num="79" count="24" type="stmt"/>
        <line num="80" count="1" type="stmt"/>
        <line num="84" count="24" type="stmt"/>
        <line num="85" count="4" type="stmt"/>
        <line num="86" count="4" type="stmt"/>
        <line num="87" count="4" type="stmt"/>
        <line num="91" count="24" type="stmt"/>
        <line num="92" count="1" type="stmt"/>
        <line num="93" count="1" type="stmt"/>
        <line num="99" count="1" type="stmt"/>
        <line num="100" count="1" type="stmt"/>
        <line num="104" count="24" type="stmt"/>
        <line num="105" count="3" type="stmt"/>
        <line num="106" count="3" type="stmt"/>
        <line num="107" count="3" type="stmt"/>
        <line num="108" count="3" type="stmt"/>
        <line num="112" count="24" type="stmt"/>
        <line num="113" count="4" type="cond" truecount="2" falsecount="0"/>
        <line num="114" count="1" type="stmt"/>
        <line num="115" count="1" type="stmt"/>
        <line num="117" count="3" type="cond" truecount="4" falsecount="1"/>
        <line num="118" count="0" type="stmt"/>
        <line num="119" count="0" type="stmt"/>
        <line num="121" count="3" type="cond" truecount="2" falsecount="2"/>
        <line num="122" count="0" type="stmt"/>
        <line num="123" count="0" type="stmt"/>
        <line num="126" count="3" type="stmt"/>
        <line num="127" count="3" type="stmt"/>
        <line num="128" count="3" type="cond" truecount="4" falsecount="0"/>
        <line num="129" count="1" type="stmt"/>
        <line num="135" count="1" type="stmt"/>
        <line num="137" count="2" type="stmt"/>
        <line num="142" count="2" type="stmt"/>
        <line num="144" count="3" type="stmt"/>
        <line num="145" count="3" type="stmt"/>
        <line num="147" count="0" type="stmt"/>
        <line num="149" count="3" type="stmt"/>
        <line num="154" count="24" type="stmt"/>
        <line num="155" count="0" type="cond" truecount="0" falsecount="2"/>
        <line num="156" count="0" type="stmt"/>
        <line num="157" count="0" type="stmt"/>
        <line num="158" count="0" type="stmt"/>
        <line num="159" count="0" type="stmt"/>
        <line num="161" count="0" type="stmt"/>
        <line num="166" count="24" type="stmt"/>
        <line num="167" count="0" type="cond" truecount="0" falsecount="2"/>
        <line num="168" count="0" type="stmt"/>
        <line num="169" count="0" type="stmt"/>
        <line num="170" count="0" type="stmt"/>
        <line num="172" count="0" type="stmt"/>
        <line num="178" count="24" type="stmt"/>
        <line num="180" count="0" type="stmt"/>
        <line num="184" count="24" type="stmt"/>
        <line num="188" count="16" type="stmt"/>
        <line num="193" count="16" type="stmt"/>
        <line num="198" count="16" type="cond" truecount="2" falsecount="2"/>
        <line num="203" count="16" type="stmt"/>
        <line num="210" count="16" type="stmt"/>
        <line num="211" count="1" type="stmt"/>
        <line num="212" count="0" type="stmt"/>
        <line num="214" count="0" type="stmt"/>
        <line num="221" count="24" type="stmt"/>
        <line num="225" count="4" type="stmt"/>
        <line num="234" count="16" type="stmt"/>
        <line num="242" count="4" type="stmt"/>
        <line num="246" count="2" type="stmt"/>
        <line num="264" count="0" type="stmt"/>
        <line num="271" count="0" type="stmt"/>
      </file>
    </package>
    <package name="shared.components.layout">
      <metrics statements="55" coveredstatements="0" conditionals="84" coveredconditionals="0" methods="24" coveredmethods="0"/>
      <file name="Sidebar.tsx" path="C:\Users\zenja\OneDrive\Desktop\RANDOM CODE\WEB APPLICATION\POS System\POS-APP\app\shared\components\layout\Sidebar.tsx">
        <metrics statements="31" coveredstatements="0" conditionals="56" coveredconditionals="0" methods="14" coveredmethods="0"/>
        <line num="9" count="0" type="cond" truecount="0" falsecount="2"/>
        <line num="10" count="0" type="stmt"/>
        <line num="26" count="0" type="stmt"/>
        <line num="34" count="0" type="stmt"/>
        <line num="35" count="0" type="stmt"/>
        <line num="36" count="0" type="cond" truecount="0" falsecount="2"/>
        <line num="37" count="0" type="stmt"/>
        <line num="40" count="0" type="stmt"/>
        <line num="41" count="0" type="stmt"/>
        <line num="44" count="0" type="stmt"/>
        <line num="45" count="0" type="stmt"/>
        <line num="46" count="0" type="stmt"/>
        <line num="47" count="0" type="stmt"/>
        <line num="48" count="0" type="stmt"/>
        <line num="49" count="0" type="stmt"/>
        <line num="50" count="0" type="stmt"/>
        <line num="51" count="0" type="stmt"/>
        <line num="56" count="0" type="stmt"/>
        <line num="59" count="0" type="stmt"/>
        <line num="60" count="0" type="stmt"/>
        <line num="63" count="0" type="stmt"/>
        <line num="64" count="0" type="stmt"/>
        <line num="67" count="0" type="stmt"/>
        <line num="68" count="0" type="stmt"/>
        <line num="72" count="0" type="cond" truecount="0" falsecount="2"/>
        <line num="73" count="0" type="cond" truecount="0" falsecount="2"/>
        <line num="75" count="0" type="stmt"/>
        <line num="94" count="0" type="stmt"/>
        <line num="118" count="0" type="stmt"/>
        <line num="119" count="0" type="stmt"/>
        <line num="176" count="0" type="stmt"/>
      </file>
      <file name="Topbar.tsx" path="C:\Users\zenja\OneDrive\Desktop\RANDOM CODE\WEB APPLICATION\POS System\POS-APP\app\shared\components\layout\Topbar.tsx">
        <metrics statements="24" coveredstatements="0" conditionals="28" coveredconditionals="0" methods="10" coveredmethods="0"/>
        <line num="10" count="0" type="stmt"/>
        <line num="11" count="0" type="stmt"/>
        <line num="12" count="0" type="stmt"/>
        <line num="13" count="0" type="stmt"/>
        <line num="14" count="0" type="stmt"/>
        <line num="16" count="0" type="cond" truecount="0" falsecount="2"/>
        <line num="17" count="0" type="stmt"/>
        <line num="28" count="0" type="stmt"/>
        <line num="29" count="0" type="stmt"/>
        <line num="30" count="0" type="stmt"/>
        <line num="31" count="0" type="stmt"/>
        <line num="32" count="0" type="stmt"/>
        <line num="33" count="0" type="cond" truecount="0" falsecount="2"/>
        <line num="35" count="0" type="stmt"/>
        <line num="36" count="0" type="stmt"/>
        <line num="37" count="0" type="stmt"/>
        <line num="38" count="0" type="cond" truecount="0" falsecount="2"/>
        <line num="40" count="0" type="stmt"/>
        <line num="41" count="0" type="stmt"/>
        <line num="42" count="0" type="cond" truecount="0" falsecount="2"/>
        <line num="45" count="0" type="stmt"/>
        <line num="46" count="0" type="stmt"/>
        <line num="47" count="0" type="stmt"/>
        <line num="51" count="0" type="stmt"/>
      </file>
    </package>
    <package name="shared.components.ui">
      <metrics statements="109" coveredstatements="109" conditionals="229" coveredconditionals="226" methods="43" coveredmethods="43"/>
      <file name="Badge.tsx" path="C:\Users\zenja\OneDrive\Desktop\RANDOM CODE\WEB APPLICATION\POS System\POS-APP\app\shared\components\ui\Badge.tsx">
        <metrics statements="3" coveredstatements="3" conditionals="2" coveredconditionals="2" methods="1" coveredmethods="1"/>
        <line num="6" count="8" type="stmt"/>
        <line num="21" count="60" type="cond" truecount="2" falsecount="0"/>
        <line num="22" count="60" type="stmt"/>
      </file>
      <file name="Button.tsx" path="C:\Users\zenja\OneDrive\Desktop\RANDOM CODE\WEB APPLICATION\POS System\POS-APP\app\shared\components\ui\Button.tsx">
        <metrics statements="6" coveredstatements="6" conditionals="20" coveredconditionals="19" methods="1" coveredmethods="1"/>
        <line num="9" count="14" type="stmt"/>
        <line num="16" count="14" type="stmt"/>
        <line num="34" count="14" type="stmt"/>
        <line num="36" count="427" type="cond" truecount="1" falsecount="1"/>
        <line num="37" count="427" type="stmt"/>
        <line num="54" count="14" type="stmt"/>
      </file>
      <file name="CartLine.tsx" path="C:\Users\zenja\OneDrive\Desktop\RANDOM CODE\WEB APPLICATION\POS System\POS-APP\app\shared\components\ui\CartLine.tsx">
        <metrics statements="18" coveredstatements="18" conditionals="10" coveredconditionals="10" methods="5" coveredmethods="5"/>
        <line num="16" count="21" type="stmt"/>
        <line num="17" count="21" type="stmt"/>
        <line num="18" count="3" type="cond" truecount="2" falsecount="0"/>
        <line num="19" count="1" type="stmt"/>
        <line num="20" count="1" type="stmt"/>
        <line num="22" count="2" type="stmt"/>
        <line num="24" count="21" type="stmt"/>
        <line num="27" count="1" type="stmt"/>
        <line num="31" count="12" type="stmt"/>
        <line num="32" count="12" type="cond" truecount="2" falsecount="0"/>
        <line num="33" count="10" type="stmt"/>
        <line num="34" count="10" type="cond" truecount="4" falsecount="0"/>
        <line num="35" count="4" type="cond" truecount="2" falsecount="0"/>
        <line num="36" count="1" type="stmt"/>
        <line num="37" count="1" type="stmt"/>
        <line num="38" count="1" type="stmt"/>
        <line num="40" count="3" type="stmt"/>
        <line num="54" count="1" type="stmt"/>
      </file>
      <file name="Feedback.tsx" path="C:\Users\zenja\OneDrive\Desktop\RANDOM CODE\WEB APPLICATION\POS System\POS-APP\app\shared\components\ui\Feedback.tsx">
        <metrics statements="6" coveredstatements="6" conditionals="32" coveredconditionals="32" methods="3" coveredmethods="3"/>
        <line num="4" count="7" type="stmt"/>
        <line num="25" count="22" type="stmt"/>
        <line num="57" count="38" type="cond" truecount="2" falsecount="0"/>
        <line num="60" count="21" type="stmt"/>
        <line num="64" count="17" type="stmt"/>
        <line num="65" count="17" type="stmt"/>
      </file>
      <file name="Input.tsx" path="C:\Users\zenja\OneDrive\Desktop\RANDOM CODE\WEB APPLICATION\POS System\POS-APP\app\shared\components\ui\Input.tsx">
        <metrics statements="14" coveredstatements="14" conditionals="47" coveredconditionals="47" methods="3" coveredmethods="3"/>
        <line num="14" count="7" type="stmt"/>
        <line num="18" count="233" type="stmt"/>
        <line num="19" count="233" type="cond" truecount="4" falsecount="0"/>
        <line num="20" count="233" type="cond" truecount="2" falsecount="0"/>
        <line num="21" count="233" type="cond" truecount="2" falsecount="0"/>
        <line num="22" count="233" type="cond" truecount="2" falsecount="0"/>
        <line num="23" count="233" type="cond" truecount="2" falsecount="0"/>
        <line num="24" count="233" type="stmt"/>
        <line num="25" count="233" type="cond" truecount="6" falsecount="0"/>
        <line num="26" count="233" type="cond" truecount="2" falsecount="0"/>
        <line num="27" count="233" type="cond" truecount="2" falsecount="0"/>
        <line num="29" count="233" type="stmt"/>
        <line num="61" count="2" type="stmt"/>
        <line num="95" count="7" type="stmt"/>
      </file>
      <file name="Modal.tsx" path="C:\Users\zenja\OneDrive\Desktop\RANDOM CODE\WEB APPLICATION\POS System\POS-APP\app\shared\components\ui\Modal.tsx">
        <metrics statements="36" coveredstatements="36" conditionals="29" coveredconditionals="27" methods="13" coveredmethods="13"/>
        <line num="5" count="38" type="stmt"/>
        <line num="6" count="31" type="cond" truecount="3" falsecount="1"/>
        <line num="7" count="31" type="stmt"/>
        <line num="8" count="31" type="stmt"/>
        <line num="9" count="31" type="stmt"/>
        <line num="10" count="42" type="stmt"/>
        <line num="12" count="138" type="cond" truecount="2" falsecount="0"/>
        <line num="17" count="31" type="stmt"/>
        <line num="18" count="31" type="cond" truecount="2" falsecount="0"/>
        <line num="19" count="30" type="stmt"/>
        <line num="20" count="30" type="cond" truecount="2" falsecount="0"/>
        <line num="21" count="30" type="stmt"/>
        <line num="22" count="12" type="cond" truecount="2" falsecount="0"/>
        <line num="23" count="11" type="stmt"/>
        <line num="24" count="11" type="cond" truecount="1" falsecount="1"/>
        <line num="25" count="11" type="stmt"/>
        <line num="26" count="11" type="stmt"/>
        <line num="27" count="11" type="cond" truecount="2" falsecount="0"/>
        <line num="28" count="4" type="cond" truecount="2" falsecount="0"/>
        <line num="30" count="7" type="cond" truecount="2" falsecount="0"/>
        <line num="33" count="30" type="stmt"/>
        <line num="34" count="30" type="stmt"/>
        <line num="53" count="38" type="stmt"/>
        <line num="54" count="38" type="stmt"/>
        <line num="55" count="38" type="stmt"/>
        <line num="56" count="38" type="stmt"/>
        <line num="57" count="38" type="stmt"/>
        <line num="60" count="38" type="stmt"/>
        <line num="61" count="31" type="stmt"/>
        <line num="62" count="31" type="cond" truecount="2" falsecount="0"/>
        <line num="63" count="31" type="stmt"/>
        <line num="64" count="31" type="stmt"/>
        <line num="67" count="38" type="stmt"/>
        <line num="69" count="38" type="stmt"/>
        <line num="70" count="31" type="cond" truecount="2" falsecount="0"/>
        <line num="73" count="38" type="stmt"/>
      </file>
      <file name="ProductTile.tsx" path="C:\Users\zenja\OneDrive\Desktop\RANDOM CODE\WEB APPLICATION\POS System\POS-APP\app\shared\components\ui\ProductTile.tsx">
        <metrics statements="4" coveredstatements="4" conditionals="6" coveredconditionals="6" methods="2" coveredmethods="2"/>
        <line num="12" count="16" type="stmt"/>
        <line num="13" count="16" type="stmt"/>
        <line num="15" count="16" type="stmt"/>
        <line num="18" count="1" type="stmt"/>
      </file>
      <file name="Select.tsx" path="C:\Users\zenja\OneDrive\Desktop\RANDOM CODE\WEB APPLICATION\POS System\POS-APP\app\shared\components\ui\Select.tsx">
        <metrics statements="10" coveredstatements="10" conditionals="25" coveredconditionals="25" methods="3" coveredmethods="3"/>
        <line num="17" count="5" type="stmt"/>
        <line num="21" count="29" type="stmt"/>
        <line num="22" count="29" type="cond" truecount="4" falsecount="0"/>
        <line num="23" count="29" type="cond" truecount="2" falsecount="0"/>
        <line num="24" count="29" type="cond" truecount="2" falsecount="0"/>
        <line num="25" count="29" type="cond" truecount="2" falsecount="0"/>
        <line num="27" count="29" type="stmt"/>
        <line num="42" count="3" type="stmt"/>
        <line num="50" count="43" type="stmt"/>
        <line num="62" count="5" type="stmt"/>
      </file>
      <file name="Table.tsx" path="C:\Users\zenja\OneDrive\Desktop\RANDOM CODE\WEB APPLICATION\POS System\POS-APP\app\shared\components\ui\Table.tsx">
        <metrics statements="8" coveredstatements="8" conditionals="54" coveredconditionals="54" methods="9" coveredmethods="9"/>
        <line num="44" count="83" type="cond" truecount="2" falsecount="0"/>
        <line num="46" count="83" type="stmt"/>
        <line num="53" count="337" type="stmt"/>
        <line num="70" count="1" type="stmt"/>
        <line num="111" count="115" type="cond" truecount="12" falsecount="0"/>
        <line num="113" count="398" type="cond" truecount="4" falsecount="0"/>
        <line num="127" count="2" type="stmt"/>
        <line num="128" count="3" type="stmt"/>
      </file>
      <file name="Toaster.tsx" path="C:\Users\zenja\OneDrive\Desktop\RANDOM CODE\WEB APPLICATION\POS System\POS-APP\app\shared\components\ui\Toaster.tsx">
        <metrics statements="4" coveredstatements="4" conditionals="4" coveredconditionals="4" methods="3" coveredmethods="3"/>
        <line num="6" count="8" type="stmt"/>
        <line num="7" count="8" type="stmt"/>
        <line num="10" count="24" type="stmt"/>
        <line num="18" count="1" type="stmt"/>
      </file>
    </package>
    <package name="shared.hooks">
      <metrics statements="175" coveredstatements="34" conditionals="53" coveredconditionals="17" methods="53" coveredmethods="9"/>
      <file name="useAuth.tsx" path="C:\Users\zenja\OneDrive\Desktop\RANDOM CODE\WEB APPLICATION\POS System\POS-APP\app\shared\hooks\useAuth.tsx">
        <metrics statements="44" coveredstatements="3" conditionals="20" coveredconditionals="3" methods="12" coveredmethods="1"/>
        <line num="16" count="3" type="stmt"/>
        <line num="19" count="0" type="stmt"/>
        <line num="20" count="0" type="stmt"/>
        <line num="21" count="0" type="stmt"/>
        <line num="23" count="0" type="stmt"/>
        <line num="24" count="0" type="stmt"/>
        <line num="25" count="0" type="stmt"/>
        <line num="26" count="0" type="stmt"/>
        <line num="28" count="0" type="stmt"/>
        <line num="29" count="0" type="stmt"/>
        <line num="32" count="0" type="stmt"/>
        <line num="33" count="0" type="stmt"/>
        <line num="35" count="0" type="stmt"/>
        <line num="36" count="0" type="cond" truecount="0" falsecount="2"/>
        <line num="37" count="0" type="cond" truecount="0" falsecount="2"/>
        <line num="38" count="0" type="stmt"/>
        <line num="40" count="0" type="cond" truecount="0" falsecount="2"/>
        <line num="41" count="0" type="cond" truecount="0" falsecount="2"/>
        <line num="42" count="0" type="stmt"/>
        <line num="43" count="0" type="stmt"/>
        <line num="44" count="0" type="stmt"/>
        <line num="46" count="0" type="stmt"/>
        <line num="48" count="0" type="stmt"/>
        <line num="49" count="0" type="stmt"/>
        <line num="50" count="0" type="cond" truecount="0" falsecount="2"/>
        <line num="52" count="0" type="stmt"/>
        <line num="54" count="0" type="cond" truecount="0" falsecount="2"/>
        <line num="57" count="0" type="stmt"/>
        <line num="58" count="0" type="stmt"/>
        <line num="59" count="0" type="stmt"/>
        <line num="63" count="0" type="stmt"/>
        <line num="64" count="0" type="stmt"/>
        <line num="65" count="0" type="stmt"/>
        <line num="68" count="0" type="stmt"/>
        <line num="69" count="0" type="stmt"/>
        <line num="70" count="0" type="stmt"/>
        <line num="71" count="0" type="stmt"/>
        <line num="74" count="0" type="stmt"/>
        <line num="75" count="0" type="stmt"/>
        <line num="79" count="0" type="stmt"/>
        <line num="80" count="0" type="cond" truecount="0" falsecount="2"/>
        <line num="81" count="0" type="stmt"/>
        <line num="85" count="75" type="stmt"/>
        <line num="86" count="75" type="cond" truecount="3" falsecount="3"/>
      </file>
      <file name="useLiveBadges.ts" path="C:\Users\zenja\OneDrive\Desktop\RANDOM CODE\WEB APPLICATION\POS System\POS-APP\app\shared\hooks\useLiveBadges.ts">
        <metrics statements="21" coveredstatements="0" conditionals="0" coveredconditionals="0" methods="11" coveredmethods="0"/>
        <line num="16" count="0" type="stmt"/>
        <line num="17" count="0" type="stmt"/>
        <line num="18" count="0" type="stmt"/>
        <line num="20" count="0" type="stmt"/>
        <line num="21" count="0" type="stmt"/>
        <line num="22" count="0" type="stmt"/>
        <line num="23" count="0" type="stmt"/>
        <line num="24" count="0" type="stmt"/>
        <line num="26" count="0" type="stmt"/>
        <line num="27" count="0" type="stmt"/>
        <line num="28" count="0" type="stmt"/>
        <line num="30" count="0" type="stmt"/>
        <line num="31" count="0" type="stmt"/>
        <line num="32" count="0" type="stmt"/>
        <line num="34" count="0" type="stmt"/>
        <line num="35" count="0" type="stmt"/>
        <line num="36" count="0" type="stmt"/>
        <line num="37" count="0" type="stmt"/>
        <line num="41" count="0" type="stmt"/>
        <line num="45" count="0" type="stmt"/>
        <line num="46" count="0" type="stmt"/>
      </file>
      <file name="useShift.tsx" path="C:\Users\zenja\OneDrive\Desktop\RANDOM CODE\WEB APPLICATION\POS System\POS-APP\app\shared\hooks\useShift.tsx">
        <metrics statements="31" coveredstatements="1" conditionals="4" coveredconditionals="0" methods="7" coveredmethods="0"/>
        <line num="16" count="1" type="stmt"/>
        <line num="19" count="0" type="stmt"/>
        <line num="20" count="0" type="stmt"/>
        <line num="21" count="0" type="stmt"/>
        <line num="22" count="0" type="stmt"/>
        <line num="24" count="0" type="stmt"/>
        <line num="25" count="0" type="cond" truecount="0" falsecount="2"/>
        <line num="26" count="0" type="stmt"/>
        <line num="27" count="0" type="stmt"/>
        <line num="28" count="0" type="stmt"/>
        <line num="30" count="0" type="stmt"/>
        <line num="31" count="0" type="stmt"/>
        <line num="32" count="0" type="stmt"/>
        <line num="33" count="0" type="stmt"/>
        <line num="35" count="0" type="stmt"/>
        <line num="37" count="0" type="stmt"/>
        <line num="41" count="0" type="stmt"/>
        <line num="42" count="0" type="stmt"/>
        <line num="45" count="0" type="stmt"/>
        <line num="46" count="0" type="stmt"/>
        <line num="47" count="0" type="stmt"/>
        <line num="50" count="0" type="stmt"/>
        <line num="51" count="0" type="stmt"/>
        <line num="52" count="0" type="stmt"/>
        <line num="53" count="0" type="stmt"/>
        <line num="56" count="0" type="stmt"/>
        <line num="57" count="0" type="stmt"/>
        <line num="60" count="0" type="stmt"/>
        <line num="64" count="0" type="stmt"/>
        <line num="65" count="0" type="cond" truecount="0" falsecount="2"/>
        <line num="66" count="0" type="stmt"/>
      </file>
      <file name="useSocket.tsx" path="C:\Users\zenja\OneDrive\Desktop\RANDOM CODE\WEB APPLICATION\POS System\POS-APP\app\shared\hooks\useSocket.tsx">
        <metrics statements="79" coveredstatements="30" conditionals="29" coveredconditionals="14" methods="23" coveredmethods="8"/>
        <line num="30" count="13" type="stmt"/>
        <line num="39" count="13" type="stmt"/>
        <line num="41" count="13" type="stmt"/>
        <line num="42" count="13" type="stmt"/>
        <line num="43" count="13" type="stmt"/>
        <line num="44" count="13" type="stmt"/>
        <line num="45" count="13" type="stmt"/>
        <line num="46" count="13" type="stmt"/>
        <line num="49" count="13" type="stmt"/>
        <line num="50" count="4" type="stmt"/>
        <line num="53" count="13" type="stmt"/>
        <line num="54" count="4" type="stmt"/>
        <line num="57" count="13" type="stmt"/>
        <line num="58" count="12" type="cond" truecount="3" falsecount="1"/>
        <line num="59" count="12" type="cond" truecount="1" falsecount="1"/>
        <line num="61" count="12" type="stmt"/>
        <line num="62" count="12" type="cond" truecount="2" falsecount="2"/>
        <line num="64" count="0" type="stmt"/>
        <line num="65" count="0" type="stmt"/>
        <line num="67" count="0" type="stmt"/>
        <line num="68" count="0" type="stmt"/>
        <line num="70" count="0" type="stmt"/>
        <line num="81" count="0" type="stmt"/>
        <line num="82" count="0" type="stmt"/>
        <line num="83" count="0" type="stmt"/>
        <line num="84" count="0" type="stmt"/>
        <line num="87" count="0" type="cond" truecount="0" falsecount="2"/>
        <line num="88" count="0" type="stmt"/>
        <line num="91" count="0" type="stmt"/>
        <line num="92" count="0" type="stmt"/>
        <line num="93" count="0" type="stmt"/>
        <line num="94" count="0" type="cond" truecount="0" falsecount="2"/>
        <line num="95" count="0" type="stmt"/>
        <line num="99" count="0" type="stmt"/>
        <line num="100" count="0" type="stmt"/>
        <line num="101" count="0" type="stmt"/>
        <line num="104" count="0" type="stmt"/>
        <line num="105" count="0" type="stmt"/>
        <line num="108" count="0" type="stmt"/>
        <line num="109" count="0" type="stmt"/>
        <line num="110" count="0" type="stmt"/>
        <line num="113" count="0" type="stmt"/>
        <line num="114" count="0" type="stmt"/>
        <line num="115" count="0" type="stmt"/>
        <line num="118" count="0" type="stmt"/>
        <line num="119" count="0" type="stmt"/>
        <line num="120" count="0" type="stmt"/>
        <line num="123" count="0" type="stmt"/>
        <line num="124" count="0" type="stmt"/>
        <line num="125" count="0" type="stmt"/>
        <line num="128" count="0" type="stmt"/>
        <line num="129" count="0" type="stmt"/>
        <line num="130" count="0" type="stmt"/>
        <line num="133" count="0" type="stmt"/>
        <line num="136" count="13" type="stmt"/>
        <line num="137" count="14" type="cond" truecount="1" falsecount="1"/>
        <line num="138" count="0" type="stmt"/>
        <line num="139" count="0" type="stmt"/>
        <line num="140" count="0" type="stmt"/>
        <line num="141" count="0" type="stmt"/>
        <line num="145" count="13" type="stmt"/>
        <line num="146" count="0" type="stmt"/>
        <line num="149" count="13" type="stmt"/>
        <line num="150" count="0" type="stmt"/>
        <line num="153" count="13" type="stmt"/>
        <line num="154" count="0" type="stmt"/>
        <line num="155" count="0" type="stmt"/>
        <line num="156" count="0" type="cond" truecount="0" falsecount="6"/>
        <line num="157" count="0" type="stmt"/>
        <line num="159" count="0" type="stmt"/>
        <line num="163" count="0" type="stmt"/>
        <line num="168" count="13" type="stmt"/>
        <line num="169" count="13" type="cond" truecount="5" falsecount="0"/>
        <line num="170" count="12" type="stmt"/>
        <line num="172" count="1" type="stmt"/>
        <line num="174" count="13" type="stmt"/>
        <line num="177" count="13" type="stmt"/>
        <line num="178" count="13" type="stmt"/>
        <line num="191" count="13" type="stmt"/>
      </file>
    </package>
    <package name="shared.layouts">
      <metrics statements="37" coveredstatements="5" conditionals="31" coveredconditionals="9" methods="16" coveredmethods="3"/>
      <file name="MainLayout.tsx" path="C:\Users\zenja\OneDrive\Desktop\RANDOM CODE\WEB APPLICATION\POS System\POS-APP\app\shared\layouts\MainLayout.tsx">
        <metrics statements="37" coveredstatements="5" conditionals="31" coveredconditionals="9" methods="16" coveredmethods="3"/>
        <line num="31" count="1" type="stmt"/>
        <line num="48" count="41" type="cond" truecount="2" falsecount="0"/>
        <line num="49" count="16" type="cond" truecount="5" falsecount="0"/>
        <line num="50" count="12" type="stmt"/>
        <line num="54" count="36" type="stmt"/>
        <line num="58" count="0" type="stmt"/>
        <line num="59" count="0" type="stmt"/>
        <line num="60" count="0" type="cond" truecount="0" falsecount="2"/>
        <line num="61" count="0" type="stmt"/>
        <line num="67" count="0" type="cond" truecount="0" falsecount="2"/>
        <line num="68" count="0" type="stmt"/>
        <line num="72" count="0" type="stmt"/>
        <line num="73" count="0" type="cond" truecount="0" falsecount="2"/>
        <line num="74" count="0" type="stmt"/>
        <line num="75" count="0" type="cond" truecount="0" falsecount="2"/>
        <line num="76" count="0" type="stmt"/>
        <line num="77" count="0" type="stmt"/>
        <line num="80" count="0" type="stmt"/>
        <line num="81" count="0" type="stmt"/>
        <line num="83" count="0" type="stmt"/>
        <line num="84" count="0" type="stmt"/>
        <line num="85" count="0" type="stmt"/>
        <line num="86" count="0" type="stmt"/>
        <line num="87" count="0" type="stmt"/>
        <line num="88" count="0" type="stmt"/>
        <line num="89" count="0" type="stmt"/>
        <line num="90" count="0" type="stmt"/>
        <line num="94" count="0" type="stmt"/>
        <line num="97" count="0" type="stmt"/>
        <line num="98" count="0" type="stmt"/>
        <line num="101" count="0" type="stmt"/>
        <line num="102" count="0" type="stmt"/>
        <line num="105" count="0" type="stmt"/>
        <line num="106" count="0" type="stmt"/>
        <line num="111" count="0" type="stmt"/>
        <line num="120" count="0" type="stmt"/>
        <line num="121" count="0" type="stmt"/>
      </file>
    </package>
  </project>
</coverage>
