{"C:\\Users\\zenja\\OneDrive\\Desktop\\RANDOM CODE\\WEB APPLICATION\\POS System\\POS-APP\\app\\lib\\api.ts": {"path":"C:\\Users\\zenja\\OneDrive\\Desktop\\RANDOM CODE\\WEB APPLICATION\\POS System\\POS-APP\\app\\lib\\api.ts","statementMap":{"0":{"start":{"line":22,"column":26},"end":{"line":22,"column":null}},"1":{"start":{"line":24,"column":2},"end":{"line":24,"column":null}},"2":{"start":{"line":25,"column":2},"end":{"line":29,"column":null}},"3":{"start":{"line":26,"column":4},"end":{"line":26,"column":null}},"4":{"start":{"line":33,"column":2},"end":{"line":42,"column":null}},"5":{"start":{"line":34,"column":4},"end":{"line":40,"column":null}},"6":{"start":{"line":43,"column":2},"end":{"line":43,"column":null}},"7":{"start":{"line":47,"column":8},"end":{"line":47,"column":null}},"8":{"start":{"line":48,"column":2},"end":{"line":48,"column":null}},"9":{"start":{"line":53,"column":2},"end":{"line":72,"column":null}},"10":{"start":{"line":54,"column":16},"end":{"line":57,"column":null}},"11":{"start":{"line":58,"column":4},"end":{"line":58,"column":null}},"12":{"start":{"line":59,"column":15},"end":{"line":59,"column":null}},"13":{"start":{"line":60,"column":4},"end":{"line":60,"column":null}},"14":{"start":{"line":61,"column":4},"end":{"line":61,"column":null}},"15":{"start":{"line":63,"column":4},"end":{"line":70,"column":null}},"16":{"start":{"line":65,"column":6},"end":{"line":69,"column":null}},"17":{"start":{"line":66,"column":8},"end":{"line":66,"column":null}},"18":{"start":{"line":67,"column":8},"end":{"line":67,"column":null}},"19":{"start":{"line":68,"column":8},"end":{"line":68,"column":null}},"20":{"start":{"line":71,"column":4},"end":{"line":71,"column":null}},"21":{"start":{"line":76,"column":2},"end":{"line":78,"column":null}},"22":{"start":{"line":77,"column":4},"end":{"line":77,"column":null}},"23":{"start":{"line":79,"column":2},"end":{"line":79,"column":null}},"24":{"start":{"line":83,"column":2},"end":{"line":89,"column":null}},"25":{"start":{"line":84,"column":4},"end":{"line":84,"column":null}},"26":{"start":{"line":88,"column":4},"end":{"line":88,"column":null}},"27":{"start":{"line":93,"column":14},"end":{"line":93,"column":null}},"28":{"start":{"line":94,"column":2},"end":{"line":94,"column":null}},"29":{"start":{"line":107,"column":2},"end":{"line":124,"column":null}},"30":{"start":{"line":108,"column":16},"end":{"line":112,"column":null}},"31":{"start":{"line":113,"column":4},"end":{"line":113,"column":null}},"32":{"start":{"line":114,"column":4},"end":{"line":114,"column":null}},"33":{"start":{"line":116,"column":4},"end":{"line":119,"column":null}},"34":{"start":{"line":117,"column":6},"end":{"line":117,"column":null}},"35":{"start":{"line":118,"column":6},"end":{"line":118,"column":null}},"36":{"start":{"line":120,"column":4},"end":{"line":122,"column":null}},"37":{"start":{"line":121,"column":6},"end":{"line":121,"column":null}},"38":{"start":{"line":123,"column":4},"end":{"line":123,"column":null}},"39":{"start":{"line":132,"column":23},"end":{"line":132,"column":null}},"40":{"start":{"line":135,"column":2},"end":{"line":142,"column":null}},"41":{"start":{"line":136,"column":16},"end":{"line":136,"column":null}},"42":{"start":{"line":137,"column":4},"end":{"line":137,"column":null}},"43":{"start":{"line":137,"column":14},"end":{"line":137,"column":null}},"44":{"start":{"line":138,"column":14},"end":{"line":138,"column":null}},"45":{"start":{"line":139,"column":4},"end":{"line":139,"column":null}},"46":{"start":{"line":141,"column":4},"end":{"line":141,"column":null}},"47":{"start":{"line":146,"column":2},"end":{"line":151,"column":null}},"48":{"start":{"line":147,"column":4},"end":{"line":148,"column":null}},"49":{"start":{"line":147,"column":11},"end":{"line":147,"column":null}},"50":{"start":{"line":148,"column":9},"end":{"line":148,"column":null}},"51":{"start":{"line":172,"column":2},"end":{"line":175,"column":null}},"52":{"start":{"line":172,"column":77},"end":{"line":175,"column":4}},"53":{"start":{"line":179,"column":2},"end":{"line":179,"column":null}},"54":{"start":{"line":179,"column":12},"end":{"line":179,"column":null}},"55":{"start":{"line":180,"column":17},"end":{"line":180,"column":null}},"56":{"start":{"line":181,"column":23},"end":{"line":183,"column":null}},"57":{"start":{"line":183,"column":36},"end":{"line":183,"column":56}},"58":{"start":{"line":184,"column":23},"end":{"line":189,"column":null}},"59":{"start":{"line":187,"column":21},"end":{"line":187,"column":null}},"60":{"start":{"line":187,"column":42},"end":{"line":187,"column":62}},"61":{"start":{"line":188,"column":8},"end":{"line":188,"column":null}},"62":{"start":{"line":190,"column":106},"end":{"line":190,"column":null}},"63":{"start":{"line":191,"column":2},"end":{"line":191,"column":null}},"64":{"start":{"line":192,"column":2},"end":{"line":192,"column":null}},"65":{"start":{"line":193,"column":2},"end":{"line":199,"column":null}},"66":{"start":{"line":203,"column":2},"end":{"line":215,"column":null}},"67":{"start":{"line":204,"column":16},"end":{"line":204,"column":null}},"68":{"start":{"line":205,"column":4},"end":{"line":205,"column":null}},"69":{"start":{"line":206,"column":4},"end":{"line":206,"column":null}},"70":{"start":{"line":208,"column":4},"end":{"line":212,"column":null}},"71":{"start":{"line":209,"column":6},"end":{"line":209,"column":null}},"72":{"start":{"line":210,"column":16},"end":{"line":210,"column":null}},"73":{"start":{"line":211,"column":6},"end":{"line":211,"column":null}},"74":{"start":{"line":213,"column":4},"end":{"line":213,"column":null}},"75":{"start":{"line":213,"column":51},"end":{"line":213,"column":null}},"76":{"start":{"line":214,"column":4},"end":{"line":214,"column":null}},"77":{"start":{"line":219,"column":2},"end":{"line":244,"column":null}},"78":{"start":{"line":220,"column":14},"end":{"line":220,"column":null}},"79":{"start":{"line":221,"column":4},"end":{"line":221,"column":null}},"80":{"start":{"line":222,"column":4},"end":{"line":222,"column":null}},"81":{"start":{"line":224,"column":4},"end":{"line":242,"column":null}},"82":{"start":{"line":225,"column":6},"end":{"line":225,"column":null}},"83":{"start":{"line":226,"column":23},"end":{"line":226,"column":null}},"84":{"start":{"line":227,"column":6},"end":{"line":229,"column":null}},"85":{"start":{"line":228,"column":8},"end":{"line":228,"column":null}},"86":{"start":{"line":230,"column":18},"end":{"line":230,"column":null}},"87":{"start":{"line":231,"column":23},"end":{"line":239,"column":null}},"88":{"start":{"line":240,"column":6},"end":{"line":240,"column":null}},"89":{"start":{"line":241,"column":6},"end":{"line":241,"column":null}},"90":{"start":{"line":243,"column":4},"end":{"line":243,"column":null}},"91":{"start":{"line":248,"column":2},"end":{"line":272,"column":null}},"92":{"start":{"line":249,"column":14},"end":{"line":249,"column":null}},"93":{"start":{"line":250,"column":4},"end":{"line":250,"column":null}},"94":{"start":{"line":251,"column":4},"end":{"line":251,"column":null}},"95":{"start":{"line":252,"column":4},"end":{"line":252,"column":null}},"96":{"start":{"line":254,"column":4},"end":{"line":270,"column":null}},"97":{"start":{"line":255,"column":6},"end":{"line":255,"column":null}},"98":{"start":{"line":256,"column":23},"end":{"line":256,"column":null}},"99":{"start":{"line":257,"column":6},"end":{"line":259,"column":null}},"100":{"start":{"line":258,"column":8},"end":{"line":258,"column":null}},"101":{"start":{"line":260,"column":23},"end":{"line":267,"column":null}},"102":{"start":{"line":268,"column":6},"end":{"line":268,"column":null}},"103":{"start":{"line":269,"column":6},"end":{"line":269,"column":null}},"104":{"start":{"line":271,"column":4},"end":{"line":271,"column":null}},"105":{"start":{"line":277,"column":2},"end":{"line":287,"column":null}},"106":{"start":{"line":278,"column":16},"end":{"line":278,"column":null}},"107":{"start":{"line":279,"column":4},"end":{"line":279,"column":null}},"108":{"start":{"line":280,"column":4},"end":{"line":280,"column":null}},"109":{"start":{"line":282,"column":4},"end":{"line":285,"column":null}},"110":{"start":{"line":283,"column":6},"end":{"line":283,"column":null}},"111":{"start":{"line":284,"column":6},"end":{"line":284,"column":null}},"112":{"start":{"line":286,"column":4},"end":{"line":286,"column":null}},"113":{"start":{"line":298,"column":17},"end":{"line":298,"column":null}},"114":{"start":{"line":299,"column":2},"end":{"line":299,"column":null}},"115":{"start":{"line":300,"column":2},"end":{"line":300,"column":null}},"116":{"start":{"line":301,"column":2},"end":{"line":301,"column":null}},"117":{"start":{"line":301,"column":11},"end":{"line":301,"column":null}},"118":{"start":{"line":302,"column":2},"end":{"line":302,"column":null}},"119":{"start":{"line":302,"column":20},"end":{"line":302,"column":null}},"120":{"start":{"line":303,"column":2},"end":{"line":303,"column":null}},"121":{"start":{"line":304,"column":2},"end":{"line":325,"column":null}},"122":{"start":{"line":305,"column":16},"end":{"line":305,"column":null}},"123":{"start":{"line":306,"column":4},"end":{"line":306,"column":null}},"124":{"start":{"line":307,"column":4},"end":{"line":307,"column":null}},"125":{"start":{"line":309,"column":4},"end":{"line":323,"column":null}},"126":{"start":{"line":310,"column":6},"end":{"line":310,"column":null}},"127":{"start":{"line":311,"column":17},"end":{"line":311,"column":null}},"128":{"start":{"line":312,"column":6},"end":{"line":312,"column":null}},"129":{"start":{"line":312,"column":24},"end":{"line":312,"column":null}},"130":{"start":{"line":312,"column":50},"end":{"line":312,"column":79}},"131":{"start":{"line":313,"column":6},"end":{"line":321,"column":null}},"132":{"start":{"line":314,"column":23},"end":{"line":314,"column":null}},"133":{"start":{"line":315,"column":8},"end":{"line":320,"column":null}},"134":{"start":{"line":317,"column":12},"end":{"line":319,"column":null}},"135":{"start":{"line":322,"column":6},"end":{"line":322,"column":null}},"136":{"start":{"line":324,"column":4},"end":{"line":324,"column":null}},"137":{"start":{"line":329,"column":2},"end":{"line":336,"column":null}},"138":{"start":{"line":330,"column":4},"end":{"line":330,"column":null}},"139":{"start":{"line":332,"column":4},"end":{"line":334,"column":null}},"140":{"start":{"line":333,"column":6},"end":{"line":333,"column":null}},"141":{"start":{"line":333,"column":39},"end":{"line":333,"column":75}},"142":{"start":{"line":335,"column":4},"end":{"line":335,"column":null}},"143":{"start":{"line":351,"column":2},"end":{"line":351,"column":null}},"144":{"start":{"line":355,"column":2},"end":{"line":355,"column":null}},"145":{"start":{"line":359,"column":2},"end":{"line":359,"column":null}},"146":{"start":{"line":374,"column":2},"end":{"line":374,"column":null}},"147":{"start":{"line":390,"column":2},"end":{"line":446,"column":null}},"148":{"start":{"line":391,"column":16},"end":{"line":393,"column":null}},"149":{"start":{"line":394,"column":4},"end":{"line":394,"column":null}},"150":{"start":{"line":395,"column":4},"end":{"line":395,"column":null}},"151":{"start":{"line":397,"column":4},"end":{"line":444,"column":null}},"152":{"start":{"line":399,"column":6},"end":{"line":399,"column":null}},"153":{"start":{"line":400,"column":20},"end":{"line":412,"column":null}},"154":{"start":{"line":401,"column":18},"end":{"line":401,"column":null}},"155":{"start":{"line":401,"column":44},"end":{"line":401,"column":65}},"156":{"start":{"line":402,"column":21},"end":{"line":402,"column":null}},"157":{"start":{"line":403,"column":8},"end":{"line":411,"column":null}},"158":{"start":{"line":413,"column":23},"end":{"line":413,"column":null}},"159":{"start":{"line":413,"column":46},"end":{"line":413,"column":68}},"160":{"start":{"line":414,"column":18},"end":{"line":418,"column":null}},"161":{"start":{"line":415,"column":18},"end":{"line":415,"column":null}},"162":{"start":{"line":415,"column":44},"end":{"line":415,"column":77}},"163":{"start":{"line":416,"column":20},"end":{"line":416,"column":null}},"164":{"start":{"line":417,"column":8},"end":{"line":417,"column":null}},"165":{"start":{"line":419,"column":20},"end":{"line":419,"column":null}},"166":{"start":{"line":420,"column":19},"end":{"line":420,"column":null}},"167":{"start":{"line":420,"column":51},"end":{"line":420,"column":70}},"168":{"start":{"line":421,"column":27},"end":{"line":442,"column":null}},"169":{"start":{"line":435,"column":48},"end":{"line":440,"column":10}},"170":{"start":{"line":443,"column":6},"end":{"line":443,"column":null}},"171":{"start":{"line":445,"column":4},"end":{"line":445,"column":null}},"172":{"start":{"line":459,"column":13},"end":{"line":459,"column":null}},"173":{"start":{"line":460,"column":2},"end":{"line":460,"column":null}},"174":{"start":{"line":461,"column":2},"end":{"line":461,"column":null}},"175":{"start":{"line":462,"column":2},"end":{"line":462,"column":null}},"176":{"start":{"line":462,"column":21},"end":{"line":462,"column":null}},"177":{"start":{"line":463,"column":2},"end":{"line":463,"column":null}},"178":{"start":{"line":463,"column":16},"end":{"line":463,"column":null}},"179":{"start":{"line":464,"column":2},"end":{"line":464,"column":null}},"180":{"start":{"line":464,"column":19},"end":{"line":464,"column":null}},"181":{"start":{"line":465,"column":2},"end":{"line":465,"column":null}},"182":{"start":{"line":465,"column":17},"end":{"line":465,"column":null}},"183":{"start":{"line":466,"column":2},"end":{"line":466,"column":null}},"184":{"start":{"line":466,"column":25},"end":{"line":466,"column":null}},"185":{"start":{"line":467,"column":2},"end":{"line":467,"column":null}},"186":{"start":{"line":467,"column":24},"end":{"line":467,"column":null}},"187":{"start":{"line":468,"column":2},"end":{"line":494,"column":null}},"188":{"start":{"line":469,"column":16},"end":{"line":469,"column":null}},"189":{"start":{"line":470,"column":4},"end":{"line":470,"column":null}},"190":{"start":{"line":471,"column":4},"end":{"line":471,"column":null}},"191":{"start":{"line":473,"column":4},"end":{"line":492,"column":null}},"192":{"start":{"line":474,"column":6},"end":{"line":474,"column":null}},"193":{"start":{"line":475,"column":17},"end":{"line":475,"column":null}},"194":{"start":{"line":476,"column":6},"end":{"line":476,"column":null}},"195":{"start":{"line":476,"column":25},"end":{"line":476,"column":null}},"196":{"start":{"line":476,"column":51},"end":{"line":476,"column":77}},"197":{"start":{"line":477,"column":6},"end":{"line":480,"column":null}},"198":{"start":{"line":478,"column":23},"end":{"line":478,"column":null}},"199":{"start":{"line":479,"column":8},"end":{"line":479,"column":null}},"200":{"start":{"line":479,"column":34},"end":{"line":479,"column":78}},"201":{"start":{"line":481,"column":6},"end":{"line":484,"column":null}},"202":{"start":{"line":482,"column":23},"end":{"line":482,"column":null}},"203":{"start":{"line":483,"column":8},"end":{"line":483,"column":null}},"204":{"start":{"line":483,"column":37},"end":{"line":483,"column":null}},"205":{"start":{"line":483,"column":63},"end":{"line":483,"column":96}},"206":{"start":{"line":485,"column":6},"end":{"line":488,"column":null}},"207":{"start":{"line":486,"column":21},"end":{"line":486,"column":null}},"208":{"start":{"line":487,"column":8},"end":{"line":487,"column":null}},"209":{"start":{"line":487,"column":35},"end":{"line":487,"column":null}},"210":{"start":{"line":487,"column":61},"end":{"line":487,"column":92}},"211":{"start":{"line":489,"column":6},"end":{"line":489,"column":null}},"212":{"start":{"line":489,"column":29},"end":{"line":489,"column":null}},"213":{"start":{"line":489,"column":55},"end":{"line":489,"column":89}},"214":{"start":{"line":490,"column":6},"end":{"line":490,"column":null}},"215":{"start":{"line":490,"column":28},"end":{"line":490,"column":null}},"216":{"start":{"line":490,"column":54},"end":{"line":490,"column":86}},"217":{"start":{"line":491,"column":6},"end":{"line":491,"column":null}},"218":{"start":{"line":493,"column":4},"end":{"line":493,"column":null}},"219":{"start":{"line":498,"column":2},"end":{"line":506,"column":null}},"220":{"start":{"line":499,"column":4},"end":{"line":499,"column":null}},"221":{"start":{"line":501,"column":4},"end":{"line":504,"column":null}},"222":{"start":{"line":502,"column":20},"end":{"line":502,"column":null}},"223":{"start":{"line":502,"column":44},"end":{"line":502,"column":55}},"224":{"start":{"line":503,"column":6},"end":{"line":503,"column":null}},"225":{"start":{"line":503,"column":17},"end":{"line":503,"column":null}},"226":{"start":{"line":505,"column":4},"end":{"line":505,"column":null}},"227":{"start":{"line":510,"column":42},"end":{"line":510,"column":null}},"228":{"start":{"line":511,"column":2},"end":{"line":511,"column":null}},"229":{"start":{"line":511,"column":21},"end":{"line":511,"column":null}},"230":{"start":{"line":512,"column":2},"end":{"line":512,"column":null}},"231":{"start":{"line":517,"column":13},"end":{"line":517,"column":null}},"232":{"start":{"line":518,"column":2},"end":{"line":518,"column":null}},"233":{"start":{"line":518,"column":9},"end":{"line":518,"column":null}},"234":{"start":{"line":519,"column":2},"end":{"line":536,"column":null}},"235":{"start":{"line":520,"column":16},"end":{"line":520,"column":null}},"236":{"start":{"line":521,"column":4},"end":{"line":521,"column":null}},"237":{"start":{"line":522,"column":4},"end":{"line":522,"column":null}},"238":{"start":{"line":524,"column":4},"end":{"line":534,"column":null}},"239":{"start":{"line":525,"column":6},"end":{"line":525,"column":null}},"240":{"start":{"line":526,"column":17},"end":{"line":526,"column":null}},"241":{"start":{"line":527,"column":6},"end":{"line":532,"column":null}},"242":{"start":{"line":528,"column":23},"end":{"line":528,"column":null}},"243":{"start":{"line":529,"column":8},"end":{"line":531,"column":null}},"244":{"start":{"line":530,"column":17},"end":{"line":530,"column":null}},"245":{"start":{"line":533,"column":6},"end":{"line":533,"column":null}},"246":{"start":{"line":535,"column":4},"end":{"line":535,"column":null}},"247":{"start":{"line":541,"column":2},"end":{"line":579,"column":null}},"248":{"start":{"line":542,"column":16},"end":{"line":542,"column":null}},"249":{"start":{"line":543,"column":4},"end":{"line":543,"column":null}},"250":{"start":{"line":544,"column":14},"end":{"line":544,"column":null}},"251":{"start":{"line":545,"column":4},"end":{"line":553,"column":null}},"252":{"start":{"line":555,"column":4},"end":{"line":577,"column":null}},"253":{"start":{"line":556,"column":6},"end":{"line":556,"column":null}},"254":{"start":{"line":557,"column":20},"end":{"line":557,"column":null}},"255":{"start":{"line":557,"column":46},"end":{"line":557,"column":65}},"256":{"start":{"line":557,"column":84},"end":{"line":557,"column":102}},"257":{"start":{"line":558,"column":6},"end":{"line":576,"column":null}},"258":{"start":{"line":563,"column":63},"end":{"line":567,"column":10}},"259":{"start":{"line":575,"column":46},"end":{"line":575,"column":76}},"260":{"start":{"line":578,"column":4},"end":{"line":578,"column":null}},"261":{"start":{"line":583,"column":2},"end":{"line":587,"column":null}},"262":{"start":{"line":584,"column":4},"end":{"line":584,"column":null}},"263":{"start":{"line":586,"column":4},"end":{"line":586,"column":null}},"264":{"start":{"line":591,"column":13},"end":{"line":591,"column":null}},"265":{"start":{"line":592,"column":2},"end":{"line":603,"column":null}},"266":{"start":{"line":593,"column":4},"end":{"line":593,"column":null}},"267":{"start":{"line":595,"column":4},"end":{"line":595,"column":null}},"268":{"start":{"line":597,"column":4},"end":{"line":602,"column":null}},"269":{"start":{"line":598,"column":18},"end":{"line":598,"column":null}},"270":{"start":{"line":599,"column":6},"end":{"line":599,"column":null}},"271":{"start":{"line":601,"column":6},"end":{"line":601,"column":null}},"272":{"start":{"line":607,"column":13},"end":{"line":607,"column":null}},"273":{"start":{"line":608,"column":2},"end":{"line":608,"column":null}},"274":{"start":{"line":608,"column":9},"end":{"line":608,"column":null}},"275":{"start":{"line":609,"column":2},"end":{"line":622,"column":null}},"276":{"start":{"line":610,"column":16},"end":{"line":610,"column":null}},"277":{"start":{"line":611,"column":4},"end":{"line":611,"column":null}},"278":{"start":{"line":614,"column":15},"end":{"line":614,"column":null}},"279":{"start":{"line":615,"column":4},"end":{"line":620,"column":null}},"280":{"start":{"line":616,"column":21},"end":{"line":616,"column":null}},"281":{"start":{"line":617,"column":6},"end":{"line":619,"column":null}},"282":{"start":{"line":618,"column":15},"end":{"line":618,"column":null}},"283":{"start":{"line":621,"column":4},"end":{"line":621,"column":null}},"284":{"start":{"line":626,"column":2},"end":{"line":626,"column":null}},"285":{"start":{"line":630,"column":2},"end":{"line":630,"column":null}},"286":{"start":{"line":634,"column":2},"end":{"line":634,"column":null}},"287":{"start":{"line":638,"column":2},"end":{"line":638,"column":null}},"288":{"start":{"line":646,"column":2},"end":{"line":659,"column":null}},"289":{"start":{"line":647,"column":19},"end":{"line":647,"column":null}},"290":{"start":{"line":648,"column":4},"end":{"line":648,"column":null}},"291":{"start":{"line":649,"column":4},"end":{"line":652,"column":null}},"292":{"start":{"line":654,"column":4},"end":{"line":657,"column":null}},"293":{"start":{"line":656,"column":6},"end":{"line":656,"column":null}},"294":{"start":{"line":658,"column":4},"end":{"line":658,"column":null}}},"fnMap":{"0":{"name":"markDemo","decl":{"start":{"line":23,"column":9},"end":{"line":23,"column":18}},"loc":{"start":{"line":23,"column":36},"end":{"line":30,"column":null}},"line":23},"1":{"name":"isOffline","decl":{"start":{"line":32,"column":16},"end":{"line":32,"column":26}},"loc":{"start":{"line":32,"column":47},"end":{"line":44,"column":null}},"line":32},"2":{"name":"paginate","decl":{"start":{"line":46,"column":9},"end":{"line":46,"column":21}},"loc":{"start":{"line":46,"column":78},"end":{"line":49,"column":null}},"line":46},"3":{"name":"login","decl":{"start":{"line":52,"column":22},"end":{"line":52,"column":28}},"loc":{"start":{"line":52,"column":91},"end":{"line":73,"column":null}},"line":52},"4":{"name":"fetchMe","decl":{"start":{"line":75,"column":22},"end":{"line":75,"column":52}},"loc":{"start":{"line":75,"column":52},"end":{"line":80,"column":null}},"line":75},"5":{"name":"logout","decl":{"start":{"line":82,"column":22},"end":{"line":82,"column":46}},"loc":{"start":{"line":82,"column":46},"end":{"line":90,"column":null}},"line":82},"6":{"name":"requestOverride","decl":{"start":{"line":92,"column":22},"end":{"line":92,"column":38}},"loc":{"start":{"line":92,"column":68},"end":{"line":95,"column":null}},"line":92},"7":{"name":"deliverReceipt","decl":{"start":{"line":102,"column":22},"end":{"line":102,"column":null}},"loc":{"start":{"line":106,"column":47},"end":{"line":125,"column":null}},"line":106},"8":{"name":"loadDemoShift","decl":{"start":{"line":134,"column":9},"end":{"line":134,"column":39}},"loc":{"start":{"line":134,"column":39},"end":{"line":143,"column":null}},"line":134},"9":{"name":"storeDemoShift","decl":{"start":{"line":145,"column":9},"end":{"line":145,"column":24}},"loc":{"start":{"line":145,"column":47},"end":{"line":152,"column":null}},"line":145},"10":{"name":"toCounts","decl":{"start":{"line":171,"column":9},"end":{"line":171,"column":18}},"loc":{"start":{"line":171,"column":72},"end":{"line":176,"column":null}},"line":171},"11":{"name":"(anonymous_11)","decl":{"start":{"line":172,"column":43},"end":{"line":172,"column":48}},"loc":{"start":{"line":172,"column":77},"end":{"line":175,"column":4}},"line":172},"12":{"name":"normalizeShift","decl":{"start":{"line":178,"column":16},"end":{"line":178,"column":31}},"loc":{"start":{"line":178,"column":79},"end":{"line":200,"column":null}},"line":178},"13":{"name":"(anonymous_13)","decl":{"start":{"line":183,"column":22},"end":{"line":183,"column":30}},"loc":{"start":{"line":183,"column":36},"end":{"line":183,"column":56}},"line":183},"14":{"name":"(anonymous_14)","decl":{"start":{"line":185,"column":10},"end":{"line":185,"column":null}},"loc":{"start":{"line":186,"column":13},"end":{"line":189,"column":7}},"line":186},"15":{"name":"(anonymous_15)","decl":{"start":{"line":187,"column":28},"end":{"line":187,"column":36}},"loc":{"start":{"line":187,"column":42},"end":{"line":187,"column":62}},"line":187},"16":{"name":"getCurrentShift","decl":{"start":{"line":202,"column":22},"end":{"line":202,"column":63}},"loc":{"start":{"line":202,"column":63},"end":{"line":216,"column":null}},"line":202},"17":{"name":"openShift","decl":{"start":{"line":218,"column":22},"end":{"line":218,"column":32}},"loc":{"start":{"line":218,"column":90},"end":{"line":245,"column":null}},"line":218},"18":{"name":"closeShift","decl":{"start":{"line":247,"column":22},"end":{"line":247,"column":33}},"loc":{"start":{"line":247,"column":91},"end":{"line":273,"column":null}},"line":247},"19":{"name":"listCategories","decl":{"start":{"line":276,"column":22},"end":{"line":276,"column":60}},"loc":{"start":{"line":276,"column":60},"end":{"line":288,"column":null}},"line":276},"20":{"name":"listProducts","decl":{"start":{"line":297,"column":22},"end":{"line":297,"column":35}},"loc":{"start":{"line":297,"column":86},"end":{"line":326,"column":null}},"line":297},"21":{"name":"(anonymous_21)","decl":{"start":{"line":312,"column":36},"end":{"line":312,"column":44}},"loc":{"start":{"line":312,"column":50},"end":{"line":312,"column":79}},"line":312},"22":{"name":"(anonymous_22)","decl":{"start":{"line":315,"column":20},"end":{"line":315,"column":null}},"loc":{"start":{"line":317,"column":12},"end":{"line":319,"column":null}},"line":317},"23":{"name":"lookupBarcode","decl":{"start":{"line":328,"column":22},"end":{"line":328,"column":36}},"loc":{"start":{"line":328,"column":75},"end":{"line":337,"column":null}},"line":328},"24":{"name":"(anonymous_24)","decl":{"start":{"line":333,"column":27},"end":{"line":333,"column":33}},"loc":{"start":{"line":333,"column":39},"end":{"line":333,"column":75}},"line":333},"25":{"name":"createProduct","decl":{"start":{"line":339,"column":22},"end":{"line":339,"column":36}},"loc":{"start":{"line":350,"column":21},"end":{"line":352,"column":null}},"line":350},"26":{"name":"adjustStock","decl":{"start":{"line":354,"column":22},"end":{"line":354,"column":34}},"loc":{"start":{"line":354,"column":121},"end":{"line":356,"column":null}},"line":354},"27":{"name":"archiveProduct","decl":{"start":{"line":358,"column":22},"end":{"line":358,"column":37}},"loc":{"start":{"line":358,"column":64},"end":{"line":360,"column":null}},"line":358},"28":{"name":"updateProduct","decl":{"start":{"line":362,"column":22},"end":{"line":362,"column":36}},"loc":{"start":{"line":373,"column":22},"end":{"line":375,"column":null}},"line":373},"29":{"name":"checkout","decl":{"start":{"line":386,"column":22},"end":{"line":386,"column":null}},"loc":{"start":{"line":389,"column":50},"end":{"line":447,"column":null}},"line":389},"30":{"name":"(anonymous_30)","decl":{"start":{"line":400,"column":32},"end":{"line":400,"column":37}},"loc":{"start":{"line":400,"column":47},"end":{"line":412,"column":7}},"line":400},"31":{"name":"(anonymous_31)","decl":{"start":{"line":401,"column":32},"end":{"line":401,"column":38}},"loc":{"start":{"line":401,"column":44},"end":{"line":401,"column":65}},"line":401},"32":{"name":"(anonymous_32)","decl":{"start":{"line":413,"column":29},"end":{"line":413,"column":37}},"loc":{"start":{"line":413,"column":46},"end":{"line":413,"column":68}},"line":413},"33":{"name":"(anonymous_33)","decl":{"start":{"line":414,"column":24},"end":{"line":414,"column":32}},"loc":{"start":{"line":414,"column":44},"end":{"line":418,"column":9}},"line":414},"34":{"name":"(anonymous_34)","decl":{"start":{"line":415,"column":32},"end":{"line":415,"column":38}},"loc":{"start":{"line":415,"column":44},"end":{"line":415,"column":77}},"line":415},"35":{"name":"(anonymous_35)","decl":{"start":{"line":420,"column":34},"end":{"line":420,"column":42}},"loc":{"start":{"line":420,"column":51},"end":{"line":420,"column":70}},"line":420},"36":{"name":"(anonymous_36)","decl":{"start":{"line":435,"column":33},"end":{"line":435,"column":38}},"loc":{"start":{"line":435,"column":48},"end":{"line":440,"column":10}},"line":435},"37":{"name":"listOrders","decl":{"start":{"line":449,"column":22},"end":{"line":449,"column":33}},"loc":{"start":{"line":458,"column":30},"end":{"line":495,"column":null}},"line":458},"38":{"name":"(anonymous_38)","decl":{"start":{"line":476,"column":37},"end":{"line":476,"column":45}},"loc":{"start":{"line":476,"column":51},"end":{"line":476,"column":77}},"line":476},"39":{"name":"(anonymous_39)","decl":{"start":{"line":479,"column":20},"end":{"line":479,"column":28}},"loc":{"start":{"line":479,"column":34},"end":{"line":479,"column":78}},"line":479},"40":{"name":"(anonymous_40)","decl":{"start":{"line":483,"column":49},"end":{"line":483,"column":57}},"loc":{"start":{"line":483,"column":63},"end":{"line":483,"column":96}},"line":483},"41":{"name":"(anonymous_41)","decl":{"start":{"line":487,"column":47},"end":{"line":487,"column":55}},"loc":{"start":{"line":487,"column":61},"end":{"line":487,"column":92}},"line":487},"42":{"name":"(anonymous_42)","decl":{"start":{"line":489,"column":41},"end":{"line":489,"column":49}},"loc":{"start":{"line":489,"column":55},"end":{"line":489,"column":89}},"line":489},"43":{"name":"(anonymous_43)","decl":{"start":{"line":490,"column":40},"end":{"line":490,"column":48}},"loc":{"start":{"line":490,"column":54},"end":{"line":490,"column":86}},"line":490},"44":{"name":"getOrder","decl":{"start":{"line":497,"column":22},"end":{"line":497,"column":31}},"loc":{"start":{"line":497,"column":59},"end":{"line":507,"column":null}},"line":497},"45":{"name":"(anonymous_45)","decl":{"start":{"line":502,"column":32},"end":{"line":502,"column":38}},"loc":{"start":{"line":502,"column":44},"end":{"line":502,"column":55}},"line":502},"46":{"name":"voidOrder","decl":{"start":{"line":509,"column":22},"end":{"line":509,"column":32}},"loc":{"start":{"line":509,"column":84},"end":{"line":513,"column":null}},"line":509},"47":{"name":"listCustomers","decl":{"start":{"line":516,"column":22},"end":{"line":516,"column":36}},"loc":{"start":{"line":516,"column":78},"end":{"line":537,"column":null}},"line":516},"48":{"name":"(anonymous_48)","decl":{"start":{"line":529,"column":20},"end":{"line":529,"column":null}},"loc":{"start":{"line":530,"column":17},"end":{"line":530,"column":null}},"line":530},"49":{"name":"getDailyReport","decl":{"start":{"line":540,"column":22},"end":{"line":540,"column":37}},"loc":{"start":{"line":540,"column":73},"end":{"line":580,"column":null}},"line":540},"50":{"name":"(anonymous_50)","decl":{"start":{"line":557,"column":32},"end":{"line":557,"column":40}},"loc":{"start":{"line":557,"column":46},"end":{"line":557,"column":65}},"line":557},"51":{"name":"(anonymous_51)","decl":{"start":{"line":557,"column":67},"end":{"line":557,"column":75}},"loc":{"start":{"line":557,"column":84},"end":{"line":557,"column":102}},"line":557},"52":{"name":"(anonymous_52)","decl":{"start":{"line":563,"column":48},"end":{"line":563,"column":53}},"loc":{"start":{"line":563,"column":63},"end":{"line":567,"column":10}},"line":563},"53":{"name":"(anonymous_53)","decl":{"start":{"line":575,"column":32},"end":{"line":575,"column":40}},"loc":{"start":{"line":575,"column":46},"end":{"line":575,"column":76}},"line":575},"54":{"name":"getSummary","decl":{"start":{"line":582,"column":22},"end":{"line":582,"column":33}},"loc":{"start":{"line":582,"column":83},"end":{"line":588,"column":null}},"line":582},"55":{"name":"checkHealth","decl":{"start":{"line":590,"column":22},"end":{"line":590,"column":81}},"loc":{"start":{"line":590,"column":81},"end":{"line":604,"column":null}},"line":590},"56":{"name":"listUsers","decl":{"start":{"line":606,"column":22},"end":{"line":606,"column":32}},"loc":{"start":{"line":606,"column":124},"end":{"line":623,"column":null}},"line":606},"57":{"name":"(anonymous_57)","decl":{"start":{"line":617,"column":18},"end":{"line":617,"column":null}},"loc":{"start":{"line":618,"column":15},"end":{"line":618,"column":null}},"line":618},"58":{"name":"createUser","decl":{"start":{"line":625,"column":22},"end":{"line":625,"column":33}},"loc":{"start":{"line":625,"column":117},"end":{"line":627,"column":null}},"line":625},"59":{"name":"updateUser","decl":{"start":{"line":629,"column":22},"end":{"line":629,"column":33}},"loc":{"start":{"line":629,"column":151},"end":{"line":631,"column":null}},"line":629},"60":{"name":"deleteUser","decl":{"start":{"line":633,"column":22},"end":{"line":633,"column":33}},"loc":{"start":{"line":633,"column":60},"end":{"line":635,"column":null}},"line":633},"61":{"name":"resetUserPassword","decl":{"start":{"line":637,"column":22},"end":{"line":637,"column":40}},"loc":{"start":{"line":637,"column":92},"end":{"line":639,"column":null}},"line":637},"62":{"name":"getReceipt","decl":{"start":{"line":642,"column":22},"end":{"line":642,"column":null}},"loc":{"start":{"line":645,"column":24},"end":{"line":660,"column":null}},"line":645}},"branchMap":{"0":{"loc":{"start":{"line":33,"column":2},"end":{"line":42,"column":null}},"type":"if","locations":[{"start":{"line":33,"column":2},"end":{"line":42,"column":null}},{"start":{},"end":{}}],"line":33},"1":{"loc":{"start":{"line":35,"column":6},"end":{"line":40,"column":null}},"type":"binary-expr","locations":[{"start":{"line":35,"column":6},"end":{"line":35,"column":null}},{"start":{"line":36,"column":6},"end":{"line":36,"column":null}},{"start":{"line":37,"column":6},"end":{"line":37,"column":null}},{"start":{"line":38,"column":6},"end":{"line":38,"column":null}},{"start":{"line":39,"column":6},"end":{"line":39,"column":null}},{"start":{"line":40,"column":6},"end":{"line":40,"column":null}}],"line":35},"2":{"loc":{"start":{"line":63,"column":4},"end":{"line":70,"column":null}},"type":"if","locations":[{"start":{"line":63,"column":4},"end":{"line":70,"column":null}},{"start":{},"end":{}}],"line":63},"3":{"loc":{"start":{"line":65,"column":6},"end":{"line":69,"column":null}},"type":"if","locations":[{"start":{"line":65,"column":6},"end":{"line":69,"column":null}},{"start":{},"end":{}}],"line":65},"4":{"loc":{"start":{"line":65,"column":10},"end":{"line":65,"column":66}},"type":"binary-expr","locations":[{"start":{"line":65,"column":10},"end":{"line":65,"column":44}},{"start":{"line":65,"column":44},"end":{"line":65,"column":66}}],"line":65},"5":{"loc":{"start":{"line":76,"column":2},"end":{"line":78,"column":null}},"type":"if","locations":[{"start":{"line":76,"column":2},"end":{"line":78,"column":null}},{"start":{},"end":{}}],"line":76},"6":{"loc":{"start":{"line":114,"column":21},"end":{"line":114,"column":41}},"type":"binary-expr","locations":[{"start":{"line":114,"column":21},"end":{"line":114,"column":35}},{"start":{"line":114,"column":35},"end":{"line":114,"column":41}}],"line":114},"7":{"loc":{"start":{"line":116,"column":4},"end":{"line":119,"column":null}},"type":"if","locations":[{"start":{"line":116,"column":4},"end":{"line":119,"column":null}},{"start":{},"end":{}}],"line":116},"8":{"loc":{"start":{"line":116,"column":8},"end":{"line":116,"column":63}},"type":"binary-expr","locations":[{"start":{"line":116,"column":8},"end":{"line":116,"column":33}},{"start":{"line":116,"column":33},"end":{"line":116,"column":63}}],"line":116},"9":{"loc":{"start":{"line":120,"column":4},"end":{"line":122,"column":null}},"type":"if","locations":[{"start":{"line":120,"column":4},"end":{"line":122,"column":null}},{"start":{},"end":{}}],"line":120},"10":{"loc":{"start":{"line":120,"column":8},"end":{"line":120,"column":73}},"type":"binary-expr","locations":[{"start":{"line":120,"column":8},"end":{"line":120,"column":34}},{"start":{"line":120,"column":34},"end":{"line":120,"column":54}},{"start":{"line":120,"column":54},"end":{"line":120,"column":73}}],"line":120},"11":{"loc":{"start":{"line":137,"column":4},"end":{"line":137,"column":null}},"type":"if","locations":[{"start":{"line":137,"column":4},"end":{"line":137,"column":null}},{"start":{},"end":{}}],"line":137},"12":{"loc":{"start":{"line":139,"column":11},"end":{"line":139,"column":null}},"type":"cond-expr","locations":[{"start":{"line":139,"column":76},"end":{"line":139,"column":80}},{"start":{"line":139,"column":80},"end":{"line":139,"column":null}}],"line":139},"13":{"loc":{"start":{"line":139,"column":11},"end":{"line":139,"column":76}},"type":"binary-expr","locations":[{"start":{"line":139,"column":11},"end":{"line":139,"column":16}},{"start":{"line":139,"column":16},"end":{"line":139,"column":44}},{"start":{"line":139,"column":44},"end":{"line":139,"column":76}}],"line":139},"14":{"loc":{"start":{"line":147,"column":4},"end":{"line":148,"column":null}},"type":"if","locations":[{"start":{"line":147,"column":4},"end":{"line":148,"column":null}},{"start":{"line":148,"column":9},"end":{"line":148,"column":null}}],"line":147},"15":{"loc":{"start":{"line":172,"column":10},"end":{"line":172,"column":41}},"type":"cond-expr","locations":[{"start":{"line":172,"column":32},"end":{"line":172,"column":39}},{"start":{"line":172,"column":39},"end":{"line":172,"column":41}}],"line":172},"16":{"loc":{"start":{"line":179,"column":2},"end":{"line":179,"column":null}},"type":"if","locations":[{"start":{"line":179,"column":2},"end":{"line":179,"column":null}},{"start":{},"end":{}}],"line":179},"17":{"loc":{"start":{"line":180,"column":17},"end":{"line":180,"column":null}},"type":"cond-expr","locations":[{"start":{"line":180,"column":49},"end":{"line":180,"column":66}},{"start":{"line":180,"column":66},"end":{"line":180,"column":null}}],"line":180},"18":{"loc":{"start":{"line":181,"column":23},"end":{"line":183,"column":null}},"type":"cond-expr","locations":[{"start":{"line":182,"column":6},"end":{"line":182,"column":null}},{"start":{"line":183,"column":6},"end":{"line":183,"column":null}}],"line":181},"19":{"loc":{"start":{"line":184,"column":23},"end":{"line":189,"column":null}},"type":"cond-expr","locations":[{"start":{"line":185,"column":6},"end":{"line":185,"column":null}},{"start":{"line":185,"column":10},"end":{"line":189,"column":null}}],"line":184},"20":{"loc":{"start":{"line":188,"column":15},"end":{"line":188,"column":null}},"type":"cond-expr","locations":[{"start":{"line":188,"column":66},"end":{"line":188,"column":84}},{"start":{"line":188,"column":84},"end":{"line":188,"column":null}}],"line":188},"21":{"loc":{"start":{"line":188,"column":15},"end":{"line":188,"column":66}},"type":"binary-expr","locations":[{"start":{"line":188,"column":15},"end":{"line":188,"column":36}},{"start":{"line":188,"column":36},"end":{"line":188,"column":52}},{"start":{"line":188,"column":52},"end":{"line":188,"column":66}}],"line":188},"22":{"loc":{"start":{"line":188,"column":84},"end":{"line":188,"column":null}},"type":"binary-expr","locations":[{"start":{"line":188,"column":84},"end":{"line":188,"column":104}},{"start":{"line":188,"column":104},"end":{"line":188,"column":null}}],"line":188},"23":{"loc":{"start":{"line":197,"column":15},"end":{"line":197,"column":null}},"type":"binary-expr","locations":[{"start":{"line":197,"column":15},"end":{"line":197,"column":32}},{"start":{"line":197,"column":32},"end":{"line":197,"column":44}},{"start":{"line":197,"column":44},"end":{"line":197,"column":null}}],"line":197},"24":{"loc":{"start":{"line":198,"column":13},"end":{"line":198,"column":null}},"type":"binary-expr","locations":[{"start":{"line":198,"column":13},"end":{"line":198,"column":28}},{"start":{"line":198,"column":28},"end":{"line":198,"column":40}},{"start":{"line":198,"column":40},"end":{"line":198,"column":null}}],"line":198},"25":{"loc":{"start":{"line":208,"column":4},"end":{"line":212,"column":null}},"type":"if","locations":[{"start":{"line":208,"column":4},"end":{"line":212,"column":null}},{"start":{},"end":{}}],"line":208},"26":{"loc":{"start":{"line":211,"column":13},"end":{"line":211,"column":null}},"type":"cond-expr","locations":[{"start":{"line":211,"column":40},"end":{"line":211,"column":44}},{"start":{"line":211,"column":44},"end":{"line":211,"column":null}}],"line":211},"27":{"loc":{"start":{"line":211,"column":13},"end":{"line":211,"column":40}},"type":"binary-expr","locations":[{"start":{"line":211,"column":13},"end":{"line":211,"column":18}},{"start":{"line":211,"column":18},"end":{"line":211,"column":40}}],"line":211},"28":{"loc":{"start":{"line":213,"column":4},"end":{"line":213,"column":null}},"type":"if","locations":[{"start":{"line":213,"column":4},"end":{"line":213,"column":null}},{"start":{},"end":{}}],"line":213},"29":{"loc":{"start":{"line":213,"column":8},"end":{"line":213,"column":51}},"type":"binary-expr","locations":[{"start":{"line":213,"column":8},"end":{"line":213,"column":33}},{"start":{"line":213,"column":33},"end":{"line":213,"column":51}}],"line":213},"30":{"loc":{"start":{"line":220,"column":60},"end":{"line":220,"column":108}},"type":"cond-expr","locations":[{"start":{"line":220,"column":67},"end":{"line":220,"column":92}},{"start":{"line":220,"column":92},"end":{"line":220,"column":108}}],"line":220},"31":{"loc":{"start":{"line":224,"column":4},"end":{"line":242,"column":null}},"type":"if","locations":[{"start":{"line":224,"column":4},"end":{"line":242,"column":null}},{"start":{},"end":{}}],"line":224},"32":{"loc":{"start":{"line":227,"column":6},"end":{"line":229,"column":null}},"type":"if","locations":[{"start":{"line":227,"column":6},"end":{"line":229,"column":null}},{"start":{},"end":{}}],"line":227},"33":{"loc":{"start":{"line":227,"column":10},"end":{"line":227,"column":50}},"type":"binary-expr","locations":[{"start":{"line":227,"column":10},"end":{"line":227,"column":22}},{"start":{"line":227,"column":22},"end":{"line":227,"column":50}}],"line":227},"34":{"loc":{"start":{"line":236,"column":14},"end":{"line":236,"column":null}},"type":"binary-expr","locations":[{"start":{"line":236,"column":14},"end":{"line":236,"column":22}},{"start":{"line":236,"column":22},"end":{"line":236,"column":null}}],"line":236},"35":{"loc":{"start":{"line":249,"column":61},"end":{"line":249,"column":109}},"type":"cond-expr","locations":[{"start":{"line":249,"column":68},"end":{"line":249,"column":93}},{"start":{"line":249,"column":93},"end":{"line":249,"column":109}}],"line":249},"36":{"loc":{"start":{"line":254,"column":4},"end":{"line":270,"column":null}},"type":"if","locations":[{"start":{"line":254,"column":4},"end":{"line":270,"column":null}},{"start":{},"end":{}}],"line":254},"37":{"loc":{"start":{"line":257,"column":6},"end":{"line":259,"column":null}},"type":"if","locations":[{"start":{"line":257,"column":6},"end":{"line":259,"column":null}},{"start":{},"end":{}}],"line":257},"38":{"loc":{"start":{"line":257,"column":10},"end":{"line":257,"column":51}},"type":"binary-expr","locations":[{"start":{"line":257,"column":10},"end":{"line":257,"column":23}},{"start":{"line":257,"column":23},"end":{"line":257,"column":51}}],"line":257},"39":{"loc":{"start":{"line":264,"column":14},"end":{"line":264,"column":null}},"type":"binary-expr","locations":[{"start":{"line":264,"column":14},"end":{"line":264,"column":22}},{"start":{"line":264,"column":22},"end":{"line":264,"column":39}},{"start":{"line":264,"column":39},"end":{"line":264,"column":null}}],"line":264},"40":{"loc":{"start":{"line":280,"column":11},"end":{"line":280,"column":null}},"type":"cond-expr","locations":[{"start":{"line":280,"column":32},"end":{"line":280,"column":38}},{"start":{"line":280,"column":38},"end":{"line":280,"column":null}}],"line":280},"41":{"loc":{"start":{"line":282,"column":4},"end":{"line":285,"column":null}},"type":"if","locations":[{"start":{"line":282,"column":4},"end":{"line":285,"column":null}},{"start":{},"end":{}}],"line":282},"42":{"loc":{"start":{"line":297,"column":35},"end":{"line":297,"column":86}},"type":"default-arg","locations":[{"start":{"line":297,"column":53},"end":{"line":297,"column":86}}],"line":297},"43":{"loc":{"start":{"line":299,"column":28},"end":{"line":299,"column":39}},"type":"binary-expr","locations":[{"start":{"line":299,"column":28},"end":{"line":299,"column":38}},{"start":{"line":299,"column":38},"end":{"line":299,"column":39}}],"line":299},"44":{"loc":{"start":{"line":300,"column":32},"end":{"line":300,"column":49}},"type":"binary-expr","locations":[{"start":{"line":300,"column":32},"end":{"line":300,"column":46}},{"start":{"line":300,"column":46},"end":{"line":300,"column":49}}],"line":300},"45":{"loc":{"start":{"line":301,"column":2},"end":{"line":301,"column":null}},"type":"if","locations":[{"start":{"line":301,"column":2},"end":{"line":301,"column":null}},{"start":{},"end":{}}],"line":301},"46":{"loc":{"start":{"line":302,"column":2},"end":{"line":302,"column":null}},"type":"if","locations":[{"start":{"line":302,"column":2},"end":{"line":302,"column":null}},{"start":{},"end":{}}],"line":302},"47":{"loc":{"start":{"line":309,"column":4},"end":{"line":323,"column":null}},"type":"if","locations":[{"start":{"line":309,"column":4},"end":{"line":323,"column":null}},{"start":{},"end":{}}],"line":309},"48":{"loc":{"start":{"line":312,"column":6},"end":{"line":312,"column":null}},"type":"if","locations":[{"start":{"line":312,"column":6},"end":{"line":312,"column":null}},{"start":{},"end":{}}],"line":312},"49":{"loc":{"start":{"line":313,"column":6},"end":{"line":321,"column":null}},"type":"if","locations":[{"start":{"line":313,"column":6},"end":{"line":321,"column":null}},{"start":{},"end":{}}],"line":313},"50":{"loc":{"start":{"line":317,"column":12},"end":{"line":319,"column":null}},"type":"binary-expr","locations":[{"start":{"line":317,"column":12},"end":{"line":317,"column":null}},{"start":{"line":318,"column":12},"end":{"line":318,"column":null}},{"start":{"line":318,"column":47},"end":{"line":319,"column":null}}],"line":317},"51":{"loc":{"start":{"line":319,"column":13},"end":{"line":319,"column":28}},"type":"binary-expr","locations":[{"start":{"line":319,"column":13},"end":{"line":319,"column":26}},{"start":{"line":319,"column":26},"end":{"line":319,"column":28}}],"line":319},"52":{"loc":{"start":{"line":322,"column":28},"end":{"line":322,"column":41}},"type":"binary-expr","locations":[{"start":{"line":322,"column":28},"end":{"line":322,"column":38}},{"start":{"line":322,"column":38},"end":{"line":322,"column":41}}],"line":322},"53":{"loc":{"start":{"line":322,"column":41},"end":{"line":322,"column":58}},"type":"binary-expr","locations":[{"start":{"line":322,"column":41},"end":{"line":322,"column":55}},{"start":{"line":322,"column":55},"end":{"line":322,"column":58}}],"line":322},"54":{"loc":{"start":{"line":332,"column":4},"end":{"line":334,"column":null}},"type":"if","locations":[{"start":{"line":332,"column":4},"end":{"line":334,"column":null}},{"start":{},"end":{}}],"line":332},"55":{"loc":{"start":{"line":333,"column":13},"end":{"line":333,"column":null}},"type":"binary-expr","locations":[{"start":{"line":333,"column":13},"end":{"line":333,"column":80}},{"start":{"line":333,"column":80},"end":{"line":333,"column":null}}],"line":333},"56":{"loc":{"start":{"line":333,"column":39},"end":{"line":333,"column":75}},"type":"binary-expr","locations":[{"start":{"line":333,"column":39},"end":{"line":333,"column":61}},{"start":{"line":333,"column":61},"end":{"line":333,"column":75}}],"line":333},"57":{"loc":{"start":{"line":397,"column":4},"end":{"line":444,"column":null}},"type":"if","locations":[{"start":{"line":397,"column":4},"end":{"line":444,"column":null}},{"start":{},"end":{}}],"line":397},"58":{"loc":{"start":{"line":402,"column":21},"end":{"line":402,"column":null}},"type":"binary-expr","locations":[{"start":{"line":402,"column":21},"end":{"line":402,"column":38}},{"start":{"line":402,"column":38},"end":{"line":402,"column":null}}],"line":402},"59":{"loc":{"start":{"line":406,"column":24},"end":{"line":406,"column":null}},"type":"binary-expr","locations":[{"start":{"line":406,"column":24},"end":{"line":406,"column":35}},{"start":{"line":406,"column":35},"end":{"line":406,"column":null}}],"line":406},"60":{"loc":{"start":{"line":407,"column":23},"end":{"line":407,"column":null}},"type":"binary-expr","locations":[{"start":{"line":407,"column":23},"end":{"line":407,"column":33}},{"start":{"line":407,"column":33},"end":{"line":407,"column":null}}],"line":407},"61":{"loc":{"start":{"line":416,"column":20},"end":{"line":416,"column":null}},"type":"binary-expr","locations":[{"start":{"line":416,"column":20},"end":{"line":416,"column":37}},{"start":{"line":416,"column":37},"end":{"line":416,"column":null}}],"line":416},"62":{"loc":{"start":{"line":419,"column":38},"end":{"line":419,"column":null}},"type":"binary-expr","locations":[{"start":{"line":419,"column":38},"end":{"line":419,"column":61}},{"start":{"line":419,"column":61},"end":{"line":419,"column":null}}],"line":419},"63":{"loc":{"start":{"line":426,"column":20},"end":{"line":426,"column":null}},"type":"binary-expr","locations":[{"start":{"line":426,"column":20},"end":{"line":426,"column":40}},{"start":{"line":426,"column":40},"end":{"line":426,"column":null}}],"line":426},"64":{"loc":{"start":{"line":429,"column":23},"end":{"line":429,"column":null}},"type":"binary-expr","locations":[{"start":{"line":429,"column":23},"end":{"line":429,"column":46}},{"start":{"line":429,"column":46},"end":{"line":429,"column":null}}],"line":429},"65":{"loc":{"start":{"line":433,"column":14},"end":{"line":433,"column":null}},"type":"binary-expr","locations":[{"start":{"line":433,"column":14},"end":{"line":433,"column":28}},{"start":{"line":433,"column":28},"end":{"line":433,"column":null}}],"line":433},"66":{"loc":{"start":{"line":439,"column":21},"end":{"line":439,"column":null}},"type":"binary-expr","locations":[{"start":{"line":439,"column":21},"end":{"line":439,"column":36}},{"start":{"line":439,"column":36},"end":{"line":439,"column":null}}],"line":439},"67":{"loc":{"start":{"line":460,"column":24},"end":{"line":460,"column":40}},"type":"binary-expr","locations":[{"start":{"line":460,"column":24},"end":{"line":460,"column":39}},{"start":{"line":460,"column":39},"end":{"line":460,"column":40}}],"line":460},"68":{"loc":{"start":{"line":461,"column":28},"end":{"line":461,"column":49}},"type":"binary-expr","locations":[{"start":{"line":461,"column":28},"end":{"line":461,"column":47}},{"start":{"line":461,"column":47},"end":{"line":461,"column":49}}],"line":461},"69":{"loc":{"start":{"line":462,"column":2},"end":{"line":462,"column":null}},"type":"if","locations":[{"start":{"line":462,"column":2},"end":{"line":462,"column":null}},{"start":{},"end":{}}],"line":462},"70":{"loc":{"start":{"line":463,"column":2},"end":{"line":463,"column":null}},"type":"if","locations":[{"start":{"line":463,"column":2},"end":{"line":463,"column":null}},{"start":{},"end":{}}],"line":463},"71":{"loc":{"start":{"line":464,"column":2},"end":{"line":464,"column":null}},"type":"if","locations":[{"start":{"line":464,"column":2},"end":{"line":464,"column":null}},{"start":{},"end":{}}],"line":464},"72":{"loc":{"start":{"line":465,"column":2},"end":{"line":465,"column":null}},"type":"if","locations":[{"start":{"line":465,"column":2},"end":{"line":465,"column":null}},{"start":{},"end":{}}],"line":465},"73":{"loc":{"start":{"line":466,"column":2},"end":{"line":466,"column":null}},"type":"if","locations":[{"start":{"line":466,"column":2},"end":{"line":466,"column":null}},{"start":{},"end":{}}],"line":466},"74":{"loc":{"start":{"line":467,"column":2},"end":{"line":467,"column":null}},"type":"if","locations":[{"start":{"line":467,"column":2},"end":{"line":467,"column":null}},{"start":{},"end":{}}],"line":467},"75":{"loc":{"start":{"line":473,"column":4},"end":{"line":492,"column":null}},"type":"if","locations":[{"start":{"line":473,"column":4},"end":{"line":492,"column":null}},{"start":{},"end":{}}],"line":473},"76":{"loc":{"start":{"line":476,"column":6},"end":{"line":476,"column":null}},"type":"if","locations":[{"start":{"line":476,"column":6},"end":{"line":476,"column":null}},{"start":{},"end":{}}],"line":476},"77":{"loc":{"start":{"line":477,"column":6},"end":{"line":480,"column":null}},"type":"if","locations":[{"start":{"line":477,"column":6},"end":{"line":480,"column":null}},{"start":{},"end":{}}],"line":477},"78":{"loc":{"start":{"line":481,"column":6},"end":{"line":484,"column":null}},"type":"if","locations":[{"start":{"line":481,"column":6},"end":{"line":484,"column":null}},{"start":{},"end":{}}],"line":481},"79":{"loc":{"start":{"line":483,"column":8},"end":{"line":483,"column":null}},"type":"if","locations":[{"start":{"line":483,"column":8},"end":{"line":483,"column":null}},{"start":{},"end":{}}],"line":483},"80":{"loc":{"start":{"line":485,"column":6},"end":{"line":488,"column":null}},"type":"if","locations":[{"start":{"line":485,"column":6},"end":{"line":488,"column":null}},{"start":{},"end":{}}],"line":485},"81":{"loc":{"start":{"line":487,"column":8},"end":{"line":487,"column":null}},"type":"if","locations":[{"start":{"line":487,"column":8},"end":{"line":487,"column":null}},{"start":{},"end":{}}],"line":487},"82":{"loc":{"start":{"line":489,"column":6},"end":{"line":489,"column":null}},"type":"if","locations":[{"start":{"line":489,"column":6},"end":{"line":489,"column":null}},{"start":{},"end":{}}],"line":489},"83":{"loc":{"start":{"line":490,"column":6},"end":{"line":490,"column":null}},"type":"if","locations":[{"start":{"line":490,"column":6},"end":{"line":490,"column":null}},{"start":{},"end":{}}],"line":490},"84":{"loc":{"start":{"line":491,"column":28},"end":{"line":491,"column":46}},"type":"binary-expr","locations":[{"start":{"line":491,"column":28},"end":{"line":491,"column":43}},{"start":{"line":491,"column":43},"end":{"line":491,"column":46}}],"line":491},"85":{"loc":{"start":{"line":491,"column":46},"end":{"line":491,"column":67}},"type":"binary-expr","locations":[{"start":{"line":491,"column":46},"end":{"line":491,"column":65}},{"start":{"line":491,"column":65},"end":{"line":491,"column":67}}],"line":491},"86":{"loc":{"start":{"line":501,"column":4},"end":{"line":504,"column":null}},"type":"if","locations":[{"start":{"line":501,"column":4},"end":{"line":504,"column":null}},{"start":{},"end":{}}],"line":501},"87":{"loc":{"start":{"line":503,"column":6},"end":{"line":503,"column":null}},"type":"if","locations":[{"start":{"line":503,"column":6},"end":{"line":503,"column":null}},{"start":{},"end":{}}],"line":503},"88":{"loc":{"start":{"line":511,"column":2},"end":{"line":511,"column":null}},"type":"if","locations":[{"start":{"line":511,"column":2},"end":{"line":511,"column":null}},{"start":{},"end":{}}],"line":511},"89":{"loc":{"start":{"line":518,"column":2},"end":{"line":518,"column":null}},"type":"if","locations":[{"start":{"line":518,"column":2},"end":{"line":518,"column":null}},{"start":{},"end":{}}],"line":518},"90":{"loc":{"start":{"line":524,"column":4},"end":{"line":534,"column":null}},"type":"if","locations":[{"start":{"line":524,"column":4},"end":{"line":534,"column":null}},{"start":{},"end":{}}],"line":524},"91":{"loc":{"start":{"line":527,"column":6},"end":{"line":532,"column":null}},"type":"if","locations":[{"start":{"line":527,"column":6},"end":{"line":532,"column":null}},{"start":{},"end":{}}],"line":527},"92":{"loc":{"start":{"line":530,"column":17},"end":{"line":530,"column":null}},"type":"binary-expr","locations":[{"start":{"line":530,"column":17},"end":{"line":530,"column":59}},{"start":{"line":530,"column":53},"end":{"line":530,"column":null}}],"line":530},"93":{"loc":{"start":{"line":530,"column":59},"end":{"line":530,"column":72}},"type":"binary-expr","locations":[{"start":{"line":530,"column":59},"end":{"line":530,"column":70}},{"start":{"line":530,"column":70},"end":{"line":530,"column":72}}],"line":530},"94":{"loc":{"start":{"line":546,"column":18},"end":{"line":546,"column":null}},"type":"binary-expr","locations":[{"start":{"line":546,"column":18},"end":{"line":546,"column":34}},{"start":{"line":546,"column":34},"end":{"line":546,"column":null}}],"line":546},"95":{"loc":{"start":{"line":547,"column":18},"end":{"line":547,"column":null}},"type":"binary-expr","locations":[{"start":{"line":547,"column":18},"end":{"line":547,"column":34}},{"start":{"line":547,"column":34},"end":{"line":547,"column":null}}],"line":547},"96":{"loc":{"start":{"line":548,"column":22},"end":{"line":548,"column":null}},"type":"binary-expr","locations":[{"start":{"line":548,"column":22},"end":{"line":548,"column":42}},{"start":{"line":548,"column":42},"end":{"line":548,"column":null}}],"line":548},"97":{"loc":{"start":{"line":549,"column":12},"end":{"line":549,"column":null}},"type":"binary-expr","locations":[{"start":{"line":549,"column":12},"end":{"line":549,"column":22}},{"start":{"line":549,"column":22},"end":{"line":549,"column":null}}],"line":549},"98":{"loc":{"start":{"line":550,"column":14},"end":{"line":550,"column":null}},"type":"binary-expr","locations":[{"start":{"line":550,"column":14},"end":{"line":550,"column":26}},{"start":{"line":550,"column":26},"end":{"line":550,"column":null}}],"line":550},"99":{"loc":{"start":{"line":551,"column":19},"end":{"line":551,"column":null}},"type":"binary-expr","locations":[{"start":{"line":551,"column":19},"end":{"line":551,"column":36}},{"start":{"line":551,"column":36},"end":{"line":551,"column":null}}],"line":551},"100":{"loc":{"start":{"line":552,"column":16},"end":{"line":552,"column":null}},"type":"binary-expr","locations":[{"start":{"line":552,"column":16},"end":{"line":552,"column":30}},{"start":{"line":552,"column":30},"end":{"line":552,"column":null}}],"line":552},"101":{"loc":{"start":{"line":555,"column":4},"end":{"line":577,"column":null}},"type":"if","locations":[{"start":{"line":555,"column":4},"end":{"line":577,"column":null}},{"start":{},"end":{}}],"line":555},"102":{"loc":{"start":{"line":555,"column":8},"end":{"line":555,"column":69}},"type":"binary-expr","locations":[{"start":{"line":555,"column":8},"end":{"line":555,"column":25}},{"start":{"line":555,"column":25},"end":{"line":555,"column":50}},{"start":{"line":555,"column":50},"end":{"line":555,"column":69}}],"line":555},"103":{"loc":{"start":{"line":608,"column":2},"end":{"line":608,"column":null}},"type":"if","locations":[{"start":{"line":608,"column":2},"end":{"line":608,"column":null}},{"start":{},"end":{}}],"line":608},"104":{"loc":{"start":{"line":615,"column":4},"end":{"line":620,"column":null}},"type":"if","locations":[{"start":{"line":615,"column":4},"end":{"line":620,"column":null}},{"start":{},"end":{}}],"line":615},"105":{"loc":{"start":{"line":618,"column":15},"end":{"line":618,"column":null}},"type":"binary-expr","locations":[{"start":{"line":618,"column":15},"end":{"line":618,"column":57}},{"start":{"line":618,"column":51},"end":{"line":618,"column":null}}],"line":618},"106":{"loc":{"start":{"line":618,"column":57},"end":{"line":618,"column":69}},"type":"binary-expr","locations":[{"start":{"line":618,"column":57},"end":{"line":618,"column":67}},{"start":{"line":618,"column":67},"end":{"line":618,"column":69}}],"line":618},"107":{"loc":{"start":{"line":654,"column":4},"end":{"line":657,"column":null}},"type":"if","locations":[{"start":{"line":654,"column":4},"end":{"line":657,"column":null}},{"start":{},"end":{}}],"line":654},"108":{"loc":{"start":{"line":654,"column":8},"end":{"line":654,"column":63}},"type":"binary-expr","locations":[{"start":{"line":654,"column":8},"end":{"line":654,"column":33}},{"start":{"line":654,"column":33},"end":{"line":654,"column":63}}],"line":654}},"s":{"0":2,"1":0,"2":0,"3":0,"4":0,"5":0,"6":0,"7":0,"8":0,"9":0,"10":0,"11":0,"12":0,"13":0,"14":0,"15":0,"16":0,"17":0,"18":0,"19":0,"20":0,"21":0,"22":0,"23":0,"24":0,"25":0,"26":0,"27":0,"28":0,"29":0,"30":0,"31":0,"32":0,"33":0,"34":0,"35":0,"36":0,"37":0,"38":0,"39":2,"40":0,"41":0,"42":0,"43":0,"44":0,"45":0,"46":0,"47":0,"48":0,"49":0,"50":0,"51":0,"52":0,"53":0,"54":0,"55":0,"56":0,"57":0,"58":0,"59":0,"60":0,"61":0,"62":0,"63":0,"64":0,"65":0,"66":0,"67":0,"68":0,"69":0,"70":0,"71":0,"72":0,"73":0,"74":0,"75":0,"76":0,"77":0,"78":0,"79":0,"80":0,"81":0,"82":0,"83":0,"84":0,"85":0,"86":0,"87":0,"88":0,"89":0,"90":0,"91":0,"92":0,"93":0,"94":0,"95":0,"96":0,"97":0,"98":0,"99":0,"100":0,"101":0,"102":0,"103":0,"104":0,"105":0,"106":0,"107":0,"108":0,"109":0,"110":0,"111":0,"112":0,"113":0,"114":0,"115":0,"116":0,"117":0,"118":0,"119":0,"120":0,"121":0,"122":0,"123":0,"124":0,"125":0,"126":0,"127":0,"128":0,"129":0,"130":0,"131":0,"132":0,"133":0,"134":0,"135":0,"136":0,"137":0,"138":0,"139":0,"140":0,"141":0,"142":0,"143":0,"144":0,"145":0,"146":0,"147":0,"148":0,"149":0,"150":0,"151":0,"152":0,"153":0,"154":0,"155":0,"156":0,"157":0,"158":0,"159":0,"160":0,"161":0,"162":0,"163":0,"164":0,"165":0,"166":0,"167":0,"168":0,"169":0,"170":0,"171":0,"172":0,"173":0,"174":0,"175":0,"176":0,"177":0,"178":0,"179":0,"180":0,"181":0,"182":0,"183":0,"184":0,"185":0,"186":0,"187":0,"188":0,"189":0,"190":0,"191":0,"192":0,"193":0,"194":0,"195":0,"196":0,"197":0,"198":0,"199":0,"200":0,"201":0,"202":0,"203":0,"204":0,"205":0,"206":0,"207":0,"208":0,"209":0,"210":0,"211":0,"212":0,"213":0,"214":0,"215":0,"216":0,"217":0,"218":0,"219":0,"220":0,"221":0,"222":0,"223":0,"224":0,"225":0,"226":0,"227":0,"228":0,"229":0,"230":0,"231":0,"232":0,"233":0,"234":0,"235":0,"236":0,"237":0,"238":0,"239":0,"240":0,"241":0,"242":0,"243":0,"244":0,"245":0,"246":0,"247":0,"248":0,"249":0,"250":0,"251":0,"252":0,"253":0,"254":0,"255":0,"256":0,"257":0,"258":0,"259":0,"260":0,"261":0,"262":0,"263":0,"264":16,"265":16,"266":16,"267":0,"268":16,"269":16,"270":0,"271":16,"272":0,"273":0,"274":0,"275":0,"276":0,"277":0,"278":0,"279":0,"280":0,"281":0,"282":0,"283":0,"284":0,"285":0,"286":0,"287":0,"288":0,"289":0,"290":0,"291":0,"292":0,"293":0,"294":0},"f":{"0":0,"1":0,"2":0,"3":0,"4":0,"5":0,"6":0,"7":0,"8":0,"9":0,"10":0,"11":0,"12":0,"13":0,"14":0,"15":0,"16":0,"17":0,"18":0,"19":0,"20":0,"21":0,"22":0,"23":0,"24":0,"25":0,"26":0,"27":0,"28":0,"29":0,"30":0,"31":0,"32":0,"33":0,"34":0,"35":0,"36":0,"37":0,"38":0,"39":0,"40":0,"41":0,"42":0,"43":0,"44":0,"45":0,"46":0,"47":0,"48":0,"49":0,"50":0,"51":0,"52":0,"53":0,"54":0,"55":16,"56":0,"57":0,"58":0,"59":0,"60":0,"61":0,"62":0},"b":{"0":[0,0],"1":[0,0,0,0,0,0],"2":[0,0],"3":[0,0],"4":[0,0],"5":[0,0],"6":[0,0],"7":[0,0],"8":[0,0],"9":[0,0],"10":[0,0,0],"11":[0,0],"12":[0,0],"13":[0,0,0],"14":[0,0],"15":[0,0],"16":[0,0],"17":[0,0],"18":[0,0],"19":[0,0],"20":[0,0],"21":[0,0,0],"22":[0,0],"23":[0,0,0],"24":[0,0,0],"25":[0,0],"26":[0,0],"27":[0,0],"28":[0,0],"29":[0,0],"30":[0,0],"31":[0,0],"32":[0,0],"33":[0,0],"34":[0,0],"35":[0,0],"36":[0,0],"37":[0,0],"38":[0,0],"39":[0,0,0],"40":[0,0],"41":[0,0],"42":[0],"43":[0,0],"44":[0,0],"45":[0,0],"46":[0,0],"47":[0,0],"48":[0,0],"49":[0,0],"50":[0,0,0],"51":[0,0],"52":[0,0],"53":[0,0],"54":[0,0],"55":[0,0],"56":[0,0],"57":[0,0],"58":[0,0],"59":[0,0],"60":[0,0],"61":[0,0],"62":[0,0],"63":[0,0],"64":[0,0],"65":[0,0],"66":[0,0],"67":[0,0],"68":[0,0],"69":[0,0],"70":[0,0],"71":[0,0],"72":[0,0],"73":[0,0],"74":[0,0],"75":[0,0],"76":[0,0],"77":[0,0],"78":[0,0],"79":[0,0],"80":[0,0],"81":[0,0],"82":[0,0],"83":[0,0],"84":[0,0],"85":[0,0],"86":[0,0],"87":[0,0],"88":[0,0],"89":[0,0],"90":[0,0],"91":[0,0],"92":[0,0],"93":[0,0],"94":[0,0],"95":[0,0],"96":[0,0],"97":[0,0],"98":[0,0],"99":[0,0],"100":[0,0],"101":[0,0],"102":[0,0,0],"103":[0,0],"104":[0,0],"105":[0,0],"106":[0,0],"107":[0,0],"108":[0,0]},"meta":{"lastBranch":109,"lastFunction":63,"lastStatement":295,"seen":{"s:22:26:22:Infinity":0,"f:23:9:23:18":0,"s:24:2:24:Infinity":1,"s:25:2:29:Infinity":2,"s:26:4:26:Infinity":3,"f:32:16:32:26":1,"b:33:2:42:Infinity:undefined:undefined:undefined:undefined":0,"s:33:2:42:Infinity":4,"s:34:4:40:Infinity":5,"b:35:6:35:Infinity:36:6:36:Infinity:37:6:37:Infinity:38:6:38:Infinity:39:6:39:Infinity:40:6:40:Infinity":1,"s:43:2:43:Infinity":6,"f:46:9:46:21":2,"s:47:8:47:Infinity":7,"s:48:2:48:Infinity":8,"f:52:22:52:28":3,"s:53:2:72:Infinity":9,"s:54:16:57:Infinity":10,"s:58:4:58:Infinity":11,"s:59:15:59:Infinity":12,"s:60:4:60:Infinity":13,"s:61:4:61:Infinity":14,"b:63:4:70:Infinity:undefined:undefined:undefined:undefined":2,"s:63:4:70:Infinity":15,"b:65:6:69:Infinity:undefined:undefined:undefined:undefined":3,"s:65:6:69:Infinity":16,"b:65:10:65:44:65:44:65:66":4,"s:66:8:66:Infinity":17,"s:67:8:67:Infinity":18,"s:68:8:68:Infinity":19,"s:71:4:71:Infinity":20,"f:75:22:75:52":4,"b:76:2:78:Infinity:undefined:undefined:undefined:undefined":5,"s:76:2:78:Infinity":21,"s:77:4:77:Infinity":22,"s:79:2:79:Infinity":23,"f:82:22:82:46":5,"s:83:2:89:Infinity":24,"s:84:4:84:Infinity":25,"s:88:4:88:Infinity":26,"f:92:22:92:38":6,"s:93:14:93:Infinity":27,"s:94:2:94:Infinity":28,"f:102:22:102:Infinity":7,"s:107:2:124:Infinity":29,"s:108:16:112:Infinity":30,"s:113:4:113:Infinity":31,"s:114:4:114:Infinity":32,"b:114:21:114:35:114:35:114:41":6,"b:116:4:119:Infinity:undefined:undefined:undefined:undefined":7,"s:116:4:119:Infinity":33,"b:116:8:116:33:116:33:116:63":8,"s:117:6:117:Infinity":34,"s:118:6:118:Infinity":35,"b:120:4:122:Infinity:undefined:undefined:undefined:undefined":9,"s:120:4:122:Infinity":36,"b:120:8:120:34:120:34:120:54:120:54:120:73":10,"s:121:6:121:Infinity":37,"s:123:4:123:Infinity":38,"s:132:23:132:Infinity":39,"f:134:9:134:39":8,"s:135:2:142:Infinity":40,"s:136:16:136:Infinity":41,"b:137:4:137:Infinity:undefined:undefined:undefined:undefined":11,"s:137:4:137:Infinity":42,"s:137:14:137:Infinity":43,"s:138:14:138:Infinity":44,"s:139:4:139:Infinity":45,"b:139:76:139:80:139:80:139:Infinity":12,"b:139:11:139:16:139:16:139:44:139:44:139:76":13,"s:141:4:141:Infinity":46,"f:145:9:145:24":9,"s:146:2:151:Infinity":47,"b:147:4:148:Infinity:148:9:148:Infinity":14,"s:147:4:148:Infinity":48,"s:147:11:147:Infinity":49,"s:148:9:148:Infinity":50,"f:171:9:171:18":10,"s:172:2:175:Infinity":51,"b:172:32:172:39:172:39:172:41":15,"f:172:43:172:48":11,"s:172:77:175:4":52,"f:178:16:178:31":12,"b:179:2:179:Infinity:undefined:undefined:undefined:undefined":16,"s:179:2:179:Infinity":53,"s:179:12:179:Infinity":54,"s:180:17:180:Infinity":55,"b:180:49:180:66:180:66:180:Infinity":17,"s:181:23:183:Infinity":56,"b:182:6:182:Infinity:183:6:183:Infinity":18,"f:183:22:183:30":13,"s:183:36:183:56":57,"s:184:23:189:Infinity":58,"b:185:6:185:Infinity:185:10:189:Infinity":19,"f:185:10:185:Infinity":14,"s:187:21:187:Infinity":59,"f:187:28:187:36":15,"s:187:42:187:62":60,"s:188:8:188:Infinity":61,"b:188:66:188:84:188:84:188:Infinity":20,"b:188:15:188:36:188:36:188:52:188:52:188:66":21,"b:188:84:188:104:188:104:188:Infinity":22,"s:190:106:190:Infinity":62,"s:191:2:191:Infinity":63,"s:192:2:192:Infinity":64,"s:193:2:199:Infinity":65,"b:197:15:197:32:197:32:197:44:197:44:197:Infinity":23,"b:198:13:198:28:198:28:198:40:198:40:198:Infinity":24,"f:202:22:202:63":16,"s:203:2:215:Infinity":66,"s:204:16:204:Infinity":67,"s:205:4:205:Infinity":68,"s:206:4:206:Infinity":69,"b:208:4:212:Infinity:undefined:undefined:undefined:undefined":25,"s:208:4:212:Infinity":70,"s:209:6:209:Infinity":71,"s:210:16:210:Infinity":72,"s:211:6:211:Infinity":73,"b:211:40:211:44:211:44:211:Infinity":26,"b:211:13:211:18:211:18:211:40":27,"b:213:4:213:Infinity:undefined:undefined:undefined:undefined":28,"s:213:4:213:Infinity":74,"b:213:8:213:33:213:33:213:51":29,"s:213:51:213:Infinity":75,"s:214:4:214:Infinity":76,"f:218:22:218:32":17,"s:219:2:244:Infinity":77,"s:220:14:220:Infinity":78,"b:220:67:220:92:220:92:220:108":30,"s:221:4:221:Infinity":79,"s:222:4:222:Infinity":80,"b:224:4:242:Infinity:undefined:undefined:undefined:undefined":31,"s:224:4:242:Infinity":81,"s:225:6:225:Infinity":82,"s:226:23:226:Infinity":83,"b:227:6:229:Infinity:undefined:undefined:undefined:undefined":32,"s:227:6:229:Infinity":84,"b:227:10:227:22:227:22:227:50":33,"s:228:8:228:Infinity":85,"s:230:18:230:Infinity":86,"s:231:23:239:Infinity":87,"b:236:14:236:22:236:22:236:Infinity":34,"s:240:6:240:Infinity":88,"s:241:6:241:Infinity":89,"s:243:4:243:Infinity":90,"f:247:22:247:33":18,"s:248:2:272:Infinity":91,"s:249:14:249:Infinity":92,"b:249:68:249:93:249:93:249:109":35,"s:250:4:250:Infinity":93,"s:251:4:251:Infinity":94,"s:252:4:252:Infinity":95,"b:254:4:270:Infinity:undefined:undefined:undefined:undefined":36,"s:254:4:270:Infinity":96,"s:255:6:255:Infinity":97,"s:256:23:256:Infinity":98,"b:257:6:259:Infinity:undefined:undefined:undefined:undefined":37,"s:257:6:259:Infinity":99,"b:257:10:257:23:257:23:257:51":38,"s:258:8:258:Infinity":100,"s:260:23:267:Infinity":101,"b:264:14:264:22:264:22:264:39:264:39:264:Infinity":39,"s:268:6:268:Infinity":102,"s:269:6:269:Infinity":103,"s:271:4:271:Infinity":104,"f:276:22:276:60":19,"s:277:2:287:Infinity":105,"s:278:16:278:Infinity":106,"s:279:4:279:Infinity":107,"s:280:4:280:Infinity":108,"b:280:32:280:38:280:38:280:Infinity":40,"b:282:4:285:Infinity:undefined:undefined:undefined:undefined":41,"s:282:4:285:Infinity":109,"s:283:6:283:Infinity":110,"s:284:6:284:Infinity":111,"s:286:4:286:Infinity":112,"f:297:22:297:35":20,"b:297:53:297:86":42,"s:298:17:298:Infinity":113,"s:299:2:299:Infinity":114,"b:299:28:299:38:299:38:299:39":43,"s:300:2:300:Infinity":115,"b:300:32:300:46:300:46:300:49":44,"b:301:2:301:Infinity:undefined:undefined:undefined:undefined":45,"s:301:2:301:Infinity":116,"s:301:11:301:Infinity":117,"b:302:2:302:Infinity:undefined:undefined:undefined:undefined":46,"s:302:2:302:Infinity":118,"s:302:20:302:Infinity":119,"s:303:2:303:Infinity":120,"s:304:2:325:Infinity":121,"s:305:16:305:Infinity":122,"s:306:4:306:Infinity":123,"s:307:4:307:Infinity":124,"b:309:4:323:Infinity:undefined:undefined:undefined:undefined":47,"s:309:4:323:Infinity":125,"s:310:6:310:Infinity":126,"s:311:17:311:Infinity":127,"b:312:6:312:Infinity:undefined:undefined:undefined:undefined":48,"s:312:6:312:Infinity":128,"s:312:24:312:Infinity":129,"f:312:36:312:44":21,"s:312:50:312:79":130,"b:313:6:321:Infinity:undefined:undefined:undefined:undefined":49,"s:313:6:321:Infinity":131,"s:314:23:314:Infinity":132,"s:315:8:320:Infinity":133,"f:315:20:315:Infinity":22,"s:317:12:319:Infinity":134,"b:317:12:317:Infinity:318:12:318:Infinity:318:47:319:Infinity":50,"b:319:13:319:26:319:26:319:28":51,"s:322:6:322:Infinity":135,"b:322:28:322:38:322:38:322:41":52,"b:322:41:322:55:322:55:322:58":53,"s:324:4:324:Infinity":136,"f:328:22:328:36":23,"s:329:2:336:Infinity":137,"s:330:4:330:Infinity":138,"b:332:4:334:Infinity:undefined:undefined:undefined:undefined":54,"s:332:4:334:Infinity":139,"s:333:6:333:Infinity":140,"b:333:13:333:80:333:80:333:Infinity":55,"f:333:27:333:33":24,"s:333:39:333:75":141,"b:333:39:333:61:333:61:333:75":56,"s:335:4:335:Infinity":142,"f:339:22:339:36":25,"s:351:2:351:Infinity":143,"f:354:22:354:34":26,"s:355:2:355:Infinity":144,"f:358:22:358:37":27,"s:359:2:359:Infinity":145,"f:362:22:362:36":28,"s:374:2:374:Infinity":146,"f:386:22:386:Infinity":29,"s:390:2:446:Infinity":147,"s:391:16:393:Infinity":148,"s:394:4:394:Infinity":149,"s:395:4:395:Infinity":150,"b:397:4:444:Infinity:undefined:undefined:undefined:undefined":57,"s:397:4:444:Infinity":151,"s:399:6:399:Infinity":152,"s:400:20:412:Infinity":153,"f:400:32:400:37":30,"s:401:18:401:Infinity":154,"f:401:32:401:38":31,"s:401:44:401:65":155,"s:402:21:402:Infinity":156,"b:402:21:402:38:402:38:402:Infinity":58,"s:403:8:411:Infinity":157,"b:406:24:406:35:406:35:406:Infinity":59,"b:407:23:407:33:407:33:407:Infinity":60,"s:413:23:413:Infinity":158,"f:413:29:413:37":32,"s:413:46:413:68":159,"s:414:18:418:Infinity":160,"f:414:24:414:32":33,"s:415:18:415:Infinity":161,"f:415:32:415:38":34,"s:415:44:415:77":162,"s:416:20:416:Infinity":163,"b:416:20:416:37:416:37:416:Infinity":61,"s:417:8:417:Infinity":164,"s:419:20:419:Infinity":165,"b:419:38:419:61:419:61:419:Infinity":62,"s:420:19:420:Infinity":166,"f:420:34:420:42":35,"s:420:51:420:70":167,"s:421:27:442:Infinity":168,"b:426:20:426:40:426:40:426:Infinity":63,"b:429:23:429:46:429:46:429:Infinity":64,"b:433:14:433:28:433:28:433:Infinity":65,"f:435:33:435:38":36,"s:435:48:440:10":169,"b:439:21:439:36:439:36:439:Infinity":66,"s:443:6:443:Infinity":170,"s:445:4:445:Infinity":171,"f:449:22:449:33":37,"s:459:13:459:Infinity":172,"s:460:2:460:Infinity":173,"b:460:24:460:39:460:39:460:40":67,"s:461:2:461:Infinity":174,"b:461:28:461:47:461:47:461:49":68,"b:462:2:462:Infinity:undefined:undefined:undefined:undefined":69,"s:462:2:462:Infinity":175,"s:462:21:462:Infinity":176,"b:463:2:463:Infinity:undefined:undefined:undefined:undefined":70,"s:463:2:463:Infinity":177,"s:463:16:463:Infinity":178,"b:464:2:464:Infinity:undefined:undefined:undefined:undefined":71,"s:464:2:464:Infinity":179,"s:464:19:464:Infinity":180,"b:465:2:465:Infinity:undefined:undefined:undefined:undefined":72,"s:465:2:465:Infinity":181,"s:465:17:465:Infinity":182,"b:466:2:466:Infinity:undefined:undefined:undefined:undefined":73,"s:466:2:466:Infinity":183,"s:466:25:466:Infinity":184,"b:467:2:467:Infinity:undefined:undefined:undefined:undefined":74,"s:467:2:467:Infinity":185,"s:467:24:467:Infinity":186,"s:468:2:494:Infinity":187,"s:469:16:469:Infinity":188,"s:470:4:470:Infinity":189,"s:471:4:471:Infinity":190,"b:473:4:492:Infinity:undefined:undefined:undefined:undefined":75,"s:473:4:492:Infinity":191,"s:474:6:474:Infinity":192,"s:475:17:475:Infinity":193,"b:476:6:476:Infinity:undefined:undefined:undefined:undefined":76,"s:476:6:476:Infinity":194,"s:476:25:476:Infinity":195,"f:476:37:476:45":38,"s:476:51:476:77":196,"b:477:6:480:Infinity:undefined:undefined:undefined:undefined":77,"s:477:6:480:Infinity":197,"s:478:23:478:Infinity":198,"s:479:8:479:Infinity":199,"f:479:20:479:28":39,"s:479:34:479:78":200,"b:481:6:484:Infinity:undefined:undefined:undefined:undefined":78,"s:481:6:484:Infinity":201,"s:482:23:482:Infinity":202,"b:483:8:483:Infinity:undefined:undefined:undefined:undefined":79,"s:483:8:483:Infinity":203,"s:483:37:483:Infinity":204,"f:483:49:483:57":40,"s:483:63:483:96":205,"b:485:6:488:Infinity:undefined:undefined:undefined:undefined":80,"s:485:6:488:Infinity":206,"s:486:21:486:Infinity":207,"b:487:8:487:Infinity:undefined:undefined:undefined:undefined":81,"s:487:8:487:Infinity":208,"s:487:35:487:Infinity":209,"f:487:47:487:55":41,"s:487:61:487:92":210,"b:489:6:489:Infinity:undefined:undefined:undefined:undefined":82,"s:489:6:489:Infinity":211,"s:489:29:489:Infinity":212,"f:489:41:489:49":42,"s:489:55:489:89":213,"b:490:6:490:Infinity:undefined:undefined:undefined:undefined":83,"s:490:6:490:Infinity":214,"s:490:28:490:Infinity":215,"f:490:40:490:48":43,"s:490:54:490:86":216,"s:491:6:491:Infinity":217,"b:491:28:491:43:491:43:491:46":84,"b:491:46:491:65:491:65:491:67":85,"s:493:4:493:Infinity":218,"f:497:22:497:31":44,"s:498:2:506:Infinity":219,"s:499:4:499:Infinity":220,"b:501:4:504:Infinity:undefined:undefined:undefined:undefined":86,"s:501:4:504:Infinity":221,"s:502:20:502:Infinity":222,"f:502:32:502:38":45,"s:502:44:502:55":223,"b:503:6:503:Infinity:undefined:undefined:undefined:undefined":87,"s:503:6:503:Infinity":224,"s:503:17:503:Infinity":225,"s:505:4:505:Infinity":226,"f:509:22:509:32":46,"s:510:42:510:Infinity":227,"b:511:2:511:Infinity:undefined:undefined:undefined:undefined":88,"s:511:2:511:Infinity":228,"s:511:21:511:Infinity":229,"s:512:2:512:Infinity":230,"f:516:22:516:36":47,"s:517:13:517:Infinity":231,"b:518:2:518:Infinity:undefined:undefined:undefined:undefined":89,"s:518:2:518:Infinity":232,"s:518:9:518:Infinity":233,"s:519:2:536:Infinity":234,"s:520:16:520:Infinity":235,"s:521:4:521:Infinity":236,"s:522:4:522:Infinity":237,"b:524:4:534:Infinity:undefined:undefined:undefined:undefined":90,"s:524:4:534:Infinity":238,"s:525:6:525:Infinity":239,"s:526:17:526:Infinity":240,"b:527:6:532:Infinity:undefined:undefined:undefined:undefined":91,"s:527:6:532:Infinity":241,"s:528:23:528:Infinity":242,"s:529:8:531:Infinity":243,"f:529:20:529:Infinity":48,"s:530:17:530:Infinity":244,"b:530:17:530:59:530:53:530:Infinity":92,"b:530:59:530:70:530:70:530:72":93,"s:533:6:533:Infinity":245,"s:535:4:535:Infinity":246,"f:540:22:540:37":49,"s:541:2:579:Infinity":247,"s:542:16:542:Infinity":248,"s:543:4:543:Infinity":249,"s:544:14:544:Infinity":250,"s:545:4:553:Infinity":251,"b:546:18:546:34:546:34:546:Infinity":94,"b:547:18:547:34:547:34:547:Infinity":95,"b:548:22:548:42:548:42:548:Infinity":96,"b:549:12:549:22:549:22:549:Infinity":97,"b:550:14:550:26:550:26:550:Infinity":98,"b:551:19:551:36:551:36:551:Infinity":99,"b:552:16:552:30:552:30:552:Infinity":100,"b:555:4:577:Infinity:undefined:undefined:undefined:undefined":101,"s:555:4:577:Infinity":252,"b:555:8:555:25:555:25:555:50:555:50:555:69":102,"s:556:6:556:Infinity":253,"s:557:20:557:Infinity":254,"f:557:32:557:40":50,"s:557:46:557:65":255,"f:557:67:557:75":51,"s:557:84:557:102":256,"s:558:6:576:Infinity":257,"f:563:48:563:53":52,"s:563:63:567:10":258,"f:575:32:575:40":53,"s:575:46:575:76":259,"s:578:4:578:Infinity":260,"f:582:22:582:33":54,"s:583:2:587:Infinity":261,"s:584:4:584:Infinity":262,"s:586:4:586:Infinity":263,"f:590:22:590:81":55,"s:591:13:591:Infinity":264,"s:592:2:603:Infinity":265,"s:593:4:593:Infinity":266,"s:595:4:595:Infinity":267,"s:597:4:602:Infinity":268,"s:598:18:598:Infinity":269,"s:599:6:599:Infinity":270,"s:601:6:601:Infinity":271,"f:606:22:606:32":56,"s:607:13:607:Infinity":272,"b:608:2:608:Infinity:undefined:undefined:undefined:undefined":103,"s:608:2:608:Infinity":273,"s:608:9:608:Infinity":274,"s:609:2:622:Infinity":275,"s:610:16:610:Infinity":276,"s:611:4:611:Infinity":277,"s:614:15:614:Infinity":278,"b:615:4:620:Infinity:undefined:undefined:undefined:undefined":104,"s:615:4:620:Infinity":279,"s:616:21:616:Infinity":280,"s:617:6:619:Infinity":281,"f:617:18:617:Infinity":57,"s:618:15:618:Infinity":282,"b:618:15:618:57:618:51:618:Infinity":105,"b:618:57:618:67:618:67:618:69":106,"s:621:4:621:Infinity":283,"f:625:22:625:33":58,"s:626:2:626:Infinity":284,"f:629:22:629:33":59,"s:630:2:630:Infinity":285,"f:633:22:633:33":60,"s:634:2:634:Infinity":286,"f:637:22:637:40":61,"s:638:2:638:Infinity":287,"f:642:22:642:Infinity":62,"s:646:2:659:Infinity":288,"s:647:19:647:Infinity":289,"s:648:4:648:Infinity":290,"s:649:4:652:Infinity":291,"b:654:4:657:Infinity:undefined:undefined:undefined:undefined":107,"s:654:4:657:Infinity":292,"b:654:8:654:33:654:33:654:63":108,"s:656:6:656:Infinity":293,"s:658:4:658:Infinity":294},"fnNames":{}}}
[...]
n":null}}],"line":32},"2":{"loc":{"start":{"line":58,"column":4},"end":{"line":58,"column":null}},"type":"if","locations":[{"start":{"line":58,"column":4},"end":{"line":58,"column":null}},{"start":{},"end":{}}],"line":58},"3":{"loc":{"start":{"line":58,"column":8},"end":{"line":58,"column":50}},"type":"binary-expr","locations":[{"start":{"line":58,"column":8},"end":{"line":58,"column":20}},{"start":{"line":58,"column":20},"end":{"line":58,"column":50}}],"line":58},"4":{"loc":{"start":{"line":59,"column":4},"end":{"line":59,"column":null}},"type":"if","locations":[{"start":{"line":59,"column":4},"end":{"line":59,"column":null}},{"start":{},"end":{}}],"line":59},"5":{"loc":{"start":{"line":62,"column":4},"end":{"line":62,"column":null}},"type":"if","locations":[{"start":{"line":62,"column":4},"end":{"line":62,"column":null}},{"start":{},"end":{}}],"line":62},"6":{"loc":{"start":{"line":62,"column":8},"end":{"line":62,"column":55}},"type":"binary-expr","locations":[{"start":{"line":62,"column":8},"end":{"line":62,"column":24}},{"start":{"line":62,"column":24},"end":{"line":62,"column":55}}],"line":62},"7":{"loc":{"start":{"line":87,"column":19},"end":{"line":87,"column":null}},"type":"cond-expr","locations":[{"start":{"line":87,"column":40},"end":{"line":87,"column":72}},{"start":{"line":87,"column":72},"end":{"line":87,"column":null}}],"line":87},"8":{"loc":{"start":{"line":94,"column":6},"end":{"line":96,"column":null}},"type":"if","locations":[{"start":{"line":94,"column":6},"end":{"line":96,"column":null}},{"start":{},"end":{}}],"line":94},"9":{"loc":{"start":{"line":137,"column":4},"end":{"line":142,"column":null}},"type":"if","locations":[{"start":{"line":137,"column":4},"end":{"line":142,"column":null}},{"start":{},"end":{}}],"line":137},"10":{"loc":{"start":{"line":156,"column":8},"end":{"line":160,"column":null}},"type":"if","locations":[{"start":{"line":156,"column":8},"end":{"line":160,"column":null}},{"start":{"line":158,"column":15},"end":{"line":160,"column":null}}],"line":156},"11":{"loc":{"start":{"line":156,"column":12},"end":{"line":156,"column":110}},"type":"binary-expr","locations":[{"start":{"line":156,"column":12},"end":{"line":156,"column":24}},{"start":{"line":156,"column":24},"end":{"line":156,"column":56}},{"start":{"line":156,"column":56},"end":{"line":156,"column":81}},{"start":{"line":156,"column":81},"end":{"line":156,"column":110}}],"line":156},"12":{"loc":{"start":{"line":169,"column":4},"end":{"line":173,"column":null}},"type":"if","locations":[{"start":{"line":169,"column":4},"end":{"line":173,"column":null}},{"start":{"line":171,"column":11},"end":{"line":173,"column":null}}],"line":169},"13":{"loc":{"start":{"line":169,"column":8},"end":{"line":169,"column":42}},"type":"binary-expr","locations":[{"start":{"line":169,"column":8},"end":{"line":169,"column":23}},{"start":{"line":169,"column":23},"end":{"line":169,"column":31}},{"start":{"line":169,"column":31},"end":{"line":169,"column":42}}],"line":169}},"s":{"0":13,"1":13,"2":13,"3":13,"4":13,"5":13,"6":13,"7":13,"8":13,"9":4,"10":13,"11":4,"12":13,"13":12,"14":0,"15":12,"16":0,"17":12,"18":12,"19":12,"20":0,"21":0,"22":0,"23":0,"24":0,"25":0,"26":0,"27":0,"28":0,"29":0,"30":0,"31":0,"32":0,"33":0,"34":0,"35":0,"36":0,"37":0,"38":0,"39":0,"40":0,"41":0,"42":0,"43":0,"44":0,"45":0,"46":0,"47":0,"48":0,"49":0,"50":0,"51":0,"52":0,"53":0,"54":0,"55":0,"56":0,"57":13,"58":14,"59":0,"60":0,"61":0,"62":0,"63":13,"64":0,"65":13,"66":0,"67":13,"68":0,"69":0,"70":0,"71":0,"72":0,"73":0,"74":0,"75":13,"76":13,"77":12,"78":1,"79":13,"80":13,"81":13,"82":13,"83":13},"f":{"0":13,"1":4,"2":4,"3":12,"4":0,"5":0,"6":0,"7":0,"8":0,"9":0,"10":0,"11":0,"12":0,"13":14,"14":0,"15":0,"16":0,"17":0,"18":0,"19":0,"20":13,"21":13,"22":13},"b":{"0":[13],"1":[13],"2":[0,12],"3":[12,12],"4":[0,12],"5":[12,0],"6":[12,0],"7":[0,0],"8":[0,0],"9":[0,14],"10":[0,0],"11":[0,0,0,0],"12":[12,1],"13":[13,12,12]},"meta":{"lastBranch":14,"lastFunction":23,"lastStatement":84,"seen":{"f:29:16:29:26":0,"b:29:54:29:58":0,"s:30:29:30:37":0,"s:39:6:39:Infinity":1,"b:32:18:32:Infinity":1,"s:41:36:41:Infinity":2,"s:42:38:42:Infinity":3,"s:43:28:43:Infinity":4,"s:44:20:44:Infinity":5,"s:45:21:45:Infinity":6,"s:46:22:46:Infinity":7,"s:49:2:51:Infinity":8,"f:49:2:49:18":1,"s:50:4:50:Infinity":9,"s:53:2:55:Infinity":10,"f:53:2:53:18":2,"s:54:4:54:Infinity":11,"s:57:18:134:Infinity":12,"f:57:18:57:36":3,"b:58:4:58:Infinity:undefined:undefined:undefined:undefined":2,"s:58:4:58:Infinity":13,"b:58:8:58:20:58:20:58:50":3,"s:58:50:58:Infinity":14,"b:59:4:59:Infinity:undefined:undefined:undefined:undefined":4,"s:59:4:59:Infinity":15,"s:59:15:59:Infinity":16,"s:61:24:61:39":17,"b:62:4:62:Infinity:undefined:undefined:undefined:undefined":5,"s:62:4:62:Infinity":18,"b:62:8:62:24:62:24:62:55":6,"s:62:55:62:Infinity":19,"s:64:4:64:Infinity":20,"s:65:4:65:Infinity":21,"s:67:22:67:Infinity":22,"s:68:23:68:Infinity":23,"s:70:19:79:Infinity":24,"s:81:4:89:Infinity":25,"f:81:14:81:31":4,"s:82:6:82:Infinity":26,"s:83:6:83:Infinity":27,"s:84:6:84:Infinity":28,"s:87:19:87:Infinity":29,"b:87:40:87:72:87:72:87:Infinity":7,"s:88:6:88:Infinity":30,"s:91:4:97:Infinity":31,"f:91:14:91:29":5,"s:92:6:92:Infinity":32,"s:93:6:93:Infinity":33,"b:94:6:96:Infinity:undefined:undefined:undefined:undefined":8,"s:94:6:96:Infinity":34,"s:95:8:95:Infinity":35,"s:99:4:102:Infinity":36,"f:99:14:99:32":6,"s:100:6:100:Infinity":37,"s:101:6:101:Infinity":38,"s:104:4:106:Infinity":39,"f:104:14:104:33":7,"s:105:6:105:Infinity":40,"s:108:4:111:Infinity":41,"f:108:14:108:32":8,"s:109:6:109:Infinity":42,"s:110:6:110:Infinity":43,"s:113:4:116:Infinity":44,"f:113:14:113:31":9,"s:114:6:114:Infinity":45,"s:115:6:115:Infinity":46,"s:118:4:121:Infinity":47,"f:118:14:118:33":10,"s:119:6:119:Infinity":48,"s:120:6:120:Infinity":49,"s:123:4:126:Infinity":50,"f:123:14:123:28":11,"s:124:6:124:Infinity":51,"s:125:6:125:Infinity":52,"s:128:4:131:Infinity":53,"f:128:14:128:39":12,"s:129:6:129:Infinity":54,"s:130:6:130:Infinity":55,"s:133:4:133:Infinity":56,"s:136:21:143:Infinity":57,"f:136:21:136:39":13,"b:137:4:142:Infinity:undefined:undefined:undefined:undefined":9,"s:137:4:142:Infinity":58,"s:138:6:138:Infinity":59,"s:139:6:139:Infinity":60,"s:140:6:140:Infinity":61,"s:141:6:141:Infinity":62,"s:145:19:147:Infinity":63,"f:145:19:145:32":14,"s:146:4:146:Infinity":64,"s:149:20:151:Infinity":65,"f:149:20:149:33":15,"s:150:4:150:Infinity":66,"s:153:15:165:Infinity":67,"f:153:15:153:51":16,"s:154:4:164:Infinity":68,"f:154:15:154:24":17,"s:155:6:161:Infinity":69,"f:155:54:155:58":18,"b:156:8:160:Infinity:158:15:160:Infinity":10,"s:156:8:160:Infinity":70,"b:156:12:156:24:156:24:156:56:156:56:156:81:156:81:156:110":11,"s:157:10:157:Infinity":71,"s:159:10:159:Infinity":72,"s:163:6:163:Infinity":73,"f:163:6:163:23":19,"s:163:23:163:58":74,"s:168:2:175:Infinity":75,"f:168:2:168:18":20,"b:169:4:173:Infinity:171:11:173:Infinity":12,"s:169:4:173:Infinity":76,"b:169:8:169:23:169:23:169:31:169:31:169:42":13,"s:170:6:170:Infinity":77,"s:172:6:172:Infinity":78,"s:174:4:174:Infinity":79,"f:174:4:174:17":21,"s:174:17:174:Infinity":80,"s:177:16:189:Infinity":81,"f:177:16:177:Infinity":22,"s:178:11:187:Infinity":82,"s:191:2:191:Infinity":83},"fnNames":{}}}
,"C:\\Users\\zenja\\OneDrive\\Desktop\\RANDOM CODE\\WEB APPLICATION\\POS System\\POS-APP\\app\\shared\\layouts\\MainLayout.tsx": {"path":"C:\\Users\\zenja\\OneDrive\\Desktop\\RANDOM CODE\\WEB APPLICATION\\POS System\\POS-APP\\app\\shared\\layouts\\MainLayout.tsx","statementMap":{"0":{"start":{"line":31,"column":35},"end":{"line":41,"column":null}},"1":{"start":{"line":48,"column":2},"end":{"line":48,"column":null}},"2":{"start":{"line":48,"column":39},"end":{"line":48,"column":null}},"3":{"start":{"line":49,"column":2},"end":{"line":49,"column":null}},"4":{"start":{"line":49,"column":64},"end":{"line":49,"column":null}},"5":{"start":{"line":50,"column":2},"end":{"line":50,"column":null}},"6":{"start":{"line":54,"column":2},"end":{"line":54,"column":null}},"7":{"start":{"line":54,"column":35},"end":{"line":54,"column":66}},"8":{"start":{"line":58,"column":28},"end":{"line":58,"column":36}},"9":{"start":{"line":59,"column":14},"end":{"line":59,"column":26}},"10":{"start":{"line":60,"column":2},"end":{"line":66,"column":null}},"11":{"start":{"line":61,"column":4},"end":{"line":64,"column":null}},"12":{"start":{"line":67,"column":2},"end":{"line":67,"column":null}},"13":{"start":{"line":67,"column":13},"end":{"line":67,"column":null}},"14":{"start":{"line":68,"column":2},"end":{"line":68,"column":null}},"15":{"start":{"line":72,"column":14},"end":{"line":72,"column":26}},"16":{"start":{"line":73,"column":15},"end":{"line":73,"column":null}},"17":{"start":{"line":74,"column":19},"end":{"line":74,"column":null}},"18":{"start":{"line":75,"column":15},"end":{"line":75,"column":null}},"19":{"start":{"line":75,"column":36},"end":{"line":75,"column":52}},"20":{"start":{"line":76,"column":29},"end":{"line":76,"column":37}},"21":{"start":{"line":77,"column":16},"end":{"line":77,"column":null}},"22":{"start":{"line":80,"column":38},"end":{"line":80,"column":null}},"23":{"start":{"line":81,"column":42},"end":{"line":81,"column":null}},"24":{"start":{"line":83,"column":26},"end":{"line":83,"column":null}},"25":{"start":{"line":83,"column":44},"end":{"line":83,"column":66}},"26":{"start":{"line":84,"column":28},"end":{"line":84,"column":null}},"27":{"start":{"line":84,"column":46},"end":{"line":84,"column":70}},"28":{"start":{"line":85,"column":22},"end":{"line":85,"column":null}},"29":{"start":{"line":86,"column":2},"end":{"line":92,"column":null}},"30":{"start":{"line":87,"column":19},"end":{"line":87,"column":null}},"31":{"start":{"line":88,"column":4},"end":{"line":91,"column":null}},"32":{"start":{"line":89,"column":6},"end":{"line":89,"column":null}},"33":{"start":{"line":89,"column":28},"end":{"line":89,"column":50}},"34":{"start":{"line":90,"column":6},"end":{"line":90,"column":null}},"35":{"start":{"line":94,"column":2},"end":{"line":108,"column":null}},"36":{"start":{"line":97,"column":6},"end":{"line":97,"column":null}},"37":{"start":{"line":98,"column":6},"end":{"line":98,"column":null}},"38":{"start":{"line":101,"column":6},"end":{"line":101,"column":null}},"39":{"start":{"line":102,"column":6},"end":{"line":102,"column":null}},"40":{"start":{"line":105,"column":6},"end":{"line":105,"column":null}},"41":{"start":{"line":106,"column":6},"end":{"line":106,"column":null}},"42":{"start":{"line":111,"column":2},"end":{"line":145,"column":null}},"43":{"start":{"line":120,"column":36},"end":{"line":120,"column":51}},"44":{"start":{"line":121,"column":14},"end":{"line":138,"column":null}}},"fnMap":{"0":{"name":"canSeeNav","decl":{"start":{"line":43,"column":16},"end":{"line":43,"column":26}},"loc":{"start":{"line":43,"column":95},"end":{"line":51,"column":null}},"line":43},"1":{"name":"visibleNav","decl":{"start":{"line":53,"column":16},"end":{"line":53,"column":27}},"loc":{"start":{"line":53,"column":83},"end":{"line":55,"column":null}},"line":53},"2":{"name":"(anonymous_2)","decl":{"start":{"line":54,"column":18},"end":{"line":54,"column":26}},"loc":{"start":{"line":54,"column":35},"end":{"line":54,"column":66}},"line":54},"3":{"name":"RequireAuth","decl":{"start":{"line":57,"column":16},"end":{"line":57,"column":28}},"loc":{"start":{"line":57,"column":82},"end":{"line":69,"column":null}},"line":57},"4":{"name":"MainLayout","decl":{"start":{"line":71,"column":24},"end":{"line":71,"column":50}},"loc":{"start":{"line":71,"column":50},"end":{"line":147,"column":null}},"line":71},"5":{"name":"(anonymous_5)","decl":{"start":{"line":75,"column":24},"end":{"line":75,"column":30}},"loc":{"start":{"line":75,"column":36},"end":{"line":75,"column":52}},"line":75},"6":{"name":"(anonymous_6)","decl":{"start":{"line":83,"column":26},"end":{"line":83,"column":44}},"loc":{"start":{"line":83,"column":44},"end":{"line":83,"column":66}},"line":83},"7":{"name":"(anonymous_7)","decl":{"start":{"line":84,"column":28},"end":{"line":84,"column":46}},"loc":{"start":{"line":84,"column":46},"end":{"line":84,"column":70}},"line":84},"8":{"name":"(anonymous_8)","decl":{"start":{"line":86,"column":2},"end":{"line":86,"column":18}},"loc":{"start":{"line":86,"column":18},"end":{"line":92,"column":5}},"line":86},"9":{"name":"(anonymous_9)","decl":{"start":{"line":88,"column":4},"end":{"line":88,"column":17}},"loc":{"start":{"line":88,"column":17},"end":{"line":91,"column":null}},"line":88},"10":{"name":"(anonymous_10)","decl":{"start":{"line":89,"column":13},"end":{"line":89,"column":22}},"loc":{"start":{"line":89,"column":28},"end":{"line":89,"column":50}},"line":89},"11":{"name":"(anonymous_11)","decl":{"start":{"line":96,"column":4},"end":{"line":96,"column":26}},"loc":{"start":{"line":96,"column":26},"end":{"line":99,"column":null}},"line":96},"12":{"name":"(anonymous_12)","decl":{"start":{"line":100,"column":4},"end":{"line":100,"column":22}},"loc":{"start":{"line":100,"column":22},"end":{"line":103,"column":null}},"line":100},"13":{"name":"(anonymous_13)","decl":{"start":{"line":104,"column":4},"end":{"line":104,"column":25}},"loc":{"start":{"line":104,"column":25},"end":{"line":107,"column":null}},"line":104},"14":{"name":"(anonymous_14)","decl":{"start":{"line":120,"column":19},"end":{"line":120,"column":27}},"loc":{"start":{"line":120,"column":36},"end":{"line":120,"column":51}},"line":120},"15":{"name":"(anonymous_15)","decl":{"start":{"line":120,"column":53},"end":{"line":120,"column":58}},"loc":{"start":{"line":121,"column":14},"end":{"line":138,"column":null}},"line":121}},"branchMap":{"0":{"loc":{"start":{"line":43,"column":68},"end":{"line":43,"column":95}},"type":"default-arg","locations":[{"start":{"line":43,"column":79},"end":{"line":43,"column":95}}],"line":43},"1":{"loc":{"start":{"line":48,"column":2},"end":{"line":48,"column":null}},"type":"if","locations":[{"start":{"line":48,"column":2},"end":{"line":48,"column":null}},{"start":{},"end":{}}],"line":48},"2":{"loc":{"start":{"line":49,"column":2},"end":{"line":49,"column":null}},"type":"if","locations":[{"start":{"line":49,"column":2},"end":{"line":49,"column":null}},{"start":{},"end":{}}],"line":49},"3":{"loc":{"start":{"line":49,"column":6},"end":{"line":49,"column":64}},"type":"binary-expr","locations":[{"start":{"line":49,"column":6},"end":{"line":49,"column":18}},{"start":{"line":49,"column":18},"end":{"line":49,"column":36}},{"start":{"line":49,"column":36},"end":{"line":49,"column":64}}],"line":49},"4":{"loc":{"start":{"line":53,"column":54},"end":{"line":53,"column":83}},"type":"default-arg","locations":[{"start":{"line":53,"column":65},"end":{"line":53,"column":83}}],"line":53},"5":{"loc":{"start":{"line":60,"column":2},"end":{"line":66,"column":null}},"type":"if","locations":[{"start":{"line":60,"column":2},"end":{"line":66,"column":null}},{"start":{},"end":{}}],"line":60},"6":{"loc":{"start":{"line":67,"column":2},"end":{"line":67,"column":null}},"type":"if","locations":[{"start":{"line":67,"column":2},"end":{"line":67,"column":null}},{"start":{},"end":{}}],"line":67},"7":{"loc":{"start":{"line":73,"column":19},"end":{"line":73,"column":null}},"type":"binary-expr","locations":[{"start":{"line":73,"column":19},"end":{"line":73,"column":49}},{"start":{"line":73,"column":49},"end":{"line":73,"column":null}}],"line":73},"8":{"loc":{"start":{"line":75,"column":15},"end":{"line":75,"column":null}},"type":"binary-expr","locations":[{"start":{"line":75,"column":15},"end":{"line":75,"column":57}},{"start":{"line":75,"column":57},"end":{"line":75,"column":null}}],"line":75},"9":{"loc":{"start":{"line":95,"column":17},"end":{"line":95,"column":null}},"type":"binary-expr","locations":[{"start":{"line":95,"column":17},"end":{"line":95,"column":30}},{"start":{"line":95,"column":30},"end":{"line":95,"column":null}}],"line":95},"10":{"loc":{"start":{"line":124,"column":30},"end":{"line":124,"column":null}},"type":"cond-expr","locations":[{"start":{"line":124,"column":52},"end":{"line":124,"column":61}},{"start":{"line":124,"column":61},"end":{"line":124,"column":null}}],"line":124},"11":{"loc":{"start":{"line":126,"column":18},"end":{"line":126,"column":null}},"type":"cond-expr","locations":[{"start":{"line":126,"column":40},"end":{"line":126,"column":113}},{"start":{"line":126,"column":113},"end":{"line":126,"column":null}}],"line":126},"12":{"loc":{"start":{"line":130,"column":18},"end":{"line":137,"column":null}},"type":"cond-expr","locations":[{"start":{"line":131,"column":18},"end":{"line":137,"column":null}},{"start":{"line":137,"column":20},"end":{"line":137,"column":null}}],"line":130},"13":{"loc":{"start":{"line":130,"column":18},"end":{"line":130,"column":null}},"type":"binary-expr","locations":[{"start":{"line":130,"column":18},"end":{"line":130,"column":46}},{"start":{"line":130,"column":46},"end":{"line":130,"column":62}},{"start":{"line":130,"column":62},"end":{"line":130,"column":92}},{"start":{"line":130,"column":92},"end":{"line":130,"column":null}}],"line":130},"14":{"loc":{"start":{"line":133,"column":32},"end":{"line":133,"column":null}},"type":"cond-expr","locations":[{"start":{"line":133,"column":59},"end":{"line":133,"column":82}},{"start":{"line":133,"column":82},"end":{"line":133,"column":null}}],"line":133}},"s":{"0":1,"1":41,"2":25,"3":16,"4":4,"5":12,"6":4,"7":36,"8":0,"9":0,"10":0,"11":0,"12":0,"13":0,"14":0,"15":0,"16":0,"17":0,"18":0,"19":0,"20":0,"21":0,"22":0,"23":0,"24":0,"25":0,"26":0,"27":0,"28":0,"29":0,"30":0,"31":0,"32":0,"33":0,"34":0,"35":0,"36":0,"37":0,"38":0,"39":0,"40":0,"41":0,"42":0,"43":0,"44":0},"f":{"0":41,"1":4,"2":36,"3":0,"4":0,"5":0,"6":0,"7":0,"8":0,"9":0,"10":0,"11":0,"12":0,"13":0,"14":0,"15":0},"b":{"0":[41],"1":[25,16],"2":[4,12],"3":[16,10,4],"4":[4],"5":[0,0],"6":[0,0],"7":[0,0],"8":[0,0],"9":[0,0],"10":[0,0],"11":[0,0],"12":[0,0],"13":[0,0,0,0],"14":[0,0]},"meta":{"lastBranch":15,"lastFunction":16,"lastStatement":45,"seen":{"s:31:35:41:Infinity":0,"f:43:16:43:26":0,"b:43:79:43:95":0,"b:48:2:48:Infinity:undefined:undefined:undefined:undefined":1,"s:48:2:48:Infinity":1,"s:48:39:48:Infinity":2,"b:49:2:49:Infinity:undefined:undefined:undefined:undefined":2,"s:49:2:49:Infinity":3,"b:49:6:49:18:49:18:49:36:49:36:49:64":3,"s:49:64:49:Infinity":4,"s:50:2:50:Infinity":5,"f:53:16:53:27":1,"b:53:65:53:83":4,"s:54:2:54:Infinity":6,"f:54:18:54:26":2,"s:54:35:54:66":7,"f:57:16:57:28":3,"s:58:28:58:36":8,"s:59:14:59:26":9,"b:60:2:66:Infinity:undefined:undefined:undefined:undefined":5,"s:60:2:66:Infinity":10,"s:61:4:64:Infinity":11,"b:67:2:67:Infinity:undefined:undefined:undefined:undefined":6,"s:67:2:67:Infinity":12,"s:67:13:67:Infinity":13,"s:68:2:68:Infinity":14,"f:71:24:71:50":4,"s:72:14:72:26":15,"s:73:15:73:Infinity":16,"b:73:19:73:49:73:49:73:Infinity":7,"s:74:19:74:Infinity":17,"s:75:15:75:Infinity":18,"b:75:15:75:57:75:57:75:Infinity":8,"f:75:24:75:30":5,"s:75:36:75:52":19,"s:76:29:76:37":20,"s:77:16:77:Infinity":21,"s:80:38:80:Infinity":22,"s:81:42:81:Infinity":23,"s:83:26:83:Infinity":24,"f:83:26:83:44":6,"s:83:44:83:66":25,"s:84:28:84:Infinity":26,"f:84:28:84:46":7,"s:84:46:84:70":27,"s:85:22:85:Infinity":28,"s:86:2:92:Infinity":29,"f:86:2:86:18":8,"s:87:19:87:Infinity":30,"s:88:4:91:Infinity":31,"f:88:4:88:17":9,"s:89:6:89:Infinity":32,"f:89:13:89:22":10,"s:89:28:89:50":33,"s:90:6:90:Infinity":34,"s:94:2:108:Infinity":35,"b:95:17:95:30:95:30:95:Infinity":9,"f:96:4:96:26":11,"s:97:6:97:Infinity":36,"s:98:6:98:Infinity":37,"f:100:4:100:22":12,"s:101:6:101:Infinity":38,"s:102:6:102:Infinity":39,"f:104:4:104:25":13,"s:105:6:105:Infinity":40,"s:106:6:106:Infinity":41,"s:111:2:145:Infinity":42,"f:120:19:120:27":14,"s:120:36:120:51":43,"f:120:53:120:58":15,"s:121:14:138:Infinity":44,"b:124:52:124:61:124:61:124:Infinity":10,"b:126:40:126:113:126:113:126:Infinity":11,"b:131:18:137:Infinity:137:20:137:Infinity":12,"b:130:18:130:46:130:46:130:62:130:62:130:92:130:92:130:Infinity":13,"b:133:59:133:82:133:82:133:Infinity":14},"fnNames":{}}}
}
